2021-12-09 16:40:49,512 - /home/tongyuang/code/VER_Health_Monitoring/trains/trainer.py[line:89] - INFO: feature_dim:33
2021-12-09 16:40:49,512 - /home/tongyuang/code/VER_Health_Monitoring/trains/trainer.py[line:89] - INFO: channels:[16, 32, 64]
2021-12-09 16:40:49,512 - /home/tongyuang/code/VER_Health_Monitoring/trains/trainer.py[line:89] - INFO: kernel_size:3
2021-12-09 16:40:49,512 - /home/tongyuang/code/VER_Health_Monitoring/trains/trainer.py[line:89] - INFO: pooling_kernel_size:2
2021-12-09 16:40:49,512 - /home/tongyuang/code/VER_Health_Monitoring/trains/trainer.py[line:89] - INFO: output_hidden_dim:256
2021-12-09 16:40:49,512 - /home/tongyuang/code/VER_Health_Monitoring/trains/trainer.py[line:89] - INFO: dropout:0.2
2021-12-09 16:40:49,512 - /home/tongyuang/code/VER_Health_Monitoring/trains/trainer.py[line:89] - INFO: num_classes:3
2021-12-09 16:40:49,512 - /home/tongyuang/code/VER_Health_Monitoring/trains/trainer.py[line:89] - INFO: activation:relu
2021-12-09 16:40:49,512 - /home/tongyuang/code/VER_Health_Monitoring/trains/trainer.py[line:89] - INFO: output_activation:tanh
2021-12-09 16:40:49,512 - /home/tongyuang/code/VER_Health_Monitoring/trains/trainer.py[line:89] - INFO: learning_rate:0.0001
2021-12-09 16:40:49,512 - /home/tongyuang/code/VER_Health_Monitoring/trains/trainer.py[line:89] - INFO: weight_decay:0.0001
2021-12-09 16:40:50,669 - /home/tongyuang/code/VER_Health_Monitoring/trains/trainer.py[line:139] - INFO: TRAINING: epoch:1, best epoch:0,loss: 0.6678
2021-12-09 16:40:50,715 - /home/tongyuang/code/VER_Health_Monitoring/trains/trainer.py[line:148] - INFO: acc_0.3:0.394415 |f1score_0.3:0.432596 |mae:0.665704 |corr:0.029391 |num_samples:9239.000000 |
2021-12-09 16:40:51,024 - /home/tongyuang/code/VER_Health_Monitoring/trains/trainer.py[line:215] - INFO: EVALUATING: loss: 0.5711
2021-12-09 16:40:51,037 - /home/tongyuang/code/VER_Health_Monitoring/trains/trainer.py[line:225] - INFO: acc_0.3:0.4589 |f1score_0.3:0.6157 |mae:0.5695 |corr:0.1324 |num_samples:1848.0000 |
2021-12-09 16:40:51,037 - /home/tongyuang/code/VER_Health_Monitoring/trains/trainer.py[line:154] - INFO: Best epoch:1, min val loss: 0.5711
2021-12-09 16:40:51,039 - /home/tongyuang/code/VER_Health_Monitoring/trains/trainer.py[line:157] - INFO: Best Model are saved at /home/tongyuang/code/VER_Health_Monitoring/results/best_models/2021-12-09-04-40-49-ACN-best.pt
2021-12-09 16:40:52,123 - /home/tongyuang/code/VER_Health_Monitoring/trains/trainer.py[line:139] - INFO: TRAINING: epoch:2, best epoch:1,loss: 0.6512
2021-12-09 16:40:52,179 - /home/tongyuang/code/VER_Health_Monitoring/trains/trainer.py[line:148] - INFO: acc_0.3:0.405347 |f1score_0.3:0.461901 |mae:0.652320 |corr:0.017642 |num_samples:9239.000000 |
2021-12-09 16:40:52,483 - /home/tongyuang/code/VER_Health_Monitoring/trains/trainer.py[line:215] - INFO: EVALUATING: loss: 0.5716
2021-12-09 16:40:52,500 - /home/tongyuang/code/VER_Health_Monitoring/trains/trainer.py[line:225] - INFO: acc_0.3:0.4524 |f1score_0.3:0.6230 |mae:0.5711 |corr:0.1394 |num_samples:1848.0000 |
2021-12-09 16:40:53,390 - /home/tongyuang/code/VER_Health_Monitoring/trains/trainer.py[line:139] - INFO: TRAINING: epoch:3, best epoch:1,loss: 0.6403
2021-12-09 16:40:53,439 - /home/tongyuang/code/VER_Health_Monitoring/trains/trainer.py[line:148] - INFO: acc_0.3:0.409352 |f1score_0.3:0.483703 |mae:0.640777 |corr:0.026740 |num_samples:9239.000000 |
2021-12-09 16:40:53,764 - /home/tongyuang/code/VER_Health_Monitoring/trains/trainer.py[line:215] - INFO: EVALUATING: loss: 0.5624
2021-12-09 16:40:53,775 - /home/tongyuang/code/VER_Health_Monitoring/trains/trainer.py[line:225] - INFO: acc_0.3:0.4524 |f1score_0.3:0.6230 |mae:0.5636 |corr:0.1362 |num_samples:1848.0000 |
2021-12-09 16:40:53,775 - /home/tongyuang/code/VER_Health_Monitoring/trains/trainer.py[line:154] - INFO: Best epoch:3, min val loss: 0.5624
2021-12-09 16:40:53,777 - /home/tongyuang/code/VER_Health_Monitoring/trains/trainer.py[line:157] - INFO: Best Model are saved at /home/tongyuang/code/VER_Health_Monitoring/results/best_models/2021-12-09-04-40-49-ACN-best.pt
2021-12-09 16:40:54,750 - /home/tongyuang/code/VER_Health_Monitoring/trains/trainer.py[line:139] - INFO: TRAINING: epoch:4, best epoch:3,loss: 0.6328
2021-12-09 16:40:54,809 - /home/tongyuang/code/VER_Health_Monitoring/trains/trainer.py[line:148] - INFO: acc_0.3:0.416495 |f1score_0.3:0.506820 |mae:0.631988 |corr:0.020877 |num_samples:9239.000000 |
2021-12-09 16:40:55,125 - /home/tongyuang/code/VER_Health_Monitoring/trains/trainer.py[line:215] - INFO: EVALUATING: loss: 0.5685
2021-12-09 16:40:55,135 - /home/tongyuang/code/VER_Health_Monitoring/trains/trainer.py[line:225] - INFO: acc_0.3:0.4524 |f1score_0.3:0.6230 |mae:0.5650 |corr:0.1411 |num_samples:1848.0000 |
2021-12-09 16:40:56,035 - /home/tongyuang/code/VER_Health_Monitoring/trains/trainer.py[line:139] - INFO: TRAINING: epoch:5, best epoch:3,loss: 0.6251
2021-12-09 16:40:56,084 - /home/tongyuang/code/VER_Health_Monitoring/trains/trainer.py[line:148] - INFO: acc_0.3:0.419418 |f1score_0.3:0.524187 |mae:0.626703 |corr:0.015626 |num_samples:9239.000000 |
2021-12-09 16:40:56,405 - /home/tongyuang/code/VER_Health_Monitoring/trains/trainer.py[line:215] - INFO: EVALUATING: loss: 0.5685
2021-12-09 16:40:56,418 - /home/tongyuang/code/VER_Health_Monitoring/trains/trainer.py[line:225] - INFO: acc_0.3:0.4524 |f1score_0.3:0.6230 |mae:0.5670 |corr:0.1444 |num_samples:1848.0000 |
2021-12-09 16:40:57,395 - /home/tongyuang/code/VER_Health_Monitoring/trains/trainer.py[line:139] - INFO: TRAINING: epoch:6, best epoch:3,loss: 0.6204
2021-12-09 16:40:57,447 - /home/tongyuang/code/VER_Health_Monitoring/trains/trainer.py[line:148] - INFO: acc_0.3:0.426128 |f1score_0.3:0.542696 |mae:0.618917 |corr:0.019452 |num_samples:9239.000000 |
2021-12-09 16:40:57,766 - /home/tongyuang/code/VER_Health_Monitoring/trains/trainer.py[line:215] - INFO: EVALUATING: loss: 0.5657
2021-12-09 16:40:57,782 - /home/tongyuang/code/VER_Health_Monitoring/trains/trainer.py[line:225] - INFO: acc_0.3:0.4524 |f1score_0.3:0.6230 |mae:0.5676 |corr:0.1257 |num_samples:1848.0000 |
2021-12-09 16:40:58,733 - /home/tongyuang/code/VER_Health_Monitoring/trains/trainer.py[line:139] - INFO: TRAINING: epoch:7, best epoch:3,loss: 0.6136
2021-12-09 16:40:58,782 - /home/tongyuang/code/VER_Health_Monitoring/trains/trainer.py[line:148] - INFO: acc_0.3:0.428510 |f1score_0.3:0.552965 |mae:0.614649 |corr:0.023575 |num_samples:9239.000000 |
2021-12-09 16:40:59,127 - /home/tongyuang/code/VER_Health_Monitoring/trains/trainer.py[line:215] - INFO: EVALUATING: loss: 0.5593
2021-12-09 16:40:59,140 - /home/tongyuang/code/VER_Health_Monitoring/trains/trainer.py[line:225] - INFO: acc_0.3:0.4524 |f1score_0.3:0.6230 |mae:0.5571 |corr:0.1283 |num_samples:1848.0000 |
2021-12-09 16:40:59,140 - /home/tongyuang/code/VER_Health_Monitoring/trains/trainer.py[line:154] - INFO: Best epoch:7, min val loss: 0.5593
2021-12-09 16:40:59,142 - /home/tongyuang/code/VER_Health_Monitoring/trains/trainer.py[line:157] - INFO: Best Model are saved at /home/tongyuang/code/VER_Health_Monitoring/results/best_models/2021-12-09-04-40-49-ACN-best.pt
2021-12-09 16:41:00,136 - /home/tongyuang/code/VER_Health_Monitoring/trains/trainer.py[line:139] - INFO: TRAINING: epoch:8, best epoch:7,loss: 0.6074
2021-12-09 16:41:00,192 - /home/tongyuang/code/VER_Health_Monitoring/trains/trainer.py[line:148] - INFO: acc_0.3:0.433488 |f1score_0.3:0.567917 |mae:0.607504 |corr:0.041704 |num_samples:9239.000000 |
2021-12-09 16:41:00,517 - /home/tongyuang/code/VER_Health_Monitoring/trains/trainer.py[line:215] - INFO: EVALUATING: loss: 0.5640
2021-12-09 16:41:00,528 - /home/tongyuang/code/VER_Health_Monitoring/trains/trainer.py[line:225] - INFO: acc_0.3:0.4524 |f1score_0.3:0.6230 |mae:0.5619 |corr:0.1294 |num_samples:1848.0000 |
2021-12-09 16:41:01,449 - /home/tongyuang/code/VER_Health_Monitoring/trains/trainer.py[line:139] - INFO: TRAINING: epoch:9, best epoch:7,loss: 0.6032
2021-12-09 16:41:01,502 - /home/tongyuang/code/VER_Health_Monitoring/trains/trainer.py[line:148] - INFO: acc_0.3:0.435328 |f1score_0.3:0.580045 |mae:0.603950 |corr:0.027852 |num_samples:9239.000000 |
2021-12-09 16:41:01,805 - /home/tongyuang/code/VER_Health_Monitoring/trains/trainer.py[line:215] - INFO: EVALUATING: loss: 0.5603
2021-12-09 16:41:01,823 - /home/tongyuang/code/VER_Health_Monitoring/trains/trainer.py[line:225] - INFO: acc_0.3:0.4524 |f1score_0.3:0.6230 |mae:0.5633 |corr:0.1480 |num_samples:1848.0000 |
2021-12-09 16:41:02,720 - /home/tongyuang/code/VER_Health_Monitoring/trains/trainer.py[line:139] - INFO: TRAINING: epoch:10, best epoch:7,loss: 0.6019
2021-12-09 16:41:02,781 - /home/tongyuang/code/VER_Health_Monitoring/trains/trainer.py[line:148] - INFO: acc_0.3:0.435545 |f1score_0.3:0.585968 |mae:0.601688 |corr:0.030634 |num_samples:9239.000000 |
2021-12-09 16:41:03,161 - /home/tongyuang/code/VER_Health_Monitoring/trains/trainer.py[line:215] - INFO: EVALUATING: loss: 0.5618
2021-12-09 16:41:03,174 - /home/tongyuang/code/VER_Health_Monitoring/trains/trainer.py[line:225] - INFO: acc_0.3:0.4524 |f1score_0.3:0.6230 |mae:0.5647 |corr:0.1425 |num_samples:1848.0000 |
2021-12-09 16:41:04,062 - /home/tongyuang/code/VER_Health_Monitoring/trains/trainer.py[line:139] - INFO: TRAINING: epoch:11, best epoch:7,loss: 0.5990
2021-12-09 16:41:04,117 - /home/tongyuang/code/VER_Health_Monitoring/trains/trainer.py[line:148] - INFO: acc_0.3:0.436952 |f1score_0.3:0.592472 |mae:0.597892 |corr:0.032314 |num_samples:9239.000000 |
2021-12-09 16:41:04,463 - /home/tongyuang/code/VER_Health_Monitoring/trains/trainer.py[line:215] - INFO: EVALUATING: loss: 0.5572
2021-12-09 16:41:04,475 - /home/tongyuang/code/VER_Health_Monitoring/trains/trainer.py[line:225] - INFO: acc_0.3:0.4524 |f1score_0.3:0.6230 |mae:0.5576 |corr:0.1512 |num_samples:1848.0000 |
2021-12-09 16:41:04,476 - /home/tongyuang/code/VER_Health_Monitoring/trains/trainer.py[line:154] - INFO: Best epoch:11, min val loss: 0.5572
2021-12-09 16:41:04,477 - /home/tongyuang/code/VER_Health_Monitoring/trains/trainer.py[line:157] - INFO: Best Model are saved at /home/tongyuang/code/VER_Health_Monitoring/results/best_models/2021-12-09-04-40-49-ACN-best.pt
2021-12-09 16:41:05,536 - /home/tongyuang/code/VER_Health_Monitoring/trains/trainer.py[line:139] - INFO: TRAINING: epoch:12, best epoch:11,loss: 0.5975
2021-12-09 16:41:05,587 - /home/tongyuang/code/VER_Health_Monitoring/trains/trainer.py[line:148] - INFO: acc_0.3:0.437710 |f1score_0.3:0.598890 |mae:0.595646 |corr:0.019958 |num_samples:9239.000000 |
2021-12-09 16:41:05,908 - /home/tongyuang/code/VER_Health_Monitoring/trains/trainer.py[line:215] - INFO: EVALUATING: loss: 0.5543
2021-12-09 16:41:05,919 - /home/tongyuang/code/VER_Health_Monitoring/trains/trainer.py[line:225] - INFO: acc_0.3:0.4524 |f1score_0.3:0.6230 |mae:0.5553 |corr:0.1493 |num_samples:1848.0000 |
2021-12-09 16:41:05,920 - /home/tongyuang/code/VER_Health_Monitoring/trains/trainer.py[line:154] - INFO: Best epoch:12, min val loss: 0.5543
2021-12-09 16:41:05,921 - /home/tongyuang/code/VER_Health_Monitoring/trains/trainer.py[line:157] - INFO: Best Model are saved at /home/tongyuang/code/VER_Health_Monitoring/results/best_models/2021-12-09-04-40-49-ACN-best.pt
2021-12-09 16:41:06,969 - /home/tongyuang/code/VER_Health_Monitoring/trains/trainer.py[line:139] - INFO: TRAINING: epoch:13, best epoch:12,loss: 0.5909
2021-12-09 16:41:07,030 - /home/tongyuang/code/VER_Health_Monitoring/trains/trainer.py[line:148] - INFO: acc_0.3:0.437818 |f1score_0.3:0.601493 |mae:0.590364 |corr:0.044762 |num_samples:9239.000000 |
2021-12-09 16:41:07,347 - /home/tongyuang/code/VER_Health_Monitoring/trains/trainer.py[line:215] - INFO: EVALUATING: loss: 0.5620
2021-12-09 16:41:07,363 - /home/tongyuang/code/VER_Health_Monitoring/trains/trainer.py[line:225] - INFO: acc_0.3:0.4524 |f1score_0.3:0.6230 |mae:0.5629 |corr:0.1548 |num_samples:1848.0000 |
2021-12-09 16:41:08,330 - /home/tongyuang/code/VER_Health_Monitoring/trains/trainer.py[line:139] - INFO: TRAINING: epoch:14, best epoch:12,loss: 0.5879
2021-12-09 16:41:08,385 - /home/tongyuang/code/VER_Health_Monitoring/trains/trainer.py[line:148] - INFO: acc_0.3:0.436411 |f1score_0.3:0.604789 |mae:0.587860 |corr:0.040199 |num_samples:9239.000000 |
2021-12-09 16:41:08,716 - /home/tongyuang/code/VER_Health_Monitoring/trains/trainer.py[line:215] - INFO: EVALUATING: loss: 0.5509
2021-12-09 16:41:08,729 - /home/tongyuang/code/VER_Health_Monitoring/trains/trainer.py[line:225] - INFO: acc_0.3:0.4524 |f1score_0.3:0.6230 |mae:0.5512 |corr:0.1542 |num_samples:1848.0000 |
2021-12-09 16:41:08,730 - /home/tongyuang/code/VER_Health_Monitoring/trains/trainer.py[line:154] - INFO: Best epoch:14, min val loss: 0.5509
2021-12-09 16:41:08,732 - /home/tongyuang/code/VER_Health_Monitoring/trains/trainer.py[line:157] - INFO: Best Model are saved at /home/tongyuang/code/VER_Health_Monitoring/results/best_models/2021-12-09-04-40-49-ACN-best.pt
2021-12-09 16:41:09,730 - /home/tongyuang/code/VER_Health_Monitoring/trains/trainer.py[line:139] - INFO: TRAINING: epoch:15, best epoch:14,loss: 0.5870
2021-12-09 16:41:09,782 - /home/tongyuang/code/VER_Health_Monitoring/trains/trainer.py[line:148] - INFO: acc_0.3:0.437277 |f1score_0.3:0.606583 |mae:0.587306 |corr:0.013533 |num_samples:9239.000000 |
2021-12-09 16:41:10,115 - /home/tongyuang/code/VER_Health_Monitoring/trains/trainer.py[line:215] - INFO: EVALUATING: loss: 0.5575
2021-12-09 16:41:10,135 - /home/tongyuang/code/VER_Health_Monitoring/trains/trainer.py[line:225] - INFO: acc_0.3:0.4524 |f1score_0.3:0.6230 |mae:0.5573 |corr:0.1561 |num_samples:1848.0000 |
2021-12-09 16:41:11,067 - /home/tongyuang/code/VER_Health_Monitoring/trains/trainer.py[line:139] - INFO: TRAINING: epoch:16, best epoch:14,loss: 0.5818
2021-12-09 16:41:11,128 - /home/tongyuang/code/VER_Health_Monitoring/trains/trainer.py[line:148] - INFO: acc_0.3:0.436844 |f1score_0.3:0.607260 |mae:0.582417 |corr:0.052397 |num_samples:9239.000000 |
2021-12-09 16:41:11,469 - /home/tongyuang/code/VER_Health_Monitoring/trains/trainer.py[line:215] - INFO: EVALUATING: loss: 0.5506
2021-12-09 16:41:11,482 - /home/tongyuang/code/VER_Health_Monitoring/trains/trainer.py[line:225] - INFO: acc_0.3:0.4524 |f1score_0.3:0.6230 |mae:0.5504 |corr:0.1526 |num_samples:1848.0000 |
2021-12-09 16:41:11,483 - /home/tongyuang/code/VER_Health_Monitoring/trains/trainer.py[line:154] - INFO: Best epoch:16, min val loss: 0.5506
2021-12-09 16:41:11,484 - /home/tongyuang/code/VER_Health_Monitoring/trains/trainer.py[line:157] - INFO: Best Model are saved at /home/tongyuang/code/VER_Health_Monitoring/results/best_models/2021-12-09-04-40-49-ACN-best.pt
2021-12-09 16:41:12,505 - /home/tongyuang/code/VER_Health_Monitoring/trains/trainer.py[line:139] - INFO: TRAINING: epoch:17, best epoch:16,loss: 0.5827
2021-12-09 16:41:12,584 - /home/tongyuang/code/VER_Health_Monitoring/trains/trainer.py[line:148] - INFO: acc_0.3:0.437385 |f1score_0.3:0.607962 |mae:0.580919 |corr:0.036116 |num_samples:9239.000000 |
2021-12-09 16:41:12,943 - /home/tongyuang/code/VER_Health_Monitoring/trains/trainer.py[line:215] - INFO: EVALUATING: loss: 0.5524
2021-12-09 16:41:12,956 - /home/tongyuang/code/VER_Health_Monitoring/trains/trainer.py[line:225] - INFO: acc_0.3:0.4524 |f1score_0.3:0.6230 |mae:0.5516 |corr:0.1686 |num_samples:1848.0000 |
2021-12-09 16:41:14,101 - /home/tongyuang/code/VER_Health_Monitoring/trains/trainer.py[line:139] - INFO: TRAINING: epoch:18, best epoch:16,loss: 0.5793
2021-12-09 16:41:14,160 - /home/tongyuang/code/VER_Health_Monitoring/trains/trainer.py[line:148] - INFO: acc_0.3:0.436952 |f1score_0.3:0.608040 |mae:0.579643 |corr:0.016224 |num_samples:9239.000000 |
2021-12-09 16:41:14,491 - /home/tongyuang/code/VER_Health_Monitoring/trains/trainer.py[line:215] - INFO: EVALUATING: loss: 0.5519
2021-12-09 16:41:14,502 - /home/tongyuang/code/VER_Health_Monitoring/trains/trainer.py[line:225] - INFO: acc_0.3:0.4524 |f1score_0.3:0.6230 |mae:0.5498 |corr:0.1519 |num_samples:1848.0000 |
2021-12-09 16:41:15,519 - /home/tongyuang/code/VER_Health_Monitoring/trains/trainer.py[line:139] - INFO: TRAINING: epoch:19, best epoch:16,loss: 0.5783
2021-12-09 16:41:15,595 - /home/tongyuang/code/VER_Health_Monitoring/trains/trainer.py[line:148] - INFO: acc_0.3:0.436844 |f1score_0.3:0.608060 |mae:0.577373 |corr:0.033085 |num_samples:9239.000000 |
2021-12-09 16:41:15,931 - /home/tongyuang/code/VER_Health_Monitoring/trains/trainer.py[line:215] - INFO: EVALUATING: loss: 0.5500
2021-12-09 16:41:15,947 - /home/tongyuang/code/VER_Health_Monitoring/trains/trainer.py[line:225] - INFO: acc_0.3:0.4524 |f1score_0.3:0.6230 |mae:0.5491 |corr:0.1605 |num_samples:1848.0000 |
2021-12-09 16:41:15,948 - /home/tongyuang/code/VER_Health_Monitoring/trains/trainer.py[line:154] - INFO: Best epoch:19, min val loss: 0.5500
2021-12-09 16:41:15,952 - /home/tongyuang/code/VER_Health_Monitoring/trains/trainer.py[line:157] - INFO: Best Model are saved at /home/tongyuang/code/VER_Health_Monitoring/results/best_models/2021-12-09-04-40-49-ACN-best.pt
2021-12-09 16:41:17,090 - /home/tongyuang/code/VER_Health_Monitoring/trains/trainer.py[line:139] - INFO: TRAINING: epoch:20, best epoch:19,loss: 0.5777
2021-12-09 16:41:17,151 - /home/tongyuang/code/VER_Health_Monitoring/trains/trainer.py[line:148] - INFO: acc_0.3:0.436844 |f1score_0.3:0.608060 |mae:0.575254 |corr:0.041020 |num_samples:9239.000000 |
2021-12-09 16:41:17,510 - /home/tongyuang/code/VER_Health_Monitoring/trains/trainer.py[line:215] - INFO: EVALUATING: loss: 0.5516
2021-12-09 16:41:17,525 - /home/tongyuang/code/VER_Health_Monitoring/trains/trainer.py[line:225] - INFO: acc_0.3:0.4524 |f1score_0.3:0.6230 |mae:0.5520 |corr:0.1552 |num_samples:1848.0000 |
2021-12-09 16:41:18,546 - /home/tongyuang/code/VER_Health_Monitoring/trains/trainer.py[line:139] - INFO: TRAINING: epoch:21, best epoch:19,loss: 0.5767
2021-12-09 16:41:18,595 - /home/tongyuang/code/VER_Health_Monitoring/trains/trainer.py[line:148] - INFO: acc_0.3:0.436844 |f1score_0.3:0.608060 |mae:0.574246 |corr:0.040306 |num_samples:9239.000000 |
2021-12-09 16:41:18,935 - /home/tongyuang/code/VER_Health_Monitoring/trains/trainer.py[line:215] - INFO: EVALUATING: loss: 0.5507
2021-12-09 16:41:18,948 - /home/tongyuang/code/VER_Health_Monitoring/trains/trainer.py[line:225] - INFO: acc_0.3:0.4524 |f1score_0.3:0.6230 |mae:0.5511 |corr:0.1249 |num_samples:1848.0000 |
2021-12-09 16:41:19,891 - /home/tongyuang/code/VER_Health_Monitoring/trains/trainer.py[line:139] - INFO: TRAINING: epoch:22, best epoch:19,loss: 0.5728
2021-12-09 16:41:19,951 - /home/tongyuang/code/VER_Health_Monitoring/trains/trainer.py[line:148] - INFO: acc_0.3:0.436844 |f1score_0.3:0.608060 |mae:0.572676 |corr:0.042949 |num_samples:9239.000000 |
2021-12-09 16:41:20,240 - /home/tongyuang/code/VER_Health_Monitoring/trains/trainer.py[line:215] - INFO: EVALUATING: loss: 0.5503
2021-12-09 16:41:20,257 - /home/tongyuang/code/VER_Health_Monitoring/trains/trainer.py[line:225] - INFO: acc_0.3:0.4524 |f1score_0.3:0.6230 |mae:0.5494 |corr:0.1402 |num_samples:1848.0000 |
2021-12-09 16:41:21,182 - /home/tongyuang/code/VER_Health_Monitoring/trains/trainer.py[line:139] - INFO: TRAINING: epoch:23, best epoch:19,loss: 0.5721
2021-12-09 16:41:21,241 - /home/tongyuang/code/VER_Health_Monitoring/trains/trainer.py[line:148] - INFO: acc_0.3:0.436844 |f1score_0.3:0.608060 |mae:0.571633 |corr:0.023449 |num_samples:9239.000000 |
2021-12-09 16:41:21,539 - /home/tongyuang/code/VER_Health_Monitoring/trains/trainer.py[line:215] - INFO: EVALUATING: loss: 0.5497
2021-12-09 16:41:21,549 - /home/tongyuang/code/VER_Health_Monitoring/trains/trainer.py[line:225] - INFO: acc_0.3:0.4524 |f1score_0.3:0.6230 |mae:0.5501 |corr:0.1352 |num_samples:1848.0000 |
2021-12-09 16:41:21,550 - /home/tongyuang/code/VER_Health_Monitoring/trains/trainer.py[line:154] - INFO: Best epoch:23, min val loss: 0.5497
2021-12-09 16:41:21,552 - /home/tongyuang/code/VER_Health_Monitoring/trains/trainer.py[line:157] - INFO: Best Model are saved at /home/tongyuang/code/VER_Health_Monitoring/results/best_models/2021-12-09-04-40-49-ACN-best.pt
2021-12-09 16:41:22,560 - /home/tongyuang/code/VER_Health_Monitoring/trains/trainer.py[line:139] - INFO: TRAINING: epoch:24, best epoch:23,loss: 0.5704
2021-12-09 16:41:22,612 - /home/tongyuang/code/VER_Health_Monitoring/trains/trainer.py[line:148] - INFO: acc_0.3:0.436844 |f1score_0.3:0.608060 |mae:0.570484 |corr:0.041263 |num_samples:9239.000000 |
2021-12-09 16:41:22,941 - /home/tongyuang/code/VER_Health_Monitoring/trains/trainer.py[line:215] - INFO: EVALUATING: loss: 0.5513
2021-12-09 16:41:22,954 - /home/tongyuang/code/VER_Health_Monitoring/trains/trainer.py[line:225] - INFO: acc_0.3:0.4524 |f1score_0.3:0.6230 |mae:0.5504 |corr:0.1322 |num_samples:1848.0000 |
2021-12-09 16:41:23,891 - /home/tongyuang/code/VER_Health_Monitoring/trains/trainer.py[line:139] - INFO: TRAINING: epoch:25, best epoch:23,loss: 0.5695
2021-12-09 16:41:23,955 - /home/tongyuang/code/VER_Health_Monitoring/trains/trainer.py[line:148] - INFO: acc_0.3:0.436844 |f1score_0.3:0.608060 |mae:0.569506 |corr:0.055454 |num_samples:9239.000000 |
2021-12-09 16:41:24,267 - /home/tongyuang/code/VER_Health_Monitoring/trains/trainer.py[line:215] - INFO: EVALUATING: loss: 0.5510
2021-12-09 16:41:24,278 - /home/tongyuang/code/VER_Health_Monitoring/trains/trainer.py[line:225] - INFO: acc_0.3:0.4524 |f1score_0.3:0.6230 |mae:0.5488 |corr:0.1253 |num_samples:1848.0000 |
2021-12-09 16:41:25,195 - /home/tongyuang/code/VER_Health_Monitoring/trains/trainer.py[line:139] - INFO: TRAINING: epoch:26, best epoch:23,loss: 0.5701
2021-12-09 16:41:25,271 - /home/tongyuang/code/VER_Health_Monitoring/trains/trainer.py[line:148] - INFO: acc_0.3:0.436844 |f1score_0.3:0.608060 |mae:0.568624 |corr:0.043476 |num_samples:9239.000000 |
2021-12-09 16:41:25,586 - /home/tongyuang/code/VER_Health_Monitoring/trains/trainer.py[line:215] - INFO: EVALUATING: loss: 0.5479
2021-12-09 16:41:25,600 - /home/tongyuang/code/VER_Health_Monitoring/trains/trainer.py[line:225] - INFO: acc_0.3:0.4524 |f1score_0.3:0.6230 |mae:0.5483 |corr:0.1154 |num_samples:1848.0000 |
2021-12-09 16:41:25,600 - /home/tongyuang/code/VER_Health_Monitoring/trains/trainer.py[line:154] - INFO: Best epoch:26, min val loss: 0.5479
2021-12-09 16:41:25,602 - /home/tongyuang/code/VER_Health_Monitoring/trains/trainer.py[line:157] - INFO: Best Model are saved at /home/tongyuang/code/VER_Health_Monitoring/results/best_models/2021-12-09-04-40-49-ACN-best.pt
2021-12-09 16:41:26,632 - /home/tongyuang/code/VER_Health_Monitoring/trains/trainer.py[line:139] - INFO: TRAINING: epoch:27, best epoch:26,loss: 0.5691
2021-12-09 16:41:26,690 - /home/tongyuang/code/VER_Health_Monitoring/trains/trainer.py[line:148] - INFO: acc_0.3:0.436844 |f1score_0.3:0.608060 |mae:0.568082 |corr:0.024727 |num_samples:9239.000000 |
2021-12-09 16:41:27,029 - /home/tongyuang/code/VER_Health_Monitoring/trains/trainer.py[line:215] - INFO: EVALUATING: loss: 0.5516
2021-12-09 16:41:27,040 - /home/tongyuang/code/VER_Health_Monitoring/trains/trainer.py[line:225] - INFO: acc_0.3:0.4524 |f1score_0.3:0.6230 |mae:0.5494 |corr:0.0276 |num_samples:1848.0000 |
2021-12-09 16:41:27,940 - /home/tongyuang/code/VER_Health_Monitoring/trains/trainer.py[line:139] - INFO: TRAINING: epoch:28, best epoch:26,loss: 0.5665
2021-12-09 16:41:28,000 - /home/tongyuang/code/VER_Health_Monitoring/trains/trainer.py[line:148] - INFO: acc_0.3:0.436844 |f1score_0.3:0.608060 |mae:0.567420 |corr:0.035923 |num_samples:9239.000000 |
2021-12-09 16:41:28,313 - /home/tongyuang/code/VER_Health_Monitoring/trains/trainer.py[line:215] - INFO: EVALUATING: loss: 0.5476
2021-12-09 16:41:28,324 - /home/tongyuang/code/VER_Health_Monitoring/trains/trainer.py[line:225] - INFO: acc_0.3:0.4524 |f1score_0.3:0.6230 |mae:0.5487 |corr:0.1296 |num_samples:1848.0000 |
2021-12-09 16:41:28,324 - /home/tongyuang/code/VER_Health_Monitoring/trains/trainer.py[line:154] - INFO: Best epoch:28, min val loss: 0.5476
2021-12-09 16:41:28,326 - /home/tongyuang/code/VER_Health_Monitoring/trains/trainer.py[line:157] - INFO: Best Model are saved at /home/tongyuang/code/VER_Health_Monitoring/results/best_models/2021-12-09-04-40-49-ACN-best.pt
2021-12-09 16:41:29,291 - /home/tongyuang/code/VER_Health_Monitoring/trains/trainer.py[line:139] - INFO: TRAINING: epoch:29, best epoch:28,loss: 0.5693
2021-12-09 16:41:29,358 - /home/tongyuang/code/VER_Health_Monitoring/trains/trainer.py[line:148] - INFO: acc_0.3:0.436844 |f1score_0.3:0.608060 |mae:0.566944 |corr:0.031616 |num_samples:9239.000000 |
2021-12-09 16:41:29,686 - /home/tongyuang/code/VER_Health_Monitoring/trains/trainer.py[line:215] - INFO: EVALUATING: loss: 0.5472
2021-12-09 16:41:29,714 - /home/tongyuang/code/VER_Health_Monitoring/trains/trainer.py[line:225] - INFO: acc_0.3:0.4524 |f1score_0.3:0.6230 |mae:0.5483 |corr:0.0212 |num_samples:1848.0000 |
2021-12-09 16:41:29,714 - /home/tongyuang/code/VER_Health_Monitoring/trains/trainer.py[line:154] - INFO: Best epoch:29, min val loss: 0.5472
2021-12-09 16:41:29,717 - /home/tongyuang/code/VER_Health_Monitoring/trains/trainer.py[line:157] - INFO: Best Model are saved at /home/tongyuang/code/VER_Health_Monitoring/results/best_models/2021-12-09-04-40-49-ACN-best.pt
2021-12-09 16:41:30,704 - /home/tongyuang/code/VER_Health_Monitoring/trains/trainer.py[line:139] - INFO: TRAINING: epoch:30, best epoch:29,loss: 0.5650
2021-12-09 16:41:30,771 - /home/tongyuang/code/VER_Health_Monitoring/trains/trainer.py[line:148] - INFO: acc_0.3:0.436844 |f1score_0.3:0.608060 |mae:0.566409 |corr:0.028363 |num_samples:9239.000000 |
2021-12-09 16:41:31,087 - /home/tongyuang/code/VER_Health_Monitoring/trains/trainer.py[line:215] - INFO: EVALUATING: loss: 0.5437
2021-12-09 16:41:31,098 - /home/tongyuang/code/VER_Health_Monitoring/trains/trainer.py[line:225] - INFO: acc_0.3:0.4524 |f1score_0.3:0.6230 |mae:0.5482 |corr:0.0080 |num_samples:1848.0000 |
2021-12-09 16:41:31,098 - /home/tongyuang/code/VER_Health_Monitoring/trains/trainer.py[line:154] - INFO: Best epoch:30, min val loss: 0.5437
2021-12-09 16:41:31,100 - /home/tongyuang/code/VER_Health_Monitoring/trains/trainer.py[line:157] - INFO: Best Model are saved at /home/tongyuang/code/VER_Health_Monitoring/results/best_models/2021-12-09-04-40-49-ACN-best.pt
2021-12-09 16:41:32,159 - /home/tongyuang/code/VER_Health_Monitoring/trains/trainer.py[line:139] - INFO: TRAINING: epoch:31, best epoch:30,loss: 0.5659
2021-12-09 16:41:32,211 - /home/tongyuang/code/VER_Health_Monitoring/trains/trainer.py[line:148] - INFO: acc_0.3:0.436844 |f1score_0.3:0.608060 |mae:0.565878 |corr:0.030015 |num_samples:9239.000000 |
2021-12-09 16:41:32,559 - /home/tongyuang/code/VER_Health_Monitoring/trains/trainer.py[line:215] - INFO: EVALUATING: loss: 0.5520
2021-12-09 16:41:32,570 - /home/tongyuang/code/VER_Health_Monitoring/trains/trainer.py[line:225] - INFO: acc_0.3:0.4524 |f1score_0.3:0.6230 |mae:0.5505 |corr:0.1088 |num_samples:1848.0000 |
2021-12-09 16:41:33,489 - /home/tongyuang/code/VER_Health_Monitoring/trains/trainer.py[line:139] - INFO: TRAINING: epoch:32, best epoch:30,loss: 0.5648
2021-12-09 16:41:33,541 - /home/tongyuang/code/VER_Health_Monitoring/trains/trainer.py[line:148] - INFO: acc_0.3:0.436844 |f1score_0.3:0.608060 |mae:0.565733 |corr:0.035771 |num_samples:9239.000000 |
2021-12-09 16:41:33,875 - /home/tongyuang/code/VER_Health_Monitoring/trains/trainer.py[line:215] - INFO: EVALUATING: loss: 0.5465
2021-12-09 16:41:33,887 - /home/tongyuang/code/VER_Health_Monitoring/trains/trainer.py[line:225] - INFO: acc_0.3:0.4524 |f1score_0.3:0.6230 |mae:0.5489 |corr:0.1038 |num_samples:1848.0000 |
2021-12-09 16:41:34,808 - /home/tongyuang/code/VER_Health_Monitoring/trains/trainer.py[line:139] - INFO: TRAINING: epoch:33, best epoch:30,loss: 0.5640
2021-12-09 16:41:34,863 - /home/tongyuang/code/VER_Health_Monitoring/trains/trainer.py[line:148] - INFO: acc_0.3:0.436844 |f1score_0.3:0.608060 |mae:0.565424 |corr:0.028470 |num_samples:9239.000000 |
2021-12-09 16:41:35,262 - /home/tongyuang/code/VER_Health_Monitoring/trains/trainer.py[line:215] - INFO: EVALUATING: loss: 0.5482
2021-12-09 16:41:35,272 - /home/tongyuang/code/VER_Health_Monitoring/trains/trainer.py[line:225] - INFO: acc_0.3:0.4524 |f1score_0.3:0.6230 |mae:0.5487 |corr:0.0498 |num_samples:1848.0000 |
2021-12-09 16:41:36,205 - /home/tongyuang/code/VER_Health_Monitoring/trains/trainer.py[line:139] - INFO: TRAINING: epoch:34, best epoch:30,loss: 0.5665
2021-12-09 16:41:36,266 - /home/tongyuang/code/VER_Health_Monitoring/trains/trainer.py[line:148] - INFO: acc_0.3:0.436844 |f1score_0.3:0.608060 |mae:0.565464 |corr:0.037238 |num_samples:9239.000000 |
2021-12-09 16:41:36,626 - /home/tongyuang/code/VER_Health_Monitoring/trains/trainer.py[line:215] - INFO: EVALUATING: loss: 0.5502
2021-12-09 16:41:36,639 - /home/tongyuang/code/VER_Health_Monitoring/trains/trainer.py[line:225] - INFO: acc_0.3:0.4524 |f1score_0.3:0.6230 |mae:0.5486 |corr:0.1008 |num_samples:1848.0000 |
2021-12-09 16:41:37,580 - /home/tongyuang/code/VER_Health_Monitoring/trains/trainer.py[line:139] - INFO: TRAINING: epoch:35, best epoch:30,loss: 0.5628
2021-12-09 16:41:37,632 - /home/tongyuang/code/VER_Health_Monitoring/trains/trainer.py[line:148] - INFO: acc_0.3:0.436844 |f1score_0.3:0.608060 |mae:0.565117 |corr:0.027552 |num_samples:9239.000000 |
2021-12-09 16:41:38,006 - /home/tongyuang/code/VER_Health_Monitoring/trains/trainer.py[line:215] - INFO: EVALUATING: loss: 0.5460
2021-12-09 16:41:38,018 - /home/tongyuang/code/VER_Health_Monitoring/trains/trainer.py[line:225] - INFO: acc_0.3:0.4524 |f1score_0.3:0.6230 |mae:0.5484 |corr:-0.0519 |num_samples:1848.0000 |
2021-12-09 16:41:38,993 - /home/tongyuang/code/VER_Health_Monitoring/trains/trainer.py[line:139] - INFO: TRAINING: epoch:36, best epoch:30,loss: 0.5660
2021-12-09 16:41:39,053 - /home/tongyuang/code/VER_Health_Monitoring/trains/trainer.py[line:148] - INFO: acc_0.3:0.436844 |f1score_0.3:0.608060 |mae:0.565016 |corr:0.040341 |num_samples:9239.000000 |
2021-12-09 16:41:39,376 - /home/tongyuang/code/VER_Health_Monitoring/trains/trainer.py[line:215] - INFO: EVALUATING: loss: 0.5476
2021-12-09 16:41:39,387 - /home/tongyuang/code/VER_Health_Monitoring/trains/trainer.py[line:225] - INFO: acc_0.3:0.4524 |f1score_0.3:0.6230 |mae:0.5494 |corr:0.0944 |num_samples:1848.0000 |
2021-12-09 16:41:40,345 - /home/tongyuang/code/VER_Health_Monitoring/trains/trainer.py[line:139] - INFO: TRAINING: epoch:37, best epoch:30,loss: 0.5649
2021-12-09 16:41:40,395 - /home/tongyuang/code/VER_Health_Monitoring/trains/trainer.py[line:148] - INFO: acc_0.3:0.436844 |f1score_0.3:0.608060 |mae:0.564891 |corr:0.043339 |num_samples:9239.000000 |
2021-12-09 16:41:40,745 - /home/tongyuang/code/VER_Health_Monitoring/trains/trainer.py[line:215] - INFO: EVALUATING: loss: 0.5508
2021-12-09 16:41:40,756 - /home/tongyuang/code/VER_Health_Monitoring/trains/trainer.py[line:225] - INFO: acc_0.3:0.4524 |f1score_0.3:0.6230 |mae:0.5479 |corr:0.0346 |num_samples:1848.0000 |
2021-12-09 16:41:41,652 - /home/tongyuang/code/VER_Health_Monitoring/trains/trainer.py[line:139] - INFO: TRAINING: epoch:38, best epoch:30,loss: 0.5623
2021-12-09 16:41:41,720 - /home/tongyuang/code/VER_Health_Monitoring/trains/trainer.py[line:148] - INFO: acc_0.3:0.436844 |f1score_0.3:0.608060 |mae:0.564698 |corr:0.055669 |num_samples:9239.000000 |
2021-12-09 16:41:42,029 - /home/tongyuang/code/VER_Health_Monitoring/trains/trainer.py[line:215] - INFO: EVALUATING: loss: 0.5525
2021-12-09 16:41:42,041 - /home/tongyuang/code/VER_Health_Monitoring/trains/trainer.py[line:225] - INFO: acc_0.3:0.4524 |f1score_0.3:0.6230 |mae:0.5483 |corr:-0.0157 |num_samples:1848.0000 |
2021-12-09 16:41:42,966 - /home/tongyuang/code/VER_Health_Monitoring/trains/trainer.py[line:139] - INFO: TRAINING: epoch:39, best epoch:30,loss: 0.5650
2021-12-09 16:41:43,016 - /home/tongyuang/code/VER_Health_Monitoring/trains/trainer.py[line:148] - INFO: acc_0.3:0.436844 |f1score_0.3:0.608060 |mae:0.564959 |corr:0.046393 |num_samples:9239.000000 |
2021-12-09 16:41:43,312 - /home/tongyuang/code/VER_Health_Monitoring/trains/trainer.py[line:215] - INFO: EVALUATING: loss: 0.5496
2021-12-09 16:41:43,322 - /home/tongyuang/code/VER_Health_Monitoring/trains/trainer.py[line:225] - INFO: acc_0.3:0.4524 |f1score_0.3:0.6230 |mae:0.5500 |corr:0.0982 |num_samples:1848.0000 |
2021-12-09 16:41:44,258 - /home/tongyuang/code/VER_Health_Monitoring/trains/trainer.py[line:139] - INFO: TRAINING: epoch:40, best epoch:30,loss: 0.5642
2021-12-09 16:41:44,316 - /home/tongyuang/code/VER_Health_Monitoring/trains/trainer.py[line:148] - INFO: acc_0.3:0.436844 |f1score_0.3:0.608060 |mae:0.564702 |corr:0.044960 |num_samples:9239.000000 |
2021-12-09 16:41:44,628 - /home/tongyuang/code/VER_Health_Monitoring/trains/trainer.py[line:215] - INFO: EVALUATING: loss: 0.5488
2021-12-09 16:41:44,639 - /home/tongyuang/code/VER_Health_Monitoring/trains/trainer.py[line:225] - INFO: acc_0.3:0.4524 |f1score_0.3:0.6230 |mae:0.5493 |corr:0.0944 |num_samples:1848.0000 |
2021-12-09 16:41:45,556 - /home/tongyuang/code/VER_Health_Monitoring/trains/trainer.py[line:139] - INFO: TRAINING: epoch:41, best epoch:30,loss: 0.5641
2021-12-09 16:41:45,620 - /home/tongyuang/code/VER_Health_Monitoring/trains/trainer.py[line:148] - INFO: acc_0.3:0.436844 |f1score_0.3:0.608060 |mae:0.564533 |corr:0.048161 |num_samples:9239.000000 |
2021-12-09 16:41:45,953 - /home/tongyuang/code/VER_Health_Monitoring/trains/trainer.py[line:215] - INFO: EVALUATING: loss: 0.5502
2021-12-09 16:41:45,964 - /home/tongyuang/code/VER_Health_Monitoring/trains/trainer.py[line:225] - INFO: acc_0.3:0.4524 |f1score_0.3:0.6230 |mae:0.5486 |corr:-0.0683 |num_samples:1848.0000 |
2021-12-09 16:41:46,874 - /home/tongyuang/code/VER_Health_Monitoring/trains/trainer.py[line:139] - INFO: TRAINING: epoch:42, best epoch:30,loss: 0.5639
2021-12-09 16:41:46,930 - /home/tongyuang/code/VER_Health_Monitoring/trains/trainer.py[line:148] - INFO: acc_0.3:0.436844 |f1score_0.3:0.608060 |mae:0.564350 |corr:0.059458 |num_samples:9239.000000 |
2021-12-09 16:41:47,245 - /home/tongyuang/code/VER_Health_Monitoring/trains/trainer.py[line:215] - INFO: EVALUATING: loss: 0.5514
2021-12-09 16:41:47,256 - /home/tongyuang/code/VER_Health_Monitoring/trains/trainer.py[line:225] - INFO: acc_0.3:0.4524 |f1score_0.3:0.6230 |mae:0.5485 |corr:0.0827 |num_samples:1848.0000 |
2021-12-09 16:41:48,172 - /home/tongyuang/code/VER_Health_Monitoring/trains/trainer.py[line:139] - INFO: TRAINING: epoch:43, best epoch:30,loss: 0.5625
2021-12-09 16:41:48,223 - /home/tongyuang/code/VER_Health_Monitoring/trains/trainer.py[line:148] - INFO: acc_0.3:0.436844 |f1score_0.3:0.608060 |mae:0.564373 |corr:0.032840 |num_samples:9239.000000 |
2021-12-09 16:41:48,545 - /home/tongyuang/code/VER_Health_Monitoring/trains/trainer.py[line:215] - INFO: EVALUATING: loss: 0.5535
2021-12-09 16:41:48,555 - /home/tongyuang/code/VER_Health_Monitoring/trains/trainer.py[line:225] - INFO: acc_0.3:0.4524 |f1score_0.3:0.6230 |mae:0.5479 |corr:0.0266 |num_samples:1848.0000 |
2021-12-09 16:41:49,467 - /home/tongyuang/code/VER_Health_Monitoring/trains/trainer.py[line:139] - INFO: TRAINING: epoch:44, best epoch:30,loss: 0.5640
2021-12-09 16:41:49,519 - /home/tongyuang/code/VER_Health_Monitoring/trains/trainer.py[line:148] - INFO: acc_0.3:0.436844 |f1score_0.3:0.608060 |mae:0.564474 |corr:0.036605 |num_samples:9239.000000 |
2021-12-09 16:41:49,819 - /home/tongyuang/code/VER_Health_Monitoring/trains/trainer.py[line:215] - INFO: EVALUATING: loss: 0.5522
2021-12-09 16:41:49,830 - /home/tongyuang/code/VER_Health_Monitoring/trains/trainer.py[line:225] - INFO: acc_0.3:0.4524 |f1score_0.3:0.6230 |mae:0.5480 |corr:-0.0067 |num_samples:1848.0000 |
2021-12-09 16:41:50,755 - /home/tongyuang/code/VER_Health_Monitoring/trains/trainer.py[line:139] - INFO: TRAINING: epoch:45, best epoch:30,loss: 0.5652
2021-12-09 16:41:50,816 - /home/tongyuang/code/VER_Health_Monitoring/trains/trainer.py[line:148] - INFO: acc_0.3:0.436844 |f1score_0.3:0.608060 |mae:0.564225 |corr:0.050523 |num_samples:9239.000000 |
2021-12-09 16:41:51,153 - /home/tongyuang/code/VER_Health_Monitoring/trains/trainer.py[line:215] - INFO: EVALUATING: loss: 0.5489
2021-12-09 16:41:51,164 - /home/tongyuang/code/VER_Health_Monitoring/trains/trainer.py[line:225] - INFO: acc_0.3:0.4524 |f1score_0.3:0.6230 |mae:0.5493 |corr:0.1048 |num_samples:1848.0000 |
2021-12-09 16:41:52,110 - /home/tongyuang/code/VER_Health_Monitoring/trains/trainer.py[line:139] - INFO: TRAINING: epoch:46, best epoch:30,loss: 0.5652
2021-12-09 16:41:52,161 - /home/tongyuang/code/VER_Health_Monitoring/trains/trainer.py[line:148] - INFO: acc_0.3:0.436844 |f1score_0.3:0.608060 |mae:0.564234 |corr:0.050329 |num_samples:9239.000000 |
2021-12-09 16:41:52,494 - /home/tongyuang/code/VER_Health_Monitoring/trains/trainer.py[line:215] - INFO: EVALUATING: loss: 0.5446
2021-12-09 16:41:52,506 - /home/tongyuang/code/VER_Health_Monitoring/trains/trainer.py[line:225] - INFO: acc_0.3:0.4524 |f1score_0.3:0.6230 |mae:0.5484 |corr:0.0949 |num_samples:1848.0000 |
2021-12-09 16:41:52,506 - /home/tongyuang/code/VER_Health_Monitoring/trains/trainer.py[line:171] - INFO: early stop triggered!
2021-12-09 16:41:52,506 - /home/tongyuang/code/VER_Health_Monitoring/trains/trainer.py[line:172] - INFO: Best Model are saved at /home/tongyuang/code/VER_Health_Monitoring/results/best_models/2021-12-09-04-40-49-ACN-best.pt
