2021-12-15 10:33:48,614 - /home/tongyuang/code/VER_Health_Monitoring/trains/trainer.py[line:89] - INFO: feature_dim:33
2021-12-15 10:33:48,614 - /home/tongyuang/code/VER_Health_Monitoring/trains/trainer.py[line:89] - INFO: channels:[16, 32, 64]
2021-12-15 10:33:48,614 - /home/tongyuang/code/VER_Health_Monitoring/trains/trainer.py[line:89] - INFO: kernel_size:3
2021-12-15 10:33:48,614 - /home/tongyuang/code/VER_Health_Monitoring/trains/trainer.py[line:89] - INFO: pooling_kernel_size:2
2021-12-15 10:33:48,614 - /home/tongyuang/code/VER_Health_Monitoring/trains/trainer.py[line:89] - INFO: output_hidden_dim:256
2021-12-15 10:33:48,614 - /home/tongyuang/code/VER_Health_Monitoring/trains/trainer.py[line:89] - INFO: dropout:0.2
2021-12-15 10:33:48,614 - /home/tongyuang/code/VER_Health_Monitoring/trains/trainer.py[line:89] - INFO: num_classes:3
2021-12-15 10:33:48,614 - /home/tongyuang/code/VER_Health_Monitoring/trains/trainer.py[line:89] - INFO: activation:tanh
2021-12-15 10:33:48,614 - /home/tongyuang/code/VER_Health_Monitoring/trains/trainer.py[line:89] - INFO: output_activation:tanh
2021-12-15 10:33:48,614 - /home/tongyuang/code/VER_Health_Monitoring/trains/trainer.py[line:89] - INFO: learning_rate:0.0001
2021-12-15 10:33:48,614 - /home/tongyuang/code/VER_Health_Monitoring/trains/trainer.py[line:89] - INFO: weight_decay:0.0001
2021-12-15 10:33:49,859 - /home/tongyuang/code/VER_Health_Monitoring/trains/trainer.py[line:139] - INFO: TRAINING: epoch:1, best epoch:0,loss: 0.7608
2021-12-15 10:33:49,924 - /home/tongyuang/code/VER_Health_Monitoring/trains/trainer.py[line:148] - INFO: acc_0.1:0.5313 |f1score_0.1:0.6581 |mae:0.7591 |corr:-0.0035 |num_samples:9239.0000 |real_neg:5077.0000 |pred_neg:8721.0000 |real_neu:1574.0000 |pred_neu:268.0000 |real_pos:2588.0000 |pred_pos:250.0000 |
2021-12-15 10:33:50,320 - /home/tongyuang/code/VER_Health_Monitoring/trains/trainer.py[line:215] - INFO: EVALUATING: loss: 0.7495
2021-12-15 10:33:50,333 - /home/tongyuang/code/VER_Health_Monitoring/trains/trainer.py[line:225] - INFO: acc_0.1:0.5373 |f1score_0.1:0.6990 |mae:0.7482 |corr:0.0458 |num_samples:1848.0000 |real_neg:993.0000 |pred_neg:1848.0000 |real_neu:330.0000 |pred_neu:0.0000 |real_pos:525.0000 |pred_pos:0.0000 |
2021-12-15 10:33:50,334 - /home/tongyuang/code/VER_Health_Monitoring/trains/trainer.py[line:154] - INFO: Best epoch:1, min val loss: 0.7495
2021-12-15 10:33:50,337 - /home/tongyuang/code/VER_Health_Monitoring/trains/trainer.py[line:157] - INFO: Best Model are saved at /home/tongyuang/code/VER_Health_Monitoring/results/best_models/2021-12-15-10-33-48-ACN-best.pt
2021-12-15 10:33:51,596 - /home/tongyuang/code/VER_Health_Monitoring/trains/trainer.py[line:139] - INFO: TRAINING: epoch:2, best epoch:1,loss: 0.7341
2021-12-15 10:33:51,639 - /home/tongyuang/code/VER_Health_Monitoring/trains/trainer.py[line:148] - INFO: acc_0.1:0.5494 |f1score_0.1:0.7091 |mae:0.7346 |corr:0.0055 |num_samples:9239.0000 |real_neg:5077.0000 |pred_neg:9238.0000 |real_neu:1574.0000 |pred_neu:1.0000 |real_pos:2588.0000 |pred_pos:0.0000 |
2021-12-15 10:33:52,092 - /home/tongyuang/code/VER_Health_Monitoring/trains/trainer.py[line:215] - INFO: EVALUATING: loss: 0.7406
2021-12-15 10:33:52,099 - /home/tongyuang/code/VER_Health_Monitoring/trains/trainer.py[line:225] - INFO: acc_0.1:0.5373 |f1score_0.1:0.6990 |mae:0.7472 |corr:0.0523 |num_samples:1848.0000 |real_neg:993.0000 |pred_neg:1848.0000 |real_neu:330.0000 |pred_neu:0.0000 |real_pos:525.0000 |pred_pos:0.0000 |
2021-12-15 10:33:52,099 - /home/tongyuang/code/VER_Health_Monitoring/trains/trainer.py[line:154] - INFO: Best epoch:2, min val loss: 0.7406
2021-12-15 10:33:52,101 - /home/tongyuang/code/VER_Health_Monitoring/trains/trainer.py[line:157] - INFO: Best Model are saved at /home/tongyuang/code/VER_Health_Monitoring/results/best_models/2021-12-15-10-33-48-ACN-best.pt
2021-12-15 10:33:53,281 - /home/tongyuang/code/VER_Health_Monitoring/trains/trainer.py[line:139] - INFO: TRAINING: epoch:3, best epoch:2,loss: 0.7316
2021-12-15 10:33:53,329 - /home/tongyuang/code/VER_Health_Monitoring/trains/trainer.py[line:148] - INFO: acc_0.1:0.5495 |f1score_0.1:0.7093 |mae:0.7325 |corr:0.0163 |num_samples:9239.0000 |real_neg:5077.0000 |pred_neg:9239.0000 |real_neu:1574.0000 |pred_neu:0.0000 |real_pos:2588.0000 |pred_pos:0.0000 |
2021-12-15 10:33:53,711 - /home/tongyuang/code/VER_Health_Monitoring/trains/trainer.py[line:215] - INFO: EVALUATING: loss: 0.7491
2021-12-15 10:33:53,724 - /home/tongyuang/code/VER_Health_Monitoring/trains/trainer.py[line:225] - INFO: acc_0.1:0.5373 |f1score_0.1:0.6990 |mae:0.7470 |corr:0.0581 |num_samples:1848.0000 |real_neg:993.0000 |pred_neg:1848.0000 |real_neu:330.0000 |pred_neu:0.0000 |real_pos:525.0000 |pred_pos:0.0000 |
2021-12-15 10:33:54,691 - /home/tongyuang/code/VER_Health_Monitoring/trains/trainer.py[line:139] - INFO: TRAINING: epoch:4, best epoch:2,loss: 0.7360
2021-12-15 10:33:54,724 - /home/tongyuang/code/VER_Health_Monitoring/trains/trainer.py[line:148] - INFO: acc_0.1:0.5495 |f1score_0.1:0.7093 |mae:0.7320 |corr:-0.0018 |num_samples:9239.0000 |real_neg:5077.0000 |pred_neg:9239.0000 |real_neu:1574.0000 |pred_neu:0.0000 |real_pos:2588.0000 |pred_pos:0.0000 |
2021-12-15 10:33:55,081 - /home/tongyuang/code/VER_Health_Monitoring/trains/trainer.py[line:215] - INFO: EVALUATING: loss: 0.7450
2021-12-15 10:33:55,094 - /home/tongyuang/code/VER_Health_Monitoring/trains/trainer.py[line:225] - INFO: acc_0.1:0.5373 |f1score_0.1:0.6990 |mae:0.7469 |corr:0.0578 |num_samples:1848.0000 |real_neg:993.0000 |pred_neg:1848.0000 |real_neu:330.0000 |pred_neu:0.0000 |real_pos:525.0000 |pred_pos:0.0000 |
2021-12-15 10:33:56,104 - /home/tongyuang/code/VER_Health_Monitoring/trains/trainer.py[line:139] - INFO: TRAINING: epoch:5, best epoch:2,loss: 0.7287
2021-12-15 10:33:56,134 - /home/tongyuang/code/VER_Health_Monitoring/trains/trainer.py[line:148] - INFO: acc_0.1:0.5495 |f1score_0.1:0.7093 |mae:0.7316 |corr:0.0048 |num_samples:9239.0000 |real_neg:5077.0000 |pred_neg:9239.0000 |real_neu:1574.0000 |pred_neu:0.0000 |real_pos:2588.0000 |pred_pos:0.0000 |
2021-12-15 10:33:56,505 - /home/tongyuang/code/VER_Health_Monitoring/trains/trainer.py[line:215] - INFO: EVALUATING: loss: 0.7470
2021-12-15 10:33:56,512 - /home/tongyuang/code/VER_Health_Monitoring/trains/trainer.py[line:225] - INFO: acc_0.1:0.5373 |f1score_0.1:0.6990 |mae:0.7468 |corr:0.0552 |num_samples:1848.0000 |real_neg:993.0000 |pred_neg:1848.0000 |real_neu:330.0000 |pred_neu:0.0000 |real_pos:525.0000 |pred_pos:0.0000 |
2021-12-15 10:33:57,456 - /home/tongyuang/code/VER_Health_Monitoring/trains/trainer.py[line:139] - INFO: TRAINING: epoch:6, best epoch:2,loss: 0.7327
2021-12-15 10:33:57,519 - /home/tongyuang/code/VER_Health_Monitoring/trains/trainer.py[line:148] - INFO: acc_0.1:0.5495 |f1score_0.1:0.7093 |mae:0.7312 |corr:0.0241 |num_samples:9239.0000 |real_neg:5077.0000 |pred_neg:9239.0000 |real_neu:1574.0000 |pred_neu:0.0000 |real_pos:2588.0000 |pred_pos:0.0000 |
2021-12-15 10:33:57,847 - /home/tongyuang/code/VER_Health_Monitoring/trains/trainer.py[line:215] - INFO: EVALUATING: loss: 0.7523
2021-12-15 10:33:57,859 - /home/tongyuang/code/VER_Health_Monitoring/trains/trainer.py[line:225] - INFO: acc_0.1:0.5373 |f1score_0.1:0.6990 |mae:0.7468 |corr:0.0525 |num_samples:1848.0000 |real_neg:993.0000 |pred_neg:1848.0000 |real_neu:330.0000 |pred_neu:0.0000 |real_pos:525.0000 |pred_pos:0.0000 |
2021-12-15 10:33:58,790 - /home/tongyuang/code/VER_Health_Monitoring/trains/trainer.py[line:139] - INFO: TRAINING: epoch:7, best epoch:2,loss: 0.7297
2021-12-15 10:33:58,820 - /home/tongyuang/code/VER_Health_Monitoring/trains/trainer.py[line:148] - INFO: acc_0.1:0.5495 |f1score_0.1:0.7093 |mae:0.7311 |corr:0.0183 |num_samples:9239.0000 |real_neg:5077.0000 |pred_neg:9239.0000 |real_neu:1574.0000 |pred_neu:0.0000 |real_pos:2588.0000 |pred_pos:0.0000 |
2021-12-15 10:33:59,233 - /home/tongyuang/code/VER_Health_Monitoring/trains/trainer.py[line:215] - INFO: EVALUATING: loss: 0.7502
2021-12-15 10:33:59,239 - /home/tongyuang/code/VER_Health_Monitoring/trains/trainer.py[line:225] - INFO: acc_0.1:0.5373 |f1score_0.1:0.6990 |mae:0.7468 |corr:0.0535 |num_samples:1848.0000 |real_neg:993.0000 |pred_neg:1848.0000 |real_neu:330.0000 |pred_neu:0.0000 |real_pos:525.0000 |pred_pos:0.0000 |
2021-12-15 10:34:00,319 - /home/tongyuang/code/VER_Health_Monitoring/trains/trainer.py[line:139] - INFO: TRAINING: epoch:8, best epoch:2,loss: 0.7301
2021-12-15 10:34:00,360 - /home/tongyuang/code/VER_Health_Monitoring/trains/trainer.py[line:148] - INFO: acc_0.1:0.5495 |f1score_0.1:0.7093 |mae:0.7310 |corr:0.0215 |num_samples:9239.0000 |real_neg:5077.0000 |pred_neg:9239.0000 |real_neu:1574.0000 |pred_neu:0.0000 |real_pos:2588.0000 |pred_pos:0.0000 |
2021-12-15 10:34:00,806 - /home/tongyuang/code/VER_Health_Monitoring/trains/trainer.py[line:215] - INFO: EVALUATING: loss: 0.7496
2021-12-15 10:34:00,812 - /home/tongyuang/code/VER_Health_Monitoring/trains/trainer.py[line:225] - INFO: acc_0.1:0.5373 |f1score_0.1:0.6990 |mae:0.7468 |corr:0.0549 |num_samples:1848.0000 |real_neg:993.0000 |pred_neg:1848.0000 |real_neu:330.0000 |pred_neu:0.0000 |real_pos:525.0000 |pred_pos:0.0000 |
2021-12-15 10:34:01,907 - /home/tongyuang/code/VER_Health_Monitoring/trains/trainer.py[line:139] - INFO: TRAINING: epoch:9, best epoch:2,loss: 0.7301
2021-12-15 10:34:01,945 - /home/tongyuang/code/VER_Health_Monitoring/trains/trainer.py[line:148] - INFO: acc_0.1:0.5495 |f1score_0.1:0.7093 |mae:0.7310 |corr:0.0157 |num_samples:9239.0000 |real_neg:5077.0000 |pred_neg:9239.0000 |real_neu:1574.0000 |pred_neu:0.0000 |real_pos:2588.0000 |pred_pos:0.0000 |
2021-12-15 10:34:02,305 - /home/tongyuang/code/VER_Health_Monitoring/trains/trainer.py[line:215] - INFO: EVALUATING: loss: 0.7496
2021-12-15 10:34:02,318 - /home/tongyuang/code/VER_Health_Monitoring/trains/trainer.py[line:225] - INFO: acc_0.1:0.5373 |f1score_0.1:0.6990 |mae:0.7468 |corr:0.0553 |num_samples:1848.0000 |real_neg:993.0000 |pred_neg:1848.0000 |real_neu:330.0000 |pred_neu:0.0000 |real_pos:525.0000 |pred_pos:0.0000 |
2021-12-15 10:34:03,367 - /home/tongyuang/code/VER_Health_Monitoring/trains/trainer.py[line:139] - INFO: TRAINING: epoch:10, best epoch:2,loss: 0.7286
2021-12-15 10:34:03,416 - /home/tongyuang/code/VER_Health_Monitoring/trains/trainer.py[line:148] - INFO: acc_0.1:0.5495 |f1score_0.1:0.7093 |mae:0.7309 |corr:0.0148 |num_samples:9239.0000 |real_neg:5077.0000 |pred_neg:9239.0000 |real_neu:1574.0000 |pred_neu:0.0000 |real_pos:2588.0000 |pred_pos:0.0000 |
2021-12-15 10:34:03,826 - /home/tongyuang/code/VER_Health_Monitoring/trains/trainer.py[line:215] - INFO: EVALUATING: loss: 0.7422
2021-12-15 10:34:03,839 - /home/tongyuang/code/VER_Health_Monitoring/trains/trainer.py[line:225] - INFO: acc_0.1:0.5373 |f1score_0.1:0.6990 |mae:0.7468 |corr:0.0559 |num_samples:1848.0000 |real_neg:993.0000 |pred_neg:1848.0000 |real_neu:330.0000 |pred_neu:0.0000 |real_pos:525.0000 |pred_pos:0.0000 |
2021-12-15 10:34:04,869 - /home/tongyuang/code/VER_Health_Monitoring/trains/trainer.py[line:139] - INFO: TRAINING: epoch:11, best epoch:2,loss: 0.7290
2021-12-15 10:34:04,929 - /home/tongyuang/code/VER_Health_Monitoring/trains/trainer.py[line:148] - INFO: acc_0.1:0.5495 |f1score_0.1:0.7093 |mae:0.7308 |corr:0.0203 |num_samples:9239.0000 |real_neg:5077.0000 |pred_neg:9239.0000 |real_neu:1574.0000 |pred_neu:0.0000 |real_pos:2588.0000 |pred_pos:0.0000 |
2021-12-15 10:34:05,323 - /home/tongyuang/code/VER_Health_Monitoring/trains/trainer.py[line:215] - INFO: EVALUATING: loss: 0.7422
2021-12-15 10:34:05,336 - /home/tongyuang/code/VER_Health_Monitoring/trains/trainer.py[line:225] - INFO: acc_0.1:0.5373 |f1score_0.1:0.6990 |mae:0.7468 |corr:0.0551 |num_samples:1848.0000 |real_neg:993.0000 |pred_neg:1848.0000 |real_neu:330.0000 |pred_neu:0.0000 |real_pos:525.0000 |pred_pos:0.0000 |
2021-12-15 10:34:06,358 - /home/tongyuang/code/VER_Health_Monitoring/trains/trainer.py[line:139] - INFO: TRAINING: epoch:12, best epoch:2,loss: 0.7280
2021-12-15 10:34:06,419 - /home/tongyuang/code/VER_Health_Monitoring/trains/trainer.py[line:148] - INFO: acc_0.1:0.5495 |f1score_0.1:0.7093 |mae:0.7308 |corr:0.0281 |num_samples:9239.0000 |real_neg:5077.0000 |pred_neg:9239.0000 |real_neu:1574.0000 |pred_neu:0.0000 |real_pos:2588.0000 |pred_pos:0.0000 |
2021-12-15 10:34:06,783 - /home/tongyuang/code/VER_Health_Monitoring/trains/trainer.py[line:215] - INFO: EVALUATING: loss: 0.7502
2021-12-15 10:34:06,797 - /home/tongyuang/code/VER_Health_Monitoring/trains/trainer.py[line:225] - INFO: acc_0.1:0.5373 |f1score_0.1:0.6990 |mae:0.7468 |corr:0.0544 |num_samples:1848.0000 |real_neg:993.0000 |pred_neg:1848.0000 |real_neu:330.0000 |pred_neu:0.0000 |real_pos:525.0000 |pred_pos:0.0000 |
2021-12-15 10:34:07,738 - /home/tongyuang/code/VER_Health_Monitoring/trains/trainer.py[line:139] - INFO: TRAINING: epoch:13, best epoch:2,loss: 0.7328
2021-12-15 10:34:07,811 - /home/tongyuang/code/VER_Health_Monitoring/trains/trainer.py[line:148] - INFO: acc_0.1:0.5495 |f1score_0.1:0.7093 |mae:0.7307 |corr:0.0278 |num_samples:9239.0000 |real_neg:5077.0000 |pred_neg:9239.0000 |real_neu:1574.0000 |pred_neu:0.0000 |real_pos:2588.0000 |pred_pos:0.0000 |
2021-12-15 10:34:08,227 - /home/tongyuang/code/VER_Health_Monitoring/trains/trainer.py[line:215] - INFO: EVALUATING: loss: 0.7496
2021-12-15 10:34:08,234 - /home/tongyuang/code/VER_Health_Monitoring/trains/trainer.py[line:225] - INFO: acc_0.1:0.5373 |f1score_0.1:0.6990 |mae:0.7468 |corr:0.0541 |num_samples:1848.0000 |real_neg:993.0000 |pred_neg:1848.0000 |real_neu:330.0000 |pred_neu:0.0000 |real_pos:525.0000 |pred_pos:0.0000 |
2021-12-15 10:34:09,213 - /home/tongyuang/code/VER_Health_Monitoring/trains/trainer.py[line:139] - INFO: TRAINING: epoch:14, best epoch:2,loss: 0.7313
2021-12-15 10:34:09,274 - /home/tongyuang/code/VER_Health_Monitoring/trains/trainer.py[line:148] - INFO: acc_0.1:0.5495 |f1score_0.1:0.7093 |mae:0.7307 |corr:0.0327 |num_samples:9239.0000 |real_neg:5077.0000 |pred_neg:9239.0000 |real_neu:1574.0000 |pred_neu:0.0000 |real_pos:2588.0000 |pred_pos:0.0000 |
2021-12-15 10:34:09,603 - /home/tongyuang/code/VER_Health_Monitoring/trains/trainer.py[line:215] - INFO: EVALUATING: loss: 0.7496
2021-12-15 10:34:09,610 - /home/tongyuang/code/VER_Health_Monitoring/trains/trainer.py[line:225] - INFO: acc_0.1:0.5373 |f1score_0.1:0.6990 |mae:0.7468 |corr:0.0543 |num_samples:1848.0000 |real_neg:993.0000 |pred_neg:1848.0000 |real_neu:330.0000 |pred_neu:0.0000 |real_pos:525.0000 |pred_pos:0.0000 |
2021-12-15 10:34:10,737 - /home/tongyuang/code/VER_Health_Monitoring/trains/trainer.py[line:139] - INFO: TRAINING: epoch:15, best epoch:2,loss: 0.7289
2021-12-15 10:34:10,776 - /home/tongyuang/code/VER_Health_Monitoring/trains/trainer.py[line:148] - INFO: acc_0.1:0.5495 |f1score_0.1:0.7093 |mae:0.7308 |corr:0.0157 |num_samples:9239.0000 |real_neg:5077.0000 |pred_neg:9239.0000 |real_neu:1574.0000 |pred_neu:0.0000 |real_pos:2588.0000 |pred_pos:0.0000 |
2021-12-15 10:34:11,164 - /home/tongyuang/code/VER_Health_Monitoring/trains/trainer.py[line:215] - INFO: EVALUATING: loss: 0.7502
2021-12-15 10:34:11,171 - /home/tongyuang/code/VER_Health_Monitoring/trains/trainer.py[line:225] - INFO: acc_0.1:0.5373 |f1score_0.1:0.6990 |mae:0.7468 |corr:0.0534 |num_samples:1848.0000 |real_neg:993.0000 |pred_neg:1848.0000 |real_neu:330.0000 |pred_neu:0.0000 |real_pos:525.0000 |pred_pos:0.0000 |
2021-12-15 10:34:12,125 - /home/tongyuang/code/VER_Health_Monitoring/trains/trainer.py[line:139] - INFO: TRAINING: epoch:16, best epoch:2,loss: 0.7323
2021-12-15 10:34:12,156 - /home/tongyuang/code/VER_Health_Monitoring/trains/trainer.py[line:148] - INFO: acc_0.1:0.5495 |f1score_0.1:0.7093 |mae:0.7307 |corr:0.0314 |num_samples:9239.0000 |real_neg:5077.0000 |pred_neg:9239.0000 |real_neu:1574.0000 |pred_neu:0.0000 |real_pos:2588.0000 |pred_pos:0.0000 |
2021-12-15 10:34:12,592 - /home/tongyuang/code/VER_Health_Monitoring/trains/trainer.py[line:215] - INFO: EVALUATING: loss: 0.7402
2021-12-15 10:34:12,606 - /home/tongyuang/code/VER_Health_Monitoring/trains/trainer.py[line:225] - INFO: acc_0.1:0.5373 |f1score_0.1:0.6990 |mae:0.7468 |corr:0.0535 |num_samples:1848.0000 |real_neg:993.0000 |pred_neg:1848.0000 |real_neu:330.0000 |pred_neu:0.0000 |real_pos:525.0000 |pred_pos:0.0000 |
2021-12-15 10:34:12,606 - /home/tongyuang/code/VER_Health_Monitoring/trains/trainer.py[line:154] - INFO: Best epoch:16, min val loss: 0.7402
2021-12-15 10:34:12,609 - /home/tongyuang/code/VER_Health_Monitoring/trains/trainer.py[line:157] - INFO: Best Model are saved at /home/tongyuang/code/VER_Health_Monitoring/results/best_models/2021-12-15-10-33-48-ACN-best.pt
2021-12-15 10:34:13,772 - /home/tongyuang/code/VER_Health_Monitoring/trains/trainer.py[line:139] - INFO: TRAINING: epoch:17, best epoch:16,loss: 0.7337
2021-12-15 10:34:13,821 - /home/tongyuang/code/VER_Health_Monitoring/trains/trainer.py[line:148] - INFO: acc_0.1:0.5495 |f1score_0.1:0.7093 |mae:0.7307 |corr:0.0327 |num_samples:9239.0000 |real_neg:5077.0000 |pred_neg:9239.0000 |real_neu:1574.0000 |pred_neu:0.0000 |real_pos:2588.0000 |pred_pos:0.0000 |
2021-12-15 10:34:14,174 - /home/tongyuang/code/VER_Health_Monitoring/trains/trainer.py[line:215] - INFO: EVALUATING: loss: 0.7502
2021-12-15 10:34:14,188 - /home/tongyuang/code/VER_Health_Monitoring/trains/trainer.py[line:225] - INFO: acc_0.1:0.5373 |f1score_0.1:0.6990 |mae:0.7468 |corr:0.0532 |num_samples:1848.0000 |real_neg:993.0000 |pred_neg:1848.0000 |real_neu:330.0000 |pred_neu:0.0000 |real_pos:525.0000 |pred_pos:0.0000 |
2021-12-15 10:34:15,207 - /home/tongyuang/code/VER_Health_Monitoring/trains/trainer.py[line:139] - INFO: TRAINING: epoch:18, best epoch:16,loss: 0.7313
2021-12-15 10:34:15,258 - /home/tongyuang/code/VER_Health_Monitoring/trains/trainer.py[line:148] - INFO: acc_0.1:0.5495 |f1score_0.1:0.7093 |mae:0.7307 |corr:0.0148 |num_samples:9239.0000 |real_neg:5077.0000 |pred_neg:9239.0000 |real_neu:1574.0000 |pred_neu:0.0000 |real_pos:2588.0000 |pred_pos:0.0000 |
2021-12-15 10:34:15,664 - /home/tongyuang/code/VER_Health_Monitoring/trains/trainer.py[line:215] - INFO: EVALUATING: loss: 0.7435
2021-12-15 10:34:15,670 - /home/tongyuang/code/VER_Health_Monitoring/trains/trainer.py[line:225] - INFO: acc_0.1:0.5373 |f1score_0.1:0.6990 |mae:0.7468 |corr:0.0541 |num_samples:1848.0000 |real_neg:993.0000 |pred_neg:1848.0000 |real_neu:330.0000 |pred_neu:0.0000 |real_pos:525.0000 |pred_pos:0.0000 |
2021-12-15 10:34:16,694 - /home/tongyuang/code/VER_Health_Monitoring/trains/trainer.py[line:139] - INFO: TRAINING: epoch:19, best epoch:16,loss: 0.7293
2021-12-15 10:34:16,738 - /home/tongyuang/code/VER_Health_Monitoring/trains/trainer.py[line:148] - INFO: acc_0.1:0.5495 |f1score_0.1:0.7093 |mae:0.7307 |corr:0.0292 |num_samples:9239.0000 |real_neg:5077.0000 |pred_neg:9239.0000 |real_neu:1574.0000 |pred_neu:0.0000 |real_pos:2588.0000 |pred_pos:0.0000 |
2021-12-15 10:34:17,111 - /home/tongyuang/code/VER_Health_Monitoring/trains/trainer.py[line:215] - INFO: EVALUATING: loss: 0.7415
2021-12-15 10:34:17,118 - /home/tongyuang/code/VER_Health_Monitoring/trains/trainer.py[line:225] - INFO: acc_0.1:0.5373 |f1score_0.1:0.6990 |mae:0.7468 |corr:0.0517 |num_samples:1848.0000 |real_neg:993.0000 |pred_neg:1848.0000 |real_neu:330.0000 |pred_neu:0.0000 |real_pos:525.0000 |pred_pos:0.0000 |
2021-12-15 10:34:18,123 - /home/tongyuang/code/VER_Health_Monitoring/trains/trainer.py[line:139] - INFO: TRAINING: epoch:20, best epoch:16,loss: 0.7294
2021-12-15 10:34:18,154 - /home/tongyuang/code/VER_Health_Monitoring/trains/trainer.py[line:148] - INFO: acc_0.1:0.5495 |f1score_0.1:0.7093 |mae:0.7307 |corr:0.0010 |num_samples:9239.0000 |real_neg:5077.0000 |pred_neg:9239.0000 |real_neu:1574.0000 |pred_neu:0.0000 |real_pos:2588.0000 |pred_pos:0.0000 |
2021-12-15 10:34:18,461 - /home/tongyuang/code/VER_Health_Monitoring/trains/trainer.py[line:215] - INFO: EVALUATING: loss: 0.7435
2021-12-15 10:34:18,469 - /home/tongyuang/code/VER_Health_Monitoring/trains/trainer.py[line:225] - INFO: acc_0.1:0.5373 |f1score_0.1:0.6990 |mae:0.7468 |corr:0.0523 |num_samples:1848.0000 |real_neg:993.0000 |pred_neg:1848.0000 |real_neu:330.0000 |pred_neu:0.0000 |real_pos:525.0000 |pred_pos:0.0000 |
2021-12-15 10:34:19,543 - /home/tongyuang/code/VER_Health_Monitoring/trains/trainer.py[line:139] - INFO: TRAINING: epoch:21, best epoch:16,loss: 0.7303
2021-12-15 10:34:19,597 - /home/tongyuang/code/VER_Health_Monitoring/trains/trainer.py[line:148] - INFO: acc_0.1:0.5495 |f1score_0.1:0.7093 |mae:0.7307 |corr:0.0141 |num_samples:9239.0000 |real_neg:5077.0000 |pred_neg:9239.0000 |real_neu:1574.0000 |pred_neu:0.0000 |real_pos:2588.0000 |pred_pos:0.0000 |
2021-12-15 10:34:19,973 - /home/tongyuang/code/VER_Health_Monitoring/trains/trainer.py[line:215] - INFO: EVALUATING: loss: 0.7429
2021-12-15 10:34:19,981 - /home/tongyuang/code/VER_Health_Monitoring/trains/trainer.py[line:225] - INFO: acc_0.1:0.5373 |f1score_0.1:0.6990 |mae:0.7468 |corr:0.0502 |num_samples:1848.0000 |real_neg:993.0000 |pred_neg:1848.0000 |real_neu:330.0000 |pred_neu:0.0000 |real_pos:525.0000 |pred_pos:0.0000 |
2021-12-15 10:34:21,011 - /home/tongyuang/code/VER_Health_Monitoring/trains/trainer.py[line:139] - INFO: TRAINING: epoch:22, best epoch:16,loss: 0.7313
2021-12-15 10:34:21,068 - /home/tongyuang/code/VER_Health_Monitoring/trains/trainer.py[line:148] - INFO: acc_0.1:0.5495 |f1score_0.1:0.7093 |mae:0.7307 |corr:0.0211 |num_samples:9239.0000 |real_neg:5077.0000 |pred_neg:9239.0000 |real_neu:1574.0000 |pred_neu:0.0000 |real_pos:2588.0000 |pred_pos:0.0000 |
2021-12-15 10:34:21,470 - /home/tongyuang/code/VER_Health_Monitoring/trains/trainer.py[line:215] - INFO: EVALUATING: loss: 0.7429
2021-12-15 10:34:21,483 - /home/tongyuang/code/VER_Health_Monitoring/trains/trainer.py[line:225] - INFO: acc_0.1:0.5373 |f1score_0.1:0.6990 |mae:0.7468 |corr:0.0507 |num_samples:1848.0000 |real_neg:993.0000 |pred_neg:1848.0000 |real_neu:330.0000 |pred_neu:0.0000 |real_pos:525.0000 |pred_pos:0.0000 |
2021-12-15 10:34:22,593 - /home/tongyuang/code/VER_Health_Monitoring/trains/trainer.py[line:139] - INFO: TRAINING: epoch:23, best epoch:16,loss: 0.7269
2021-12-15 10:34:22,641 - /home/tongyuang/code/VER_Health_Monitoring/trains/trainer.py[line:148] - INFO: acc_0.1:0.5495 |f1score_0.1:0.7093 |mae:0.7307 |corr:0.0144 |num_samples:9239.0000 |real_neg:5077.0000 |pred_neg:9239.0000 |real_neu:1574.0000 |pred_neu:0.0000 |real_pos:2588.0000 |pred_pos:0.0000 |
2021-12-15 10:34:23,029 - /home/tongyuang/code/VER_Health_Monitoring/trains/trainer.py[line:215] - INFO: EVALUATING: loss: 0.7415
2021-12-15 10:34:23,041 - /home/tongyuang/code/VER_Health_Monitoring/trains/trainer.py[line:225] - INFO: acc_0.1:0.5373 |f1score_0.1:0.6990 |mae:0.7468 |corr:0.0514 |num_samples:1848.0000 |real_neg:993.0000 |pred_neg:1848.0000 |real_neu:330.0000 |pred_neu:0.0000 |real_pos:525.0000 |pred_pos:0.0000 |
2021-12-15 10:34:24,147 - /home/tongyuang/code/VER_Health_Monitoring/trains/trainer.py[line:139] - INFO: TRAINING: epoch:24, best epoch:16,loss: 0.7318
2021-12-15 10:34:24,217 - /home/tongyuang/code/VER_Health_Monitoring/trains/trainer.py[line:148] - INFO: acc_0.1:0.5495 |f1score_0.1:0.7093 |mae:0.7307 |corr:0.0108 |num_samples:9239.0000 |real_neg:5077.0000 |pred_neg:9239.0000 |real_neu:1574.0000 |pred_neu:0.0000 |real_pos:2588.0000 |pred_pos:0.0000 |
2021-12-15 10:34:24,540 - /home/tongyuang/code/VER_Health_Monitoring/trains/trainer.py[line:215] - INFO: EVALUATING: loss: 0.7476
2021-12-15 10:34:24,547 - /home/tongyuang/code/VER_Health_Monitoring/trains/trainer.py[line:225] - INFO: acc_0.1:0.5373 |f1score_0.1:0.6990 |mae:0.7468 |corr:0.0500 |num_samples:1848.0000 |real_neg:993.0000 |pred_neg:1848.0000 |real_neu:330.0000 |pred_neu:0.0000 |real_pos:525.0000 |pred_pos:0.0000 |
2021-12-15 10:34:25,522 - /home/tongyuang/code/VER_Health_Monitoring/trains/trainer.py[line:139] - INFO: TRAINING: epoch:25, best epoch:16,loss: 0.7288
2021-12-15 10:34:25,577 - /home/tongyuang/code/VER_Health_Monitoring/trains/trainer.py[line:148] - INFO: acc_0.1:0.5495 |f1score_0.1:0.7093 |mae:0.7306 |corr:0.0388 |num_samples:9239.0000 |real_neg:5077.0000 |pred_neg:9239.0000 |real_neu:1574.0000 |pred_neu:0.0000 |real_pos:2588.0000 |pred_pos:0.0000 |
2021-12-15 10:34:25,956 - /home/tongyuang/code/VER_Health_Monitoring/trains/trainer.py[line:215] - INFO: EVALUATING: loss: 0.7482
2021-12-15 10:34:25,963 - /home/tongyuang/code/VER_Health_Monitoring/trains/trainer.py[line:225] - INFO: acc_0.1:0.5373 |f1score_0.1:0.6990 |mae:0.7468 |corr:0.0504 |num_samples:1848.0000 |real_neg:993.0000 |pred_neg:1848.0000 |real_neu:330.0000 |pred_neu:0.0000 |real_pos:525.0000 |pred_pos:0.0000 |
2021-12-15 10:34:27,030 - /home/tongyuang/code/VER_Health_Monitoring/trains/trainer.py[line:139] - INFO: TRAINING: epoch:26, best epoch:16,loss: 0.7341
2021-12-15 10:34:27,063 - /home/tongyuang/code/VER_Health_Monitoring/trains/trainer.py[line:148] - INFO: acc_0.1:0.5495 |f1score_0.1:0.7093 |mae:0.7306 |corr:0.0301 |num_samples:9239.0000 |real_neg:5077.0000 |pred_neg:9239.0000 |real_neu:1574.0000 |pred_neu:0.0000 |real_pos:2588.0000 |pred_pos:0.0000 |
2021-12-15 10:34:27,448 - /home/tongyuang/code/VER_Health_Monitoring/trains/trainer.py[line:215] - INFO: EVALUATING: loss: 0.7455
2021-12-15 10:34:27,455 - /home/tongyuang/code/VER_Health_Monitoring/trains/trainer.py[line:225] - INFO: acc_0.1:0.5373 |f1score_0.1:0.6990 |mae:0.7468 |corr:0.0475 |num_samples:1848.0000 |real_neg:993.0000 |pred_neg:1848.0000 |real_neu:330.0000 |pred_neu:0.0000 |real_pos:525.0000 |pred_pos:0.0000 |
2021-12-15 10:34:28,490 - /home/tongyuang/code/VER_Health_Monitoring/trains/trainer.py[line:139] - INFO: TRAINING: epoch:27, best epoch:16,loss: 0.7322
2021-12-15 10:34:28,552 - /home/tongyuang/code/VER_Health_Monitoring/trains/trainer.py[line:148] - INFO: acc_0.1:0.5495 |f1score_0.1:0.7093 |mae:0.7306 |corr:0.0396 |num_samples:9239.0000 |real_neg:5077.0000 |pred_neg:9239.0000 |real_neu:1574.0000 |pred_neu:0.0000 |real_pos:2588.0000 |pred_pos:0.0000 |
2021-12-15 10:34:28,879 - /home/tongyuang/code/VER_Health_Monitoring/trains/trainer.py[line:215] - INFO: EVALUATING: loss: 0.7462
2021-12-15 10:34:28,892 - /home/tongyuang/code/VER_Health_Monitoring/trains/trainer.py[line:225] - INFO: acc_0.1:0.5373 |f1score_0.1:0.6990 |mae:0.7468 |corr:0.0477 |num_samples:1848.0000 |real_neg:993.0000 |pred_neg:1848.0000 |real_neu:330.0000 |pred_neu:0.0000 |real_pos:525.0000 |pred_pos:0.0000 |
2021-12-15 10:34:29,948 - /home/tongyuang/code/VER_Health_Monitoring/trains/trainer.py[line:139] - INFO: TRAINING: epoch:28, best epoch:16,loss: 0.7293
2021-12-15 10:34:29,979 - /home/tongyuang/code/VER_Health_Monitoring/trains/trainer.py[line:148] - INFO: acc_0.1:0.5495 |f1score_0.1:0.7093 |mae:0.7307 |corr:0.0140 |num_samples:9239.0000 |real_neg:5077.0000 |pred_neg:9239.0000 |real_neu:1574.0000 |pred_neu:0.0000 |real_pos:2588.0000 |pred_pos:0.0000 |
2021-12-15 10:34:30,335 - /home/tongyuang/code/VER_Health_Monitoring/trains/trainer.py[line:215] - INFO: EVALUATING: loss: 0.7496
2021-12-15 10:34:30,349 - /home/tongyuang/code/VER_Health_Monitoring/trains/trainer.py[line:225] - INFO: acc_0.1:0.5373 |f1score_0.1:0.6990 |mae:0.7468 |corr:0.0485 |num_samples:1848.0000 |real_neg:993.0000 |pred_neg:1848.0000 |real_neu:330.0000 |pred_neu:0.0000 |real_pos:525.0000 |pred_pos:0.0000 |
2021-12-15 10:34:31,426 - /home/tongyuang/code/VER_Health_Monitoring/trains/trainer.py[line:139] - INFO: TRAINING: epoch:29, best epoch:16,loss: 0.7312
2021-12-15 10:34:31,508 - /home/tongyuang/code/VER_Health_Monitoring/trains/trainer.py[line:148] - INFO: acc_0.1:0.5495 |f1score_0.1:0.7093 |mae:0.7306 |corr:0.0282 |num_samples:9239.0000 |real_neg:5077.0000 |pred_neg:9239.0000 |real_neu:1574.0000 |pred_neu:0.0000 |real_pos:2588.0000 |pred_pos:0.0000 |
2021-12-15 10:34:31,905 - /home/tongyuang/code/VER_Health_Monitoring/trains/trainer.py[line:215] - INFO: EVALUATING: loss: 0.7362
2021-12-15 10:34:31,917 - /home/tongyuang/code/VER_Health_Monitoring/trains/trainer.py[line:225] - INFO: acc_0.1:0.5373 |f1score_0.1:0.6990 |mae:0.7468 |corr:0.0490 |num_samples:1848.0000 |real_neg:993.0000 |pred_neg:1848.0000 |real_neu:330.0000 |pred_neu:0.0000 |real_pos:525.0000 |pred_pos:0.0000 |
2021-12-15 10:34:31,918 - /home/tongyuang/code/VER_Health_Monitoring/trains/trainer.py[line:154] - INFO: Best epoch:29, min val loss: 0.7362
2021-12-15 10:34:31,919 - /home/tongyuang/code/VER_Health_Monitoring/trains/trainer.py[line:157] - INFO: Best Model are saved at /home/tongyuang/code/VER_Health_Monitoring/results/best_models/2021-12-15-10-33-48-ACN-best.pt
2021-12-15 10:34:33,051 - /home/tongyuang/code/VER_Health_Monitoring/trains/trainer.py[line:139] - INFO: TRAINING: epoch:30, best epoch:29,loss: 0.7312
2021-12-15 10:34:33,081 - /home/tongyuang/code/VER_Health_Monitoring/trains/trainer.py[line:148] - INFO: acc_0.1:0.5495 |f1score_0.1:0.7093 |mae:0.7306 |corr:0.0265 |num_samples:9239.0000 |real_neg:5077.0000 |pred_neg:9239.0000 |real_neu:1574.0000 |pred_neu:0.0000 |real_pos:2588.0000 |pred_pos:0.0000 |
2021-12-15 10:34:33,456 - /home/tongyuang/code/VER_Health_Monitoring/trains/trainer.py[line:215] - INFO: EVALUATING: loss: 0.7422
2021-12-15 10:34:33,464 - /home/tongyuang/code/VER_Health_Monitoring/trains/trainer.py[line:225] - INFO: acc_0.1:0.5373 |f1score_0.1:0.6990 |mae:0.7468 |corr:0.0486 |num_samples:1848.0000 |real_neg:993.0000 |pred_neg:1848.0000 |real_neu:330.0000 |pred_neu:0.0000 |real_pos:525.0000 |pred_pos:0.0000 |
2021-12-15 10:34:34,421 - /home/tongyuang/code/VER_Health_Monitoring/trains/trainer.py[line:139] - INFO: TRAINING: epoch:31, best epoch:29,loss: 0.7293
2021-12-15 10:34:34,484 - /home/tongyuang/code/VER_Health_Monitoring/trains/trainer.py[line:148] - INFO: acc_0.1:0.5495 |f1score_0.1:0.7093 |mae:0.7306 |corr:0.0227 |num_samples:9239.0000 |real_neg:5077.0000 |pred_neg:9239.0000 |real_neu:1574.0000 |pred_neu:0.0000 |real_pos:2588.0000 |pred_pos:0.0000 |
2021-12-15 10:34:34,866 - /home/tongyuang/code/VER_Health_Monitoring/trains/trainer.py[line:215] - INFO: EVALUATING: loss: 0.7455
2021-12-15 10:34:34,873 - /home/tongyuang/code/VER_Health_Monitoring/trains/trainer.py[line:225] - INFO: acc_0.1:0.5373 |f1score_0.1:0.6990 |mae:0.7468 |corr:0.0462 |num_samples:1848.0000 |real_neg:993.0000 |pred_neg:1848.0000 |real_neu:330.0000 |pred_neu:0.0000 |real_pos:525.0000 |pred_pos:0.0000 |
2021-12-15 10:34:35,975 - /home/tongyuang/code/VER_Health_Monitoring/trains/trainer.py[line:139] - INFO: TRAINING: epoch:32, best epoch:29,loss: 0.7366
2021-12-15 10:34:36,025 - /home/tongyuang/code/VER_Health_Monitoring/trains/trainer.py[line:148] - INFO: acc_0.1:0.5495 |f1score_0.1:0.7093 |mae:0.7306 |corr:0.0285 |num_samples:9239.0000 |real_neg:5077.0000 |pred_neg:9239.0000 |real_neu:1574.0000 |pred_neu:0.0000 |real_pos:2588.0000 |pred_pos:0.0000 |
2021-12-15 10:34:36,453 - /home/tongyuang/code/VER_Health_Monitoring/trains/trainer.py[line:215] - INFO: EVALUATING: loss: 0.7475
2021-12-15 10:34:36,466 - /home/tongyuang/code/VER_Health_Monitoring/trains/trainer.py[line:225] - INFO: acc_0.1:0.5373 |f1score_0.1:0.6990 |mae:0.7468 |corr:0.0478 |num_samples:1848.0000 |real_neg:993.0000 |pred_neg:1848.0000 |real_neu:330.0000 |pred_neu:0.0000 |real_pos:525.0000 |pred_pos:0.0000 |
2021-12-15 10:34:37,559 - /home/tongyuang/code/VER_Health_Monitoring/trains/trainer.py[line:139] - INFO: TRAINING: epoch:33, best epoch:29,loss: 0.7347
2021-12-15 10:34:37,609 - /home/tongyuang/code/VER_Health_Monitoring/trains/trainer.py[line:148] - INFO: acc_0.1:0.5495 |f1score_0.1:0.7093 |mae:0.7307 |corr:0.0091 |num_samples:9239.0000 |real_neg:5077.0000 |pred_neg:9239.0000 |real_neu:1574.0000 |pred_neu:0.0000 |real_pos:2588.0000 |pred_pos:0.0000 |
2021-12-15 10:34:38,043 - /home/tongyuang/code/VER_Health_Monitoring/trains/trainer.py[line:215] - INFO: EVALUATING: loss: 0.7556
2021-12-15 10:34:38,056 - /home/tongyuang/code/VER_Health_Monitoring/trains/trainer.py[line:225] - INFO: acc_0.1:0.5373 |f1score_0.1:0.6990 |mae:0.7468 |corr:0.0480 |num_samples:1848.0000 |real_neg:993.0000 |pred_neg:1848.0000 |real_neu:330.0000 |pred_neu:0.0000 |real_pos:525.0000 |pred_pos:0.0000 |
2021-12-15 10:34:39,159 - /home/tongyuang/code/VER_Health_Monitoring/trains/trainer.py[line:139] - INFO: TRAINING: epoch:34, best epoch:29,loss: 0.7312
2021-12-15 10:34:39,217 - /home/tongyuang/code/VER_Health_Monitoring/trains/trainer.py[line:148] - INFO: acc_0.1:0.5495 |f1score_0.1:0.7093 |mae:0.7306 |corr:0.0155 |num_samples:9239.0000 |real_neg:5077.0000 |pred_neg:9239.0000 |real_neu:1574.0000 |pred_neu:0.0000 |real_pos:2588.0000 |pred_pos:0.0000 |
2021-12-15 10:34:39,686 - /home/tongyuang/code/VER_Health_Monitoring/trains/trainer.py[line:215] - INFO: EVALUATING: loss: 0.7469
2021-12-15 10:34:39,699 - /home/tongyuang/code/VER_Health_Monitoring/trains/trainer.py[line:225] - INFO: acc_0.1:0.5373 |f1score_0.1:0.6990 |mae:0.7468 |corr:0.0467 |num_samples:1848.0000 |real_neg:993.0000 |pred_neg:1848.0000 |real_neu:330.0000 |pred_neu:0.0000 |real_pos:525.0000 |pred_pos:0.0000 |
2021-12-15 10:34:40,912 - /home/tongyuang/code/VER_Health_Monitoring/trains/trainer.py[line:139] - INFO: TRAINING: epoch:35, best epoch:29,loss: 0.7327
2021-12-15 10:34:40,974 - /home/tongyuang/code/VER_Health_Monitoring/trains/trainer.py[line:148] - INFO: acc_0.1:0.5495 |f1score_0.1:0.7093 |mae:0.7306 |corr:0.0419 |num_samples:9239.0000 |real_neg:5077.0000 |pred_neg:9239.0000 |real_neu:1574.0000 |pred_neu:0.0000 |real_pos:2588.0000 |pred_pos:0.0000 |
2021-12-15 10:34:41,415 - /home/tongyuang/code/VER_Health_Monitoring/trains/trainer.py[line:215] - INFO: EVALUATING: loss: 0.7469
2021-12-15 10:34:41,427 - /home/tongyuang/code/VER_Health_Monitoring/trains/trainer.py[line:225] - INFO: acc_0.1:0.5373 |f1score_0.1:0.6990 |mae:0.7468 |corr:0.0427 |num_samples:1848.0000 |real_neg:993.0000 |pred_neg:1848.0000 |real_neu:330.0000 |pred_neu:0.0000 |real_pos:525.0000 |pred_pos:0.0000 |
2021-12-15 10:34:42,463 - /home/tongyuang/code/VER_Health_Monitoring/trains/trainer.py[line:139] - INFO: TRAINING: epoch:36, best epoch:29,loss: 0.7307
2021-12-15 10:34:42,503 - /home/tongyuang/code/VER_Health_Monitoring/trains/trainer.py[line:148] - INFO: acc_0.1:0.5495 |f1score_0.1:0.7093 |mae:0.7307 |corr:0.0088 |num_samples:9239.0000 |real_neg:5077.0000 |pred_neg:9239.0000 |real_neu:1574.0000 |pred_neu:0.0000 |real_pos:2588.0000 |pred_pos:0.0000 |
2021-12-15 10:34:42,955 - /home/tongyuang/code/VER_Health_Monitoring/trains/trainer.py[line:215] - INFO: EVALUATING: loss: 0.7442
2021-12-15 10:34:42,962 - /home/tongyuang/code/VER_Health_Monitoring/trains/trainer.py[line:225] - INFO: acc_0.1:0.5373 |f1score_0.1:0.6990 |mae:0.7468 |corr:0.0464 |num_samples:1848.0000 |real_neg:993.0000 |pred_neg:1848.0000 |real_neu:330.0000 |pred_neu:0.0000 |real_pos:525.0000 |pred_pos:0.0000 |
2021-12-15 10:34:44,049 - /home/tongyuang/code/VER_Health_Monitoring/trains/trainer.py[line:139] - INFO: TRAINING: epoch:37, best epoch:29,loss: 0.7297
2021-12-15 10:34:44,101 - /home/tongyuang/code/VER_Health_Monitoring/trains/trainer.py[line:148] - INFO: acc_0.1:0.5495 |f1score_0.1:0.7093 |mae:0.7306 |corr:0.0245 |num_samples:9239.0000 |real_neg:5077.0000 |pred_neg:9239.0000 |real_neu:1574.0000 |pred_neu:0.0000 |real_pos:2588.0000 |pred_pos:0.0000 |
2021-12-15 10:34:44,527 - /home/tongyuang/code/VER_Health_Monitoring/trains/trainer.py[line:215] - INFO: EVALUATING: loss: 0.7469
2021-12-15 10:34:44,534 - /home/tongyuang/code/VER_Health_Monitoring/trains/trainer.py[line:225] - INFO: acc_0.1:0.5373 |f1score_0.1:0.6990 |mae:0.7468 |corr:0.0435 |num_samples:1848.0000 |real_neg:993.0000 |pred_neg:1848.0000 |real_neu:330.0000 |pred_neu:0.0000 |real_pos:525.0000 |pred_pos:0.0000 |
2021-12-15 10:34:45,657 - /home/tongyuang/code/VER_Health_Monitoring/trains/trainer.py[line:139] - INFO: TRAINING: epoch:38, best epoch:29,loss: 0.7332
2021-12-15 10:34:45,715 - /home/tongyuang/code/VER_Health_Monitoring/trains/trainer.py[line:148] - INFO: acc_0.1:0.5495 |f1score_0.1:0.7093 |mae:0.7306 |corr:0.0098 |num_samples:9239.0000 |real_neg:5077.0000 |pred_neg:9239.0000 |real_neu:1574.0000 |pred_neu:0.0000 |real_pos:2588.0000 |pred_pos:0.0000 |
2021-12-15 10:34:46,086 - /home/tongyuang/code/VER_Health_Monitoring/trains/trainer.py[line:215] - INFO: EVALUATING: loss: 0.7509
2021-12-15 10:34:46,109 - /home/tongyuang/code/VER_Health_Monitoring/trains/trainer.py[line:225] - INFO: acc_0.1:0.5373 |f1score_0.1:0.6990 |mae:0.7468 |corr:0.0447 |num_samples:1848.0000 |real_neg:993.0000 |pred_neg:1848.0000 |real_neu:330.0000 |pred_neu:0.0000 |real_pos:525.0000 |pred_pos:0.0000 |
2021-12-15 10:34:47,293 - /home/tongyuang/code/VER_Health_Monitoring/trains/trainer.py[line:139] - INFO: TRAINING: epoch:39, best epoch:29,loss: 0.7312
2021-12-15 10:34:47,350 - /home/tongyuang/code/VER_Health_Monitoring/trains/trainer.py[line:148] - INFO: acc_0.1:0.5495 |f1score_0.1:0.7093 |mae:0.7306 |corr:0.0394 |num_samples:9239.0000 |real_neg:5077.0000 |pred_neg:9239.0000 |real_neu:1574.0000 |pred_neu:0.0000 |real_pos:2588.0000 |pred_pos:0.0000 |
2021-12-15 10:34:47,712 - /home/tongyuang/code/VER_Health_Monitoring/trains/trainer.py[line:215] - INFO: EVALUATING: loss: 0.7489
2021-12-15 10:34:47,725 - /home/tongyuang/code/VER_Health_Monitoring/trains/trainer.py[line:225] - INFO: acc_0.1:0.5373 |f1score_0.1:0.6990 |mae:0.7468 |corr:0.0438 |num_samples:1848.0000 |real_neg:993.0000 |pred_neg:1848.0000 |real_neu:330.0000 |pred_neu:0.0000 |real_pos:525.0000 |pred_pos:0.0000 |
2021-12-15 10:34:48,751 - /home/tongyuang/code/VER_Health_Monitoring/trains/trainer.py[line:139] - INFO: TRAINING: epoch:40, best epoch:29,loss: 0.7268
2021-12-15 10:34:48,854 - /home/tongyuang/code/VER_Health_Monitoring/trains/trainer.py[line:148] - INFO: acc_0.1:0.5495 |f1score_0.1:0.7093 |mae:0.7307 |corr:0.0006 |num_samples:9239.0000 |real_neg:5077.0000 |pred_neg:9239.0000 |real_neu:1574.0000 |pred_neu:0.0000 |real_pos:2588.0000 |pred_pos:0.0000 |
2021-12-15 10:34:49,354 - /home/tongyuang/code/VER_Health_Monitoring/trains/trainer.py[line:215] - INFO: EVALUATING: loss: 0.7442
2021-12-15 10:34:49,367 - /home/tongyuang/code/VER_Health_Monitoring/trains/trainer.py[line:225] - INFO: acc_0.1:0.5373 |f1score_0.1:0.6990 |mae:0.7468 |corr:0.0446 |num_samples:1848.0000 |real_neg:993.0000 |pred_neg:1848.0000 |real_neu:330.0000 |pred_neu:0.0000 |real_pos:525.0000 |pred_pos:0.0000 |
2021-12-15 10:34:50,478 - /home/tongyuang/code/VER_Health_Monitoring/trains/trainer.py[line:139] - INFO: TRAINING: epoch:41, best epoch:29,loss: 0.7293
2021-12-15 10:34:50,542 - /home/tongyuang/code/VER_Health_Monitoring/trains/trainer.py[line:148] - INFO: acc_0.1:0.5495 |f1score_0.1:0.7093 |mae:0.7306 |corr:0.0078 |num_samples:9239.0000 |real_neg:5077.0000 |pred_neg:9239.0000 |real_neu:1574.0000 |pred_neu:0.0000 |real_pos:2588.0000 |pred_pos:0.0000 |
2021-12-15 10:34:50,908 - /home/tongyuang/code/VER_Health_Monitoring/trains/trainer.py[line:215] - INFO: EVALUATING: loss: 0.7496
2021-12-15 10:34:50,915 - /home/tongyuang/code/VER_Health_Monitoring/trains/trainer.py[line:225] - INFO: acc_0.1:0.5373 |f1score_0.1:0.6990 |mae:0.7468 |corr:0.0454 |num_samples:1848.0000 |real_neg:993.0000 |pred_neg:1848.0000 |real_neu:330.0000 |pred_neu:0.0000 |real_pos:525.0000 |pred_pos:0.0000 |
2021-12-15 10:34:51,986 - /home/tongyuang/code/VER_Health_Monitoring/trains/trainer.py[line:139] - INFO: TRAINING: epoch:42, best epoch:29,loss: 0.7273
2021-12-15 10:34:52,072 - /home/tongyuang/code/VER_Health_Monitoring/trains/trainer.py[line:148] - INFO: acc_0.1:0.5495 |f1score_0.1:0.7093 |mae:0.7306 |corr:0.0313 |num_samples:9239.0000 |real_neg:5077.0000 |pred_neg:9239.0000 |real_neu:1574.0000 |pred_neu:0.0000 |real_pos:2588.0000 |pred_pos:0.0000 |
2021-12-15 10:34:52,440 - /home/tongyuang/code/VER_Health_Monitoring/trains/trainer.py[line:215] - INFO: EVALUATING: loss: 0.7489
2021-12-15 10:34:52,456 - /home/tongyuang/code/VER_Health_Monitoring/trains/trainer.py[line:225] - INFO: acc_0.1:0.5373 |f1score_0.1:0.6990 |mae:0.7468 |corr:0.0430 |num_samples:1848.0000 |real_neg:993.0000 |pred_neg:1848.0000 |real_neu:330.0000 |pred_neu:0.0000 |real_pos:525.0000 |pred_pos:0.0000 |
2021-12-15 10:34:53,544 - /home/tongyuang/code/VER_Health_Monitoring/trains/trainer.py[line:139] - INFO: TRAINING: epoch:43, best epoch:29,loss: 0.7278
2021-12-15 10:34:53,603 - /home/tongyuang/code/VER_Health_Monitoring/trains/trainer.py[line:148] - INFO: acc_0.1:0.5495 |f1score_0.1:0.7093 |mae:0.7306 |corr:0.0278 |num_samples:9239.0000 |real_neg:5077.0000 |pred_neg:9239.0000 |real_neu:1574.0000 |pred_neu:0.0000 |real_pos:2588.0000 |pred_pos:0.0000 |
2021-12-15 10:34:54,009 - /home/tongyuang/code/VER_Health_Monitoring/trains/trainer.py[line:215] - INFO: EVALUATING: loss: 0.7529
2021-12-15 10:34:54,016 - /home/tongyuang/code/VER_Health_Monitoring/trains/trainer.py[line:225] - INFO: acc_0.1:0.5373 |f1score_0.1:0.6990 |mae:0.7468 |corr:0.0415 |num_samples:1848.0000 |real_neg:993.0000 |pred_neg:1848.0000 |real_neu:330.0000 |pred_neu:0.0000 |real_pos:525.0000 |pred_pos:0.0000 |
2021-12-15 10:34:55,055 - /home/tongyuang/code/VER_Health_Monitoring/trains/trainer.py[line:139] - INFO: TRAINING: epoch:44, best epoch:29,loss: 0.7273
2021-12-15 10:34:55,116 - /home/tongyuang/code/VER_Health_Monitoring/trains/trainer.py[line:148] - INFO: acc_0.1:0.5495 |f1score_0.1:0.7093 |mae:0.7306 |corr:0.0109 |num_samples:9239.0000 |real_neg:5077.0000 |pred_neg:9239.0000 |real_neu:1574.0000 |pred_neu:0.0000 |real_pos:2588.0000 |pred_pos:0.0000 |
2021-12-15 10:34:55,454 - /home/tongyuang/code/VER_Health_Monitoring/trains/trainer.py[line:215] - INFO: EVALUATING: loss: 0.7516
2021-12-15 10:34:55,461 - /home/tongyuang/code/VER_Health_Monitoring/trains/trainer.py[line:225] - INFO: acc_0.1:0.5373 |f1score_0.1:0.6990 |mae:0.7468 |corr:0.0430 |num_samples:1848.0000 |real_neg:993.0000 |pred_neg:1848.0000 |real_neu:330.0000 |pred_neu:0.0000 |real_pos:525.0000 |pred_pos:0.0000 |
2021-12-15 10:34:56,433 - /home/tongyuang/code/VER_Health_Monitoring/trains/trainer.py[line:139] - INFO: TRAINING: epoch:45, best epoch:29,loss: 0.7292
2021-12-15 10:34:56,464 - /home/tongyuang/code/VER_Health_Monitoring/trains/trainer.py[line:148] - INFO: acc_0.1:0.5495 |f1score_0.1:0.7093 |mae:0.7306 |corr:0.0314 |num_samples:9239.0000 |real_neg:5077.0000 |pred_neg:9239.0000 |real_neu:1574.0000 |pred_neu:0.0000 |real_pos:2588.0000 |pred_pos:0.0000 |
2021-12-15 10:34:56,920 - /home/tongyuang/code/VER_Health_Monitoring/trains/trainer.py[line:215] - INFO: EVALUATING: loss: 0.7516
2021-12-15 10:34:56,928 - /home/tongyuang/code/VER_Health_Monitoring/trains/trainer.py[line:225] - INFO: acc_0.1:0.5373 |f1score_0.1:0.6990 |mae:0.7468 |corr:0.0404 |num_samples:1848.0000 |real_neg:993.0000 |pred_neg:1848.0000 |real_neu:330.0000 |pred_neu:0.0000 |real_pos:525.0000 |pred_pos:0.0000 |
2021-12-15 10:34:56,929 - /home/tongyuang/code/VER_Health_Monitoring/trains/trainer.py[line:171] - INFO: early stop triggered!
2021-12-15 10:34:56,929 - /home/tongyuang/code/VER_Health_Monitoring/trains/trainer.py[line:172] - INFO: Best Model are saved at /home/tongyuang/code/VER_Health_Monitoring/results/best_models/2021-12-15-10-33-48-ACN-best.pt
