2021-12-19 18:31:35,362 - /home/tongyuang/code/VER_Health_Monitoring/trains/trainer.py[line:89] - INFO: feature_dim:562
2021-12-19 18:31:35,362 - /home/tongyuang/code/VER_Health_Monitoring/trains/trainer.py[line:89] - INFO: num_classes:2
2021-12-19 18:31:35,362 - /home/tongyuang/code/VER_Health_Monitoring/trains/trainer.py[line:89] - INFO: activation:relu
2021-12-19 18:31:35,362 - /home/tongyuang/code/VER_Health_Monitoring/trains/trainer.py[line:89] - INFO: channels:[16, 64, 64, 128, 128, 256, 256]
2021-12-19 18:31:35,362 - /home/tongyuang/code/VER_Health_Monitoring/trains/trainer.py[line:89] - INFO: kernels:[7, 7, 7, 5, 5, 3, 3]
2021-12-19 18:31:35,363 - /home/tongyuang/code/VER_Health_Monitoring/trains/trainer.py[line:89] - INFO: pooling_kernels:[1, 1, 4, 1, 4, 1, 4]
2021-12-19 18:31:35,363 - /home/tongyuang/code/VER_Health_Monitoring/trains/trainer.py[line:89] - INFO: dropout:[0.0, 0.0, 0.0, 0.0, 0.0, 0.2, 0.2]
2021-12-19 18:31:35,363 - /home/tongyuang/code/VER_Health_Monitoring/trains/trainer.py[line:89] - INFO: output_hidden_dim:2048
2021-12-19 18:31:35,363 - /home/tongyuang/code/VER_Health_Monitoring/trains/trainer.py[line:89] - INFO: output_dropout:0.2
2021-12-19 18:31:35,363 - /home/tongyuang/code/VER_Health_Monitoring/trains/trainer.py[line:89] - INFO: output_activation:tanh
2021-12-19 18:31:35,363 - /home/tongyuang/code/VER_Health_Monitoring/trains/trainer.py[line:89] - INFO: output_activation_for_classification:relu
2021-12-19 18:31:35,363 - /home/tongyuang/code/VER_Health_Monitoring/trains/trainer.py[line:89] - INFO: learning_rate:1e-05
2021-12-19 18:31:35,363 - /home/tongyuang/code/VER_Health_Monitoring/trains/trainer.py[line:89] - INFO: weight_decay:0.0001
2021-12-19 18:31:37,685 - /home/tongyuang/code/VER_Health_Monitoring/trains/trainer.py[line:143] - INFO: TRAINING: epoch:1, best epoch:0,loss: 0.6863
2021-12-19 18:31:37,690 - /home/tongyuang/code/VER_Health_Monitoring/trains/trainer.py[line:159] - INFO: mae:0.5015 |f1score:0.3403 |acc:0.4985 |prec:0.4286 |CM:[1350   16 1354   12] |
2021-12-19 18:31:38,087 - /home/tongyuang/code/VER_Health_Monitoring/trains/trainer.py[line:228] - INFO: EVALUATING: loss: 0.6586
2021-12-19 18:31:38,091 - /home/tongyuang/code/VER_Health_Monitoring/trains/trainer.py[line:246] - INFO: mae:0.5000 |f1score:0.3333 |acc:0.5000 |prec:0.0000 |CM:[239   0 239   0] |
2021-12-19 18:31:38,096 - /home/tongyuang/code/VER_Health_Monitoring/trains/trainer.py[line:165] - INFO: Best epoch:1, min val loss: 0.6586
2021-12-19 18:31:38,109 - /home/tongyuang/code/VER_Health_Monitoring/trains/trainer.py[line:168] - INFO: Best Model are saved at /home/tongyuang/code/VER_Health_Monitoring/results/best_models/2021-12-19-06-31-35-ACN-cls-best.pt
2021-12-19 18:31:40,429 - /home/tongyuang/code/VER_Health_Monitoring/trains/trainer.py[line:143] - INFO: TRAINING: epoch:2, best epoch:1,loss: 0.6773
2021-12-19 18:31:40,433 - /home/tongyuang/code/VER_Health_Monitoring/trains/trainer.py[line:159] - INFO: mae:0.4828 |f1score:0.4103 |acc:0.5172 |prec:0.6158 |CM:[1288   78 1241  125] |
2021-12-19 18:31:40,818 - /home/tongyuang/code/VER_Health_Monitoring/trains/trainer.py[line:228] - INFO: EVALUATING: loss: 0.6618
2021-12-19 18:31:40,820 - /home/tongyuang/code/VER_Health_Monitoring/trains/trainer.py[line:246] - INFO: mae:0.4833 |f1score:0.3695 |acc:0.5167 |prec:1.0000 |CM:[239   0 231   8] |
2021-12-19 18:31:43,003 - /home/tongyuang/code/VER_Health_Monitoring/trains/trainer.py[line:143] - INFO: TRAINING: epoch:3, best epoch:1,loss: 0.6590
2021-12-19 18:31:43,006 - /home/tongyuang/code/VER_Health_Monitoring/trains/trainer.py[line:159] - INFO: mae:0.4048 |f1score:0.5936 |acc:0.5952 |prec:0.6085 |CM:[897 469 637 729] |
2021-12-19 18:31:43,399 - /home/tongyuang/code/VER_Health_Monitoring/trains/trainer.py[line:228] - INFO: EVALUATING: loss: 0.6277
2021-12-19 18:31:43,401 - /home/tongyuang/code/VER_Health_Monitoring/trains/trainer.py[line:246] - INFO: mae:0.3264 |f1score:0.6734 |acc:0.6736 |prec:0.6640 |CM:[154  85  71 168] |
2021-12-19 18:31:43,404 - /home/tongyuang/code/VER_Health_Monitoring/trains/trainer.py[line:165] - INFO: Best epoch:3, min val loss: 0.6277
2021-12-19 18:31:43,409 - /home/tongyuang/code/VER_Health_Monitoring/trains/trainer.py[line:168] - INFO: Best Model are saved at /home/tongyuang/code/VER_Health_Monitoring/results/best_models/2021-12-19-06-31-35-ACN-cls-best.pt
2021-12-19 18:31:45,648 - /home/tongyuang/code/VER_Health_Monitoring/trains/trainer.py[line:143] - INFO: TRAINING: epoch:4, best epoch:3,loss: 0.6587
2021-12-19 18:31:45,652 - /home/tongyuang/code/VER_Health_Monitoring/trains/trainer.py[line:159] - INFO: mae:0.3906 |f1score:0.6094 |acc:0.6094 |prec:0.6069 |CM:[816 550 517 849] |
2021-12-19 18:31:46,033 - /home/tongyuang/code/VER_Health_Monitoring/trains/trainer.py[line:228] - INFO: EVALUATING: loss: 0.6359
2021-12-19 18:31:46,035 - /home/tongyuang/code/VER_Health_Monitoring/trains/trainer.py[line:246] - INFO: mae:0.3368 |f1score:0.6596 |acc:0.6632 |prec:0.7053 |CM:[183  56 105 134] |
2021-12-19 18:31:48,201 - /home/tongyuang/code/VER_Health_Monitoring/trains/trainer.py[line:143] - INFO: TRAINING: epoch:5, best epoch:3,loss: 0.6575
2021-12-19 18:31:48,205 - /home/tongyuang/code/VER_Health_Monitoring/trains/trainer.py[line:159] - INFO: mae:0.3814 |f1score:0.6174 |acc:0.6186 |prec:0.6334 |CM:[921 445 597 769] |
2021-12-19 18:31:48,601 - /home/tongyuang/code/VER_Health_Monitoring/trains/trainer.py[line:228] - INFO: EVALUATING: loss: 0.6272
2021-12-19 18:31:48,604 - /home/tongyuang/code/VER_Health_Monitoring/trains/trainer.py[line:246] - INFO: mae:0.3180 |f1score:0.6817 |acc:0.6820 |prec:0.6951 |CM:[171  68  84 155] |
2021-12-19 18:31:48,607 - /home/tongyuang/code/VER_Health_Monitoring/trains/trainer.py[line:165] - INFO: Best epoch:5, min val loss: 0.6272
2021-12-19 18:31:48,612 - /home/tongyuang/code/VER_Health_Monitoring/trains/trainer.py[line:168] - INFO: Best Model are saved at /home/tongyuang/code/VER_Health_Monitoring/results/best_models/2021-12-19-06-31-35-ACN-cls-best.pt
2021-12-19 18:31:50,877 - /home/tongyuang/code/VER_Health_Monitoring/trains/trainer.py[line:143] - INFO: TRAINING: epoch:6, best epoch:5,loss: 0.6562
2021-12-19 18:31:50,881 - /home/tongyuang/code/VER_Health_Monitoring/trains/trainer.py[line:159] - INFO: mae:0.3858 |f1score:0.6137 |acc:0.6142 |prec:0.6234 |CM:[890 476 578 788] |
2021-12-19 18:31:51,257 - /home/tongyuang/code/VER_Health_Monitoring/trains/trainer.py[line:228] - INFO: EVALUATING: loss: 0.6242
2021-12-19 18:31:51,259 - /home/tongyuang/code/VER_Health_Monitoring/trains/trainer.py[line:246] - INFO: mae:0.3347 |f1score:0.6621 |acc:0.6653 |prec:0.7047 |CM:[182  57 103 136] |
2021-12-19 18:31:51,264 - /home/tongyuang/code/VER_Health_Monitoring/trains/trainer.py[line:165] - INFO: Best epoch:6, min val loss: 0.6242
2021-12-19 18:31:51,277 - /home/tongyuang/code/VER_Health_Monitoring/trains/trainer.py[line:168] - INFO: Best Model are saved at /home/tongyuang/code/VER_Health_Monitoring/results/best_models/2021-12-19-06-31-35-ACN-cls-best.pt
2021-12-19 18:31:53,590 - /home/tongyuang/code/VER_Health_Monitoring/trains/trainer.py[line:143] - INFO: TRAINING: epoch:7, best epoch:6,loss: 0.6449
2021-12-19 18:31:53,593 - /home/tongyuang/code/VER_Health_Monitoring/trains/trainer.py[line:159] - INFO: mae:0.3763 |f1score:0.6230 |acc:0.6237 |prec:0.6359 |CM:[913 453 575 791] |
2021-12-19 18:31:53,989 - /home/tongyuang/code/VER_Health_Monitoring/trains/trainer.py[line:228] - INFO: EVALUATING: loss: 0.6264
2021-12-19 18:31:53,992 - /home/tongyuang/code/VER_Health_Monitoring/trains/trainer.py[line:246] - INFO: mae:0.3285 |f1score:0.6702 |acc:0.6715 |prec:0.6971 |CM:[176  63  94 145] |
2021-12-19 18:31:56,164 - /home/tongyuang/code/VER_Health_Monitoring/trains/trainer.py[line:143] - INFO: TRAINING: epoch:8, best epoch:6,loss: 0.6461
2021-12-19 18:31:56,168 - /home/tongyuang/code/VER_Health_Monitoring/trains/trainer.py[line:159] - INFO: mae:0.3730 |f1score:0.6262 |acc:0.6270 |prec:0.6400 |CM:[920 446 573 793] |
2021-12-19 18:31:56,551 - /home/tongyuang/code/VER_Health_Monitoring/trains/trainer.py[line:228] - INFO: EVALUATING: loss: 0.6178
2021-12-19 18:31:56,553 - /home/tongyuang/code/VER_Health_Monitoring/trains/trainer.py[line:246] - INFO: mae:0.3326 |f1score:0.6673 |acc:0.6674 |prec:0.6626 |CM:[156  83  76 163] |
2021-12-19 18:31:56,556 - /home/tongyuang/code/VER_Health_Monitoring/trains/trainer.py[line:165] - INFO: Best epoch:8, min val loss: 0.6178
2021-12-19 18:31:56,563 - /home/tongyuang/code/VER_Health_Monitoring/trains/trainer.py[line:168] - INFO: Best Model are saved at /home/tongyuang/code/VER_Health_Monitoring/results/best_models/2021-12-19-06-31-35-ACN-cls-best.pt
2021-12-19 18:31:58,850 - /home/tongyuang/code/VER_Health_Monitoring/trains/trainer.py[line:143] - INFO: TRAINING: epoch:9, best epoch:8,loss: 0.6517
2021-12-19 18:31:58,854 - /home/tongyuang/code/VER_Health_Monitoring/trains/trainer.py[line:159] - INFO: mae:0.3741 |f1score:0.6259 |acc:0.6259 |prec:0.6291 |CM:[872 494 528 838] |
2021-12-19 18:31:59,221 - /home/tongyuang/code/VER_Health_Monitoring/trains/trainer.py[line:228] - INFO: EVALUATING: loss: 0.6179
2021-12-19 18:31:59,224 - /home/tongyuang/code/VER_Health_Monitoring/trains/trainer.py[line:246] - INFO: mae:0.3305 |f1score:0.6681 |acc:0.6695 |prec:0.6938 |CM:[175  64  94 145] |
2021-12-19 18:32:01,360 - /home/tongyuang/code/VER_Health_Monitoring/trains/trainer.py[line:143] - INFO: TRAINING: epoch:10, best epoch:8,loss: 0.6451
2021-12-19 18:32:01,364 - /home/tongyuang/code/VER_Health_Monitoring/trains/trainer.py[line:159] - INFO: mae:0.3668 |f1score:0.6326 |acc:0.6332 |prec:0.6454 |CM:[922 444 558 808] |
2021-12-19 18:32:01,783 - /home/tongyuang/code/VER_Health_Monitoring/trains/trainer.py[line:228] - INFO: EVALUATING: loss: 0.6264
2021-12-19 18:32:01,785 - /home/tongyuang/code/VER_Health_Monitoring/trains/trainer.py[line:246] - INFO: mae:0.3494 |f1score:0.6466 |acc:0.6506 |prec:0.6241 |CM:[130 109  58 181] |
2021-12-19 18:32:03,963 - /home/tongyuang/code/VER_Health_Monitoring/trains/trainer.py[line:143] - INFO: TRAINING: epoch:11, best epoch:8,loss: 0.6460
2021-12-19 18:32:03,966 - /home/tongyuang/code/VER_Health_Monitoring/trains/trainer.py[line:159] - INFO: mae:0.3807 |f1score:0.6181 |acc:0.6193 |prec:0.6343 |CM:[922 444 596 770] |
2021-12-19 18:32:04,361 - /home/tongyuang/code/VER_Health_Monitoring/trains/trainer.py[line:228] - INFO: EVALUATING: loss: 0.6118
2021-12-19 18:32:04,365 - /home/tongyuang/code/VER_Health_Monitoring/trains/trainer.py[line:246] - INFO: mae:0.3285 |f1score:0.6709 |acc:0.6715 |prec:0.6881 |CM:[171  68  89 150] |
2021-12-19 18:32:04,370 - /home/tongyuang/code/VER_Health_Monitoring/trains/trainer.py[line:165] - INFO: Best epoch:11, min val loss: 0.6118
2021-12-19 18:32:04,376 - /home/tongyuang/code/VER_Health_Monitoring/trains/trainer.py[line:168] - INFO: Best Model are saved at /home/tongyuang/code/VER_Health_Monitoring/results/best_models/2021-12-19-06-31-35-ACN-cls-best.pt
2021-12-19 18:32:06,643 - /home/tongyuang/code/VER_Health_Monitoring/trains/trainer.py[line:143] - INFO: TRAINING: epoch:12, best epoch:11,loss: 0.6397
2021-12-19 18:32:06,647 - /home/tongyuang/code/VER_Health_Monitoring/trains/trainer.py[line:159] - INFO: mae:0.3708 |f1score:0.6280 |acc:0.6292 |prec:0.6460 |CM:[938 428 585 781] |
2021-12-19 18:32:07,034 - /home/tongyuang/code/VER_Health_Monitoring/trains/trainer.py[line:228] - INFO: EVALUATING: loss: 0.6075
2021-12-19 18:32:07,037 - /home/tongyuang/code/VER_Health_Monitoring/trains/trainer.py[line:246] - INFO: mae:0.3159 |f1score:0.6826 |acc:0.6841 |prec:0.7136 |CM:[180  59  92 147] |
2021-12-19 18:32:07,040 - /home/tongyuang/code/VER_Health_Monitoring/trains/trainer.py[line:165] - INFO: Best epoch:12, min val loss: 0.6075
2021-12-19 18:32:07,047 - /home/tongyuang/code/VER_Health_Monitoring/trains/trainer.py[line:168] - INFO: Best Model are saved at /home/tongyuang/code/VER_Health_Monitoring/results/best_models/2021-12-19-06-31-35-ACN-cls-best.pt
2021-12-19 18:32:09,359 - /home/tongyuang/code/VER_Health_Monitoring/trains/trainer.py[line:143] - INFO: TRAINING: epoch:13, best epoch:12,loss: 0.6351
2021-12-19 18:32:09,363 - /home/tongyuang/code/VER_Health_Monitoring/trains/trainer.py[line:159] - INFO: mae:0.3704 |f1score:0.6274 |acc:0.6296 |prec:0.6531 |CM:[965 401 611 755] |
2021-12-19 18:32:09,739 - /home/tongyuang/code/VER_Health_Monitoring/trains/trainer.py[line:228] - INFO: EVALUATING: loss: 0.6092
2021-12-19 18:32:09,742 - /home/tongyuang/code/VER_Health_Monitoring/trains/trainer.py[line:246] - INFO: mae:0.3243 |f1score:0.6740 |acc:0.6757 |prec:0.7059 |CM:[179  60  95 144] |
2021-12-19 18:32:11,890 - /home/tongyuang/code/VER_Health_Monitoring/trains/trainer.py[line:143] - INFO: TRAINING: epoch:14, best epoch:12,loss: 0.6379
2021-12-19 18:32:11,895 - /home/tongyuang/code/VER_Health_Monitoring/trains/trainer.py[line:159] - INFO: mae:0.3682 |f1score:0.6307 |acc:0.6318 |prec:0.6480 |CM:[938 428 578 788] |
2021-12-19 18:32:12,298 - /home/tongyuang/code/VER_Health_Monitoring/trains/trainer.py[line:228] - INFO: EVALUATING: loss: 0.6167
2021-12-19 18:32:12,300 - /home/tongyuang/code/VER_Health_Monitoring/trains/trainer.py[line:246] - INFO: mae:0.3285 |f1score:0.6641 |acc:0.6715 |prec:0.7440 |CM:[196  43 114 125] |
2021-12-19 18:32:14,502 - /home/tongyuang/code/VER_Health_Monitoring/trains/trainer.py[line:143] - INFO: TRAINING: epoch:15, best epoch:12,loss: 0.6279
2021-12-19 18:32:14,506 - /home/tongyuang/code/VER_Health_Monitoring/trains/trainer.py[line:159] - INFO: mae:0.3664 |f1score:0.6319 |acc:0.6336 |prec:0.6545 |CM:[958 408 593 773] |
2021-12-19 18:32:14,887 - /home/tongyuang/code/VER_Health_Monitoring/trains/trainer.py[line:228] - INFO: EVALUATING: loss: 0.6030
2021-12-19 18:32:14,889 - /home/tongyuang/code/VER_Health_Monitoring/trains/trainer.py[line:246] - INFO: mae:0.3075 |f1score:0.6895 |acc:0.6925 |prec:0.7396 |CM:[189  50  97 142] |
2021-12-19 18:32:14,893 - /home/tongyuang/code/VER_Health_Monitoring/trains/trainer.py[line:165] - INFO: Best epoch:15, min val loss: 0.6030
2021-12-19 18:32:14,900 - /home/tongyuang/code/VER_Health_Monitoring/trains/trainer.py[line:168] - INFO: Best Model are saved at /home/tongyuang/code/VER_Health_Monitoring/results/best_models/2021-12-19-06-31-35-ACN-cls-best.pt
2021-12-19 18:32:17,163 - /home/tongyuang/code/VER_Health_Monitoring/trains/trainer.py[line:143] - INFO: TRAINING: epoch:16, best epoch:15,loss: 0.6323
2021-12-19 18:32:17,170 - /home/tongyuang/code/VER_Health_Monitoring/trains/trainer.py[line:159] - INFO: mae:0.3664 |f1score:0.6320 |acc:0.6336 |prec:0.6543 |CM:[957 409 592 774] |
2021-12-19 18:32:17,555 - /home/tongyuang/code/VER_Health_Monitoring/trains/trainer.py[line:228] - INFO: EVALUATING: loss: 0.6129
2021-12-19 18:32:17,557 - /home/tongyuang/code/VER_Health_Monitoring/trains/trainer.py[line:246] - INFO: mae:0.3222 |f1score:0.6737 |acc:0.6778 |prec:0.7297 |CM:[189  50 104 135] |
2021-12-19 18:32:19,692 - /home/tongyuang/code/VER_Health_Monitoring/trains/trainer.py[line:143] - INFO: TRAINING: epoch:17, best epoch:15,loss: 0.6267
2021-12-19 18:32:19,695 - /home/tongyuang/code/VER_Health_Monitoring/trains/trainer.py[line:159] - INFO: mae:0.3572 |f1score:0.6419 |acc:0.6428 |prec:0.6580 |CM:[944 422 554 812] |
2021-12-19 18:32:20,073 - /home/tongyuang/code/VER_Health_Monitoring/trains/trainer.py[line:228] - INFO: EVALUATING: loss: 0.5956
2021-12-19 18:32:20,075 - /home/tongyuang/code/VER_Health_Monitoring/trains/trainer.py[line:246] - INFO: mae:0.3138 |f1score:0.6840 |acc:0.6862 |prec:0.7236 |CM:[184  55  95 144] |
2021-12-19 18:32:20,078 - /home/tongyuang/code/VER_Health_Monitoring/trains/trainer.py[line:165] - INFO: Best epoch:17, min val loss: 0.5956
2021-12-19 18:32:20,084 - /home/tongyuang/code/VER_Health_Monitoring/trains/trainer.py[line:168] - INFO: Best Model are saved at /home/tongyuang/code/VER_Health_Monitoring/results/best_models/2021-12-19-06-31-35-ACN-cls-best.pt
2021-12-19 18:32:22,371 - /home/tongyuang/code/VER_Health_Monitoring/trains/trainer.py[line:143] - INFO: TRAINING: epoch:18, best epoch:17,loss: 0.6302
2021-12-19 18:32:22,374 - /home/tongyuang/code/VER_Health_Monitoring/trains/trainer.py[line:159] - INFO: mae:0.3602 |f1score:0.6388 |acc:0.6398 |prec:0.6568 |CM:[948 418 566 800] |
2021-12-19 18:32:22,764 - /home/tongyuang/code/VER_Health_Monitoring/trains/trainer.py[line:228] - INFO: EVALUATING: loss: 0.6114
2021-12-19 18:32:22,768 - /home/tongyuang/code/VER_Health_Monitoring/trains/trainer.py[line:246] - INFO: mae:0.3285 |f1score:0.6618 |acc:0.6715 |prec:0.7595 |CM:[201  38 119 120] |
2021-12-19 18:32:24,924 - /home/tongyuang/code/VER_Health_Monitoring/trains/trainer.py[line:143] - INFO: TRAINING: epoch:19, best epoch:17,loss: 0.6193
2021-12-19 18:32:24,928 - /home/tongyuang/code/VER_Health_Monitoring/trains/trainer.py[line:159] - INFO: mae:0.3521 |f1score:0.6467 |acc:0.6479 |prec:0.6669 |CM:[963 403 559 807] |
2021-12-19 18:32:25,310 - /home/tongyuang/code/VER_Health_Monitoring/trains/trainer.py[line:228] - INFO: EVALUATING: loss: 0.5926
2021-12-19 18:32:25,312 - /home/tongyuang/code/VER_Health_Monitoring/trains/trainer.py[line:246] - INFO: mae:0.3243 |f1score:0.6696 |acc:0.6757 |prec:0.7414 |CM:[194  45 110 129] |
2021-12-19 18:32:25,316 - /home/tongyuang/code/VER_Health_Monitoring/trains/trainer.py[line:165] - INFO: Best epoch:19, min val loss: 0.5926
2021-12-19 18:32:25,321 - /home/tongyuang/code/VER_Health_Monitoring/trains/trainer.py[line:168] - INFO: Best Model are saved at /home/tongyuang/code/VER_Health_Monitoring/results/best_models/2021-12-19-06-31-35-ACN-cls-best.pt
2021-12-19 18:32:27,635 - /home/tongyuang/code/VER_Health_Monitoring/trains/trainer.py[line:143] - INFO: TRAINING: epoch:20, best epoch:19,loss: 0.6325
2021-12-19 18:32:27,639 - /home/tongyuang/code/VER_Health_Monitoring/trains/trainer.py[line:159] - INFO: mae:0.3642 |f1score:0.6328 |acc:0.6358 |prec:0.6655 |CM:[991 375 620 746] |
2021-12-19 18:32:28,011 - /home/tongyuang/code/VER_Health_Monitoring/trains/trainer.py[line:228] - INFO: EVALUATING: loss: 0.5917
2021-12-19 18:32:28,014 - /home/tongyuang/code/VER_Health_Monitoring/trains/trainer.py[line:246] - INFO: mae:0.3222 |f1score:0.6775 |acc:0.6778 |prec:0.6906 |CM:[170  69  85 154] |
2021-12-19 18:32:28,018 - /home/tongyuang/code/VER_Health_Monitoring/trains/trainer.py[line:165] - INFO: Best epoch:20, min val loss: 0.5917
2021-12-19 18:32:28,025 - /home/tongyuang/code/VER_Health_Monitoring/trains/trainer.py[line:168] - INFO: Best Model are saved at /home/tongyuang/code/VER_Health_Monitoring/results/best_models/2021-12-19-06-31-35-ACN-cls-best.pt
2021-12-19 18:32:30,264 - /home/tongyuang/code/VER_Health_Monitoring/trains/trainer.py[line:143] - INFO: TRAINING: epoch:21, best epoch:20,loss: 0.6219
2021-12-19 18:32:30,268 - /home/tongyuang/code/VER_Health_Monitoring/trains/trainer.py[line:159] - INFO: mae:0.3521 |f1score:0.6471 |acc:0.6479 |prec:0.6629 |CM:[948 418 544 822] |
2021-12-19 18:32:30,640 - /home/tongyuang/code/VER_Health_Monitoring/trains/trainer.py[line:228] - INFO: EVALUATING: loss: 0.5861
2021-12-19 18:32:30,643 - /home/tongyuang/code/VER_Health_Monitoring/trains/trainer.py[line:246] - INFO: mae:0.3264 |f1score:0.6716 |acc:0.6736 |prec:0.7065 |CM:[180  59  97 142] |
2021-12-19 18:32:30,647 - /home/tongyuang/code/VER_Health_Monitoring/trains/trainer.py[line:165] - INFO: Best epoch:21, min val loss: 0.5861
2021-12-19 18:32:30,653 - /home/tongyuang/code/VER_Health_Monitoring/trains/trainer.py[line:168] - INFO: Best Model are saved at /home/tongyuang/code/VER_Health_Monitoring/results/best_models/2021-12-19-06-31-35-ACN-cls-best.pt
2021-12-19 18:32:32,906 - /home/tongyuang/code/VER_Health_Monitoring/trains/trainer.py[line:143] - INFO: TRAINING: epoch:22, best epoch:21,loss: 0.6162
2021-12-19 18:32:32,909 - /home/tongyuang/code/VER_Health_Monitoring/trains/trainer.py[line:159] - INFO: mae:0.3547 |f1score:0.6447 |acc:0.6453 |prec:0.6582 |CM:[937 429 540 826] |
2021-12-19 18:32:33,301 - /home/tongyuang/code/VER_Health_Monitoring/trains/trainer.py[line:228] - INFO: EVALUATING: loss: 0.5858
2021-12-19 18:32:33,303 - /home/tongyuang/code/VER_Health_Monitoring/trains/trainer.py[line:246] - INFO: mae:0.3180 |f1score:0.6750 |acc:0.6820 |prec:0.7574 |CM:[198  41 111 128] |
2021-12-19 18:32:33,306 - /home/tongyuang/code/VER_Health_Monitoring/trains/trainer.py[line:165] - INFO: Best epoch:22, min val loss: 0.5858
2021-12-19 18:32:33,311 - /home/tongyuang/code/VER_Health_Monitoring/trains/trainer.py[line:168] - INFO: Best Model are saved at /home/tongyuang/code/VER_Health_Monitoring/results/best_models/2021-12-19-06-31-35-ACN-cls-best.pt
2021-12-19 18:32:35,618 - /home/tongyuang/code/VER_Health_Monitoring/trains/trainer.py[line:143] - INFO: TRAINING: epoch:23, best epoch:22,loss: 0.6200
2021-12-19 18:32:35,623 - /home/tongyuang/code/VER_Health_Monitoring/trains/trainer.py[line:159] - INFO: mae:0.3455 |f1score:0.6539 |acc:0.6545 |prec:0.6683 |CM:[950 416 528 838] |
2021-12-19 18:32:36,012 - /home/tongyuang/code/VER_Health_Monitoring/trains/trainer.py[line:228] - INFO: EVALUATING: loss: 0.5979
2021-12-19 18:32:36,016 - /home/tongyuang/code/VER_Health_Monitoring/trains/trainer.py[line:246] - INFO: mae:0.3347 |f1score:0.6636 |acc:0.6653 |prec:0.6447 |CM:[142  97  63 176] |
2021-12-19 18:32:38,221 - /home/tongyuang/code/VER_Health_Monitoring/trains/trainer.py[line:143] - INFO: TRAINING: epoch:24, best epoch:22,loss: 0.6117
2021-12-19 18:32:38,227 - /home/tongyuang/code/VER_Health_Monitoring/trains/trainer.py[line:159] - INFO: mae:0.3507 |f1score:0.6479 |acc:0.6493 |prec:0.6711 |CM:[974 392 566 800] |
2021-12-19 18:32:38,632 - /home/tongyuang/code/VER_Health_Monitoring/trains/trainer.py[line:228] - INFO: EVALUATING: loss: 0.5911
2021-12-19 18:32:38,635 - /home/tongyuang/code/VER_Health_Monitoring/trains/trainer.py[line:246] - INFO: mae:0.3285 |f1score:0.6671 |acc:0.6715 |prec:0.7228 |CM:[188  51 106 133] |
2021-12-19 18:32:40,883 - /home/tongyuang/code/VER_Health_Monitoring/trains/trainer.py[line:143] - INFO: TRAINING: epoch:25, best epoch:22,loss: 0.6171
2021-12-19 18:32:40,887 - /home/tongyuang/code/VER_Health_Monitoring/trains/trainer.py[line:159] - INFO: mae:0.3525 |f1score:0.6471 |acc:0.6475 |prec:0.6585 |CM:[932 434 529 837] |
2021-12-19 18:32:41,273 - /home/tongyuang/code/VER_Health_Monitoring/trains/trainer.py[line:228] - INFO: EVALUATING: loss: 0.5758
2021-12-19 18:32:41,275 - /home/tongyuang/code/VER_Health_Monitoring/trains/trainer.py[line:246] - INFO: mae:0.3117 |f1score:0.6882 |acc:0.6883 |prec:0.6957 |CM:[169  70  79 160] |
2021-12-19 18:32:41,278 - /home/tongyuang/code/VER_Health_Monitoring/trains/trainer.py[line:165] - INFO: Best epoch:25, min val loss: 0.5758
2021-12-19 18:32:41,283 - /home/tongyuang/code/VER_Health_Monitoring/trains/trainer.py[line:168] - INFO: Best Model are saved at /home/tongyuang/code/VER_Health_Monitoring/results/best_models/2021-12-19-06-31-35-ACN-cls-best.pt
2021-12-19 18:32:43,592 - /home/tongyuang/code/VER_Health_Monitoring/trains/trainer.py[line:143] - INFO: TRAINING: epoch:26, best epoch:25,loss: 0.6135
2021-12-19 18:32:43,596 - /home/tongyuang/code/VER_Health_Monitoring/trains/trainer.py[line:159] - INFO: mae:0.3426 |f1score:0.6571 |acc:0.6574 |prec:0.6669 |CM:[937 429 507 859] |
2021-12-19 18:32:43,993 - /home/tongyuang/code/VER_Health_Monitoring/trains/trainer.py[line:228] - INFO: EVALUATING: loss: 0.5805
2021-12-19 18:32:43,996 - /home/tongyuang/code/VER_Health_Monitoring/trains/trainer.py[line:246] - INFO: mae:0.3243 |f1score:0.6720 |acc:0.6757 |prec:0.7234 |CM:[187  52 103 136] |
2021-12-19 18:32:46,196 - /home/tongyuang/code/VER_Health_Monitoring/trains/trainer.py[line:143] - INFO: TRAINING: epoch:27, best epoch:25,loss: 0.6178
2021-12-19 18:32:46,199 - /home/tongyuang/code/VER_Health_Monitoring/trains/trainer.py[line:159] - INFO: mae:0.3415 |f1score:0.6575 |acc:0.6585 |prec:0.6773 |CM:[972 394 539 827] |
2021-12-19 18:32:46,578 - /home/tongyuang/code/VER_Health_Monitoring/trains/trainer.py[line:228] - INFO: EVALUATING: loss: 0.5779
2021-12-19 18:32:46,581 - /home/tongyuang/code/VER_Health_Monitoring/trains/trainer.py[line:246] - INFO: mae:0.3222 |f1score:0.6751 |acc:0.6778 |prec:0.7179 |CM:[184  55  99 140] |
2021-12-19 18:32:48,777 - /home/tongyuang/code/VER_Health_Monitoring/trains/trainer.py[line:143] - INFO: TRAINING: epoch:28, best epoch:25,loss: 0.6132
2021-12-19 18:32:48,780 - /home/tongyuang/code/VER_Health_Monitoring/trains/trainer.py[line:159] - INFO: mae:0.3602 |f1score:0.6387 |acc:0.6398 |prec:0.6571 |CM:[949 417 567 799] |
2021-12-19 18:32:49,179 - /home/tongyuang/code/VER_Health_Monitoring/trains/trainer.py[line:228] - INFO: EVALUATING: loss: 0.5683
2021-12-19 18:32:49,182 - /home/tongyuang/code/VER_Health_Monitoring/trains/trainer.py[line:246] - INFO: mae:0.3096 |f1score:0.6886 |acc:0.6904 |prec:0.7241 |CM:[183  56  92 147] |
2021-12-19 18:32:49,187 - /home/tongyuang/code/VER_Health_Monitoring/trains/trainer.py[line:165] - INFO: Best epoch:28, min val loss: 0.5683
2021-12-19 18:32:49,197 - /home/tongyuang/code/VER_Health_Monitoring/trains/trainer.py[line:168] - INFO: Best Model are saved at /home/tongyuang/code/VER_Health_Monitoring/results/best_models/2021-12-19-06-31-35-ACN-cls-best.pt
2021-12-19 18:32:51,500 - /home/tongyuang/code/VER_Health_Monitoring/trains/trainer.py[line:143] - INFO: TRAINING: epoch:29, best epoch:28,loss: 0.6083
2021-12-19 18:32:51,506 - /home/tongyuang/code/VER_Health_Monitoring/trains/trainer.py[line:159] - INFO: mae:0.3470 |f1score:0.6501 |acc:0.6530 |prec:0.6873 |CM:[1017  349  599  767] |
2021-12-19 18:32:51,917 - /home/tongyuang/code/VER_Health_Monitoring/trains/trainer.py[line:228] - INFO: EVALUATING: loss: 0.5873
2021-12-19 18:32:51,919 - /home/tongyuang/code/VER_Health_Monitoring/trains/trainer.py[line:246] - INFO: mae:0.3180 |f1score:0.6788 |acc:0.6820 |prec:0.7277 |CM:[187  52 100 139] |
2021-12-19 18:32:54,160 - /home/tongyuang/code/VER_Health_Monitoring/trains/trainer.py[line:143] - INFO: TRAINING: epoch:30, best epoch:28,loss: 0.6088
2021-12-19 18:32:54,163 - /home/tongyuang/code/VER_Health_Monitoring/trains/trainer.py[line:159] - INFO: mae:0.3408 |f1score:0.6583 |acc:0.6592 |prec:0.6778 |CM:[972 394 537 829] |
2021-12-19 18:32:54,559 - /home/tongyuang/code/VER_Health_Monitoring/trains/trainer.py[line:228] - INFO: EVALUATING: loss: 0.5648
2021-12-19 18:32:54,562 - /home/tongyuang/code/VER_Health_Monitoring/trains/trainer.py[line:246] - INFO: mae:0.2971 |f1score:0.7027 |acc:0.7029 |prec:0.7137 |CM:[174  65  77 162] |
2021-12-19 18:32:54,565 - /home/tongyuang/code/VER_Health_Monitoring/trains/trainer.py[line:165] - INFO: Best epoch:30, min val loss: 0.5648
2021-12-19 18:32:54,570 - /home/tongyuang/code/VER_Health_Monitoring/trains/trainer.py[line:168] - INFO: Best Model are saved at /home/tongyuang/code/VER_Health_Monitoring/results/best_models/2021-12-19-06-31-35-ACN-cls-best.pt
2021-12-19 18:32:56,862 - /home/tongyuang/code/VER_Health_Monitoring/trains/trainer.py[line:143] - INFO: TRAINING: epoch:31, best epoch:30,loss: 0.6095
2021-12-19 18:32:56,866 - /home/tongyuang/code/VER_Health_Monitoring/trains/trainer.py[line:159] - INFO: mae:0.3408 |f1score:0.6578 |acc:0.6592 |prec:0.6826 |CM:[988 378 553 813] |
2021-12-19 18:32:57,276 - /home/tongyuang/code/VER_Health_Monitoring/trains/trainer.py[line:228] - INFO: EVALUATING: loss: 0.5708
2021-12-19 18:32:57,278 - /home/tongyuang/code/VER_Health_Monitoring/trains/trainer.py[line:246] - INFO: mae:0.3117 |f1score:0.6881 |acc:0.6883 |prec:0.6974 |CM:[170  69  80 159] |
2021-12-19 18:32:59,449 - /home/tongyuang/code/VER_Health_Monitoring/trains/trainer.py[line:143] - INFO: TRAINING: epoch:32, best epoch:30,loss: 0.6062
2021-12-19 18:32:59,453 - /home/tongyuang/code/VER_Health_Monitoring/trains/trainer.py[line:159] - INFO: mae:0.3357 |f1score:0.6636 |acc:0.6643 |prec:0.6809 |CM:[970 396 521 845] |
2021-12-19 18:32:59,834 - /home/tongyuang/code/VER_Health_Monitoring/trains/trainer.py[line:228] - INFO: EVALUATING: loss: 0.5709
2021-12-19 18:32:59,836 - /home/tongyuang/code/VER_Health_Monitoring/trains/trainer.py[line:246] - INFO: mae:0.3159 |f1score:0.6774 |acc:0.6841 |prec:0.7588 |CM:[198  41 110 129] |
2021-12-19 18:33:02,074 - /home/tongyuang/code/VER_Health_Monitoring/trains/trainer.py[line:143] - INFO: TRAINING: epoch:33, best epoch:30,loss: 0.6003
2021-12-19 18:33:02,078 - /home/tongyuang/code/VER_Health_Monitoring/trains/trainer.py[line:159] - INFO: mae:0.3382 |f1score:0.6601 |acc:0.6618 |prec:0.6882 |CM:[1000  366  558  808] |
2021-12-19 18:33:02,458 - /home/tongyuang/code/VER_Health_Monitoring/trains/trainer.py[line:228] - INFO: EVALUATING: loss: 0.5729
2021-12-19 18:33:02,461 - /home/tongyuang/code/VER_Health_Monitoring/trains/trainer.py[line:246] - INFO: mae:0.3117 |f1score:0.6852 |acc:0.6883 |prec:0.7344 |CM:[188  51  98 141] |
2021-12-19 18:33:04,680 - /home/tongyuang/code/VER_Health_Monitoring/trains/trainer.py[line:143] - INFO: TRAINING: epoch:34, best epoch:30,loss: 0.6008
2021-12-19 18:33:04,686 - /home/tongyuang/code/VER_Health_Monitoring/trains/trainer.py[line:159] - INFO: mae:0.3371 |f1score:0.6617 |acc:0.6629 |prec:0.6853 |CM:[988 378 543 823] |
2021-12-19 18:33:05,086 - /home/tongyuang/code/VER_Health_Monitoring/trains/trainer.py[line:228] - INFO: EVALUATING: loss: 0.5836
2021-12-19 18:33:05,088 - /home/tongyuang/code/VER_Health_Monitoring/trains/trainer.py[line:246] - INFO: mae:0.3305 |f1score:0.6488 |acc:0.6695 |prec:0.8293 |CM:[218  21 137 102] |
2021-12-19 18:33:07,276 - /home/tongyuang/code/VER_Health_Monitoring/trains/trainer.py[line:143] - INFO: TRAINING: epoch:35, best epoch:30,loss: 0.6083
2021-12-19 18:33:07,280 - /home/tongyuang/code/VER_Health_Monitoring/trains/trainer.py[line:159] - INFO: mae:0.3375 |f1score:0.6604 |acc:0.6625 |prec:0.6934 |CM:[1014  352  570  796] |
2021-12-19 18:33:07,674 - /home/tongyuang/code/VER_Health_Monitoring/trains/trainer.py[line:228] - INFO: EVALUATING: loss: 0.5736
2021-12-19 18:33:07,677 - /home/tongyuang/code/VER_Health_Monitoring/trains/trainer.py[line:246] - INFO: mae:0.3013 |f1score:0.6987 |acc:0.6987 |prec:0.6939 |CM:[164  75  69 170] |
2021-12-19 18:33:09,896 - /home/tongyuang/code/VER_Health_Monitoring/trains/trainer.py[line:143] - INFO: TRAINING: epoch:36, best epoch:30,loss: 0.6044
2021-12-19 18:33:09,901 - /home/tongyuang/code/VER_Health_Monitoring/trains/trainer.py[line:159] - INFO: mae:0.3335 |f1score:0.6660 |acc:0.6665 |prec:0.6819 |CM:[968 398 513 853] |
2021-12-19 18:33:10,314 - /home/tongyuang/code/VER_Health_Monitoring/trains/trainer.py[line:228] - INFO: EVALUATING: loss: 0.5728
2021-12-19 18:33:10,316 - /home/tongyuang/code/VER_Health_Monitoring/trains/trainer.py[line:246] - INFO: mae:0.3033 |f1score:0.6937 |acc:0.6967 |prec:0.7448 |CM:[190  49  96 143] |
2021-12-19 18:33:12,542 - /home/tongyuang/code/VER_Health_Monitoring/trains/trainer.py[line:143] - INFO: TRAINING: epoch:37, best epoch:30,loss: 0.6026
2021-12-19 18:33:12,546 - /home/tongyuang/code/VER_Health_Monitoring/trains/trainer.py[line:159] - INFO: mae:0.3375 |f1score:0.6617 |acc:0.6625 |prec:0.6802 |CM:[972 394 528 838] |
2021-12-19 18:33:12,938 - /home/tongyuang/code/VER_Health_Monitoring/trains/trainer.py[line:228] - INFO: EVALUATING: loss: 0.5733
2021-12-19 18:33:12,940 - /home/tongyuang/code/VER_Health_Monitoring/trains/trainer.py[line:246] - INFO: mae:0.2929 |f1score:0.7011 |acc:0.7071 |prec:0.7895 |CM:[203  36 104 135] |
2021-12-19 18:33:15,113 - /home/tongyuang/code/VER_Health_Monitoring/trains/trainer.py[line:143] - INFO: TRAINING: epoch:38, best epoch:30,loss: 0.5937
2021-12-19 18:33:15,116 - /home/tongyuang/code/VER_Health_Monitoring/trains/trainer.py[line:159] - INFO: mae:0.3302 |f1score:0.6686 |acc:0.6698 |prec:0.6930 |CM:[997 369 533 833] |
2021-12-19 18:33:15,518 - /home/tongyuang/code/VER_Health_Monitoring/trains/trainer.py[line:228] - INFO: EVALUATING: loss: 0.5573
2021-12-19 18:33:15,520 - /home/tongyuang/code/VER_Health_Monitoring/trains/trainer.py[line:246] - INFO: mae:0.2845 |f1score:0.7145 |acc:0.7155 |prec:0.7441 |CM:[185  54  82 157] |
2021-12-19 18:33:15,523 - /home/tongyuang/code/VER_Health_Monitoring/trains/trainer.py[line:165] - INFO: Best epoch:38, min val loss: 0.5573
2021-12-19 18:33:15,528 - /home/tongyuang/code/VER_Health_Monitoring/trains/trainer.py[line:168] - INFO: Best Model are saved at /home/tongyuang/code/VER_Health_Monitoring/results/best_models/2021-12-19-06-31-35-ACN-cls-best.pt
2021-12-19 18:33:17,823 - /home/tongyuang/code/VER_Health_Monitoring/trains/trainer.py[line:143] - INFO: TRAINING: epoch:39, best epoch:38,loss: 0.5995
2021-12-19 18:33:17,828 - /home/tongyuang/code/VER_Health_Monitoring/trains/trainer.py[line:159] - INFO: mae:0.3364 |f1score:0.6631 |acc:0.6636 |prec:0.6772 |CM:[959 407 512 854] |
2021-12-19 18:33:18,211 - /home/tongyuang/code/VER_Health_Monitoring/trains/trainer.py[line:228] - INFO: EVALUATING: loss: 0.5618
2021-12-19 18:33:18,213 - /home/tongyuang/code/VER_Health_Monitoring/trains/trainer.py[line:246] - INFO: mae:0.2971 |f1score:0.7019 |acc:0.7029 |prec:0.7299 |CM:[182  57  85 154] |
2021-12-19 18:33:20,384 - /home/tongyuang/code/VER_Health_Monitoring/trains/trainer.py[line:143] - INFO: TRAINING: epoch:40, best epoch:38,loss: 0.6000
2021-12-19 18:33:20,388 - /home/tongyuang/code/VER_Health_Monitoring/trains/trainer.py[line:159] - INFO: mae:0.3269 |f1score:0.6727 |acc:0.6731 |prec:0.6870 |CM:[970 396 497 869] |
2021-12-19 18:33:20,777 - /home/tongyuang/code/VER_Health_Monitoring/trains/trainer.py[line:228] - INFO: EVALUATING: loss: 0.5621
2021-12-19 18:33:20,779 - /home/tongyuang/code/VER_Health_Monitoring/trains/trainer.py[line:246] - INFO: mae:0.2929 |f1score:0.7058 |acc:0.7071 |prec:0.7391 |CM:[185  54  86 153] |
2021-12-19 18:33:22,992 - /home/tongyuang/code/VER_Health_Monitoring/trains/trainer.py[line:143] - INFO: TRAINING: epoch:41, best epoch:38,loss: 0.6057
2021-12-19 18:33:22,996 - /home/tongyuang/code/VER_Health_Monitoring/trains/trainer.py[line:159] - INFO: mae:0.3389 |f1score:0.6605 |acc:0.6611 |prec:0.6746 |CM:[956 410 516 850] |
2021-12-19 18:33:23,382 - /home/tongyuang/code/VER_Health_Monitoring/trains/trainer.py[line:228] - INFO: EVALUATING: loss: 0.5771
2021-12-19 18:33:23,385 - /home/tongyuang/code/VER_Health_Monitoring/trains/trainer.py[line:246] - INFO: mae:0.3117 |f1score:0.6831 |acc:0.6883 |prec:0.7528 |CM:[195  44 105 134] |
2021-12-19 18:33:25,509 - /home/tongyuang/code/VER_Health_Monitoring/trains/trainer.py[line:143] - INFO: TRAINING: epoch:42, best epoch:38,loss: 0.5956
2021-12-19 18:33:25,513 - /home/tongyuang/code/VER_Health_Monitoring/trains/trainer.py[line:159] - INFO: mae:0.3258 |f1score:0.6733 |acc:0.6742 |prec:0.6954 |CM:[995 371 519 847] |
2021-12-19 18:33:25,902 - /home/tongyuang/code/VER_Health_Monitoring/trains/trainer.py[line:228] - INFO: EVALUATING: loss: 0.5588
2021-12-19 18:33:25,905 - /home/tongyuang/code/VER_Health_Monitoring/trains/trainer.py[line:246] - INFO: mae:0.2887 |f1score:0.7091 |acc:0.7113 |prec:0.7563 |CM:[191  48  90 149] |
2021-12-19 18:33:28,052 - /home/tongyuang/code/VER_Health_Monitoring/trains/trainer.py[line:143] - INFO: TRAINING: epoch:43, best epoch:38,loss: 0.5934
2021-12-19 18:33:28,056 - /home/tongyuang/code/VER_Health_Monitoring/trains/trainer.py[line:159] - INFO: mae:0.3305 |f1score:0.6690 |acc:0.6695 |prec:0.6827 |CM:[964 402 501 865] |
2021-12-19 18:33:28,437 - /home/tongyuang/code/VER_Health_Monitoring/trains/trainer.py[line:228] - INFO: EVALUATING: loss: 0.5767
2021-12-19 18:33:28,439 - /home/tongyuang/code/VER_Health_Monitoring/trains/trainer.py[line:246] - INFO: mae:0.2992 |f1score:0.6906 |acc:0.7008 |prec:0.8158 |CM:[211  28 115 124] |
2021-12-19 18:33:30,589 - /home/tongyuang/code/VER_Health_Monitoring/trains/trainer.py[line:143] - INFO: TRAINING: epoch:44, best epoch:38,loss: 0.5972
2021-12-19 18:33:30,593 - /home/tongyuang/code/VER_Health_Monitoring/trains/trainer.py[line:159] - INFO: mae:0.3327 |f1score:0.6662 |acc:0.6673 |prec:0.6890 |CM:[990 376 533 833] |
2021-12-19 18:33:30,990 - /home/tongyuang/code/VER_Health_Monitoring/trains/trainer.py[line:228] - INFO: EVALUATING: loss: 0.5647
2021-12-19 18:33:30,994 - /home/tongyuang/code/VER_Health_Monitoring/trains/trainer.py[line:246] - INFO: mae:0.3033 |f1score:0.6965 |acc:0.6967 |prec:0.6895 |CM:[162  77  68 171] |
2021-12-19 18:33:33,214 - /home/tongyuang/code/VER_Health_Monitoring/trains/trainer.py[line:143] - INFO: TRAINING: epoch:45, best epoch:38,loss: 0.5905
2021-12-19 18:33:33,218 - /home/tongyuang/code/VER_Health_Monitoring/trains/trainer.py[line:159] - INFO: mae:0.3294 |f1score:0.6700 |acc:0.6706 |prec:0.6858 |CM:[972 394 506 860] |
2021-12-19 18:33:33,609 - /home/tongyuang/code/VER_Health_Monitoring/trains/trainer.py[line:228] - INFO: EVALUATING: loss: 0.5746
2021-12-19 18:33:33,611 - /home/tongyuang/code/VER_Health_Monitoring/trains/trainer.py[line:246] - INFO: mae:0.2908 |f1score:0.7091 |acc:0.7092 |prec:0.7193 |CM:[175  64  75 164] |
2021-12-19 18:33:35,808 - /home/tongyuang/code/VER_Health_Monitoring/trains/trainer.py[line:143] - INFO: TRAINING: epoch:46, best epoch:38,loss: 0.5911
2021-12-19 18:33:35,812 - /home/tongyuang/code/VER_Health_Monitoring/trains/trainer.py[line:159] - INFO: mae:0.3298 |f1score:0.6696 |acc:0.6702 |prec:0.6856 |CM:[972 394 507 859] |
2021-12-19 18:33:36,202 - /home/tongyuang/code/VER_Health_Monitoring/trains/trainer.py[line:228] - INFO: EVALUATING: loss: 0.5691
2021-12-19 18:33:36,205 - /home/tongyuang/code/VER_Health_Monitoring/trains/trainer.py[line:246] - INFO: mae:0.3013 |f1score:0.6962 |acc:0.6987 |prec:0.7436 |CM:[189  50  94 145] |
2021-12-19 18:33:38,394 - /home/tongyuang/code/VER_Health_Monitoring/trains/trainer.py[line:143] - INFO: TRAINING: epoch:47, best epoch:38,loss: 0.5900
2021-12-19 18:33:38,398 - /home/tongyuang/code/VER_Health_Monitoring/trains/trainer.py[line:159] - INFO: mae:0.3269 |f1score:0.6723 |acc:0.6731 |prec:0.6921 |CM:[987 379 514 852] |
2021-12-19 18:33:38,782 - /home/tongyuang/code/VER_Health_Monitoring/trains/trainer.py[line:228] - INFO: EVALUATING: loss: 0.5769
2021-12-19 18:33:38,785 - /home/tongyuang/code/VER_Health_Monitoring/trains/trainer.py[line:246] - INFO: mae:0.3138 |f1score:0.6856 |acc:0.6862 |prec:0.6718 |CM:[154  85  65 174] |
2021-12-19 18:33:40,965 - /home/tongyuang/code/VER_Health_Monitoring/trains/trainer.py[line:143] - INFO: TRAINING: epoch:48, best epoch:38,loss: 0.5948
2021-12-19 18:33:40,969 - /home/tongyuang/code/VER_Health_Monitoring/trains/trainer.py[line:159] - INFO: mae:0.3206 |f1score:0.6792 |acc:0.6794 |prec:0.6885 |CM:[961 405 471 895] |
2021-12-19 18:33:41,362 - /home/tongyuang/code/VER_Health_Monitoring/trains/trainer.py[line:228] - INFO: EVALUATING: loss: 0.5731
2021-12-19 18:33:41,364 - /home/tongyuang/code/VER_Health_Monitoring/trains/trainer.py[line:246] - INFO: mae:0.2971 |f1score:0.7025 |acc:0.7029 |prec:0.6887 |CM:[159  80  62 177] |
2021-12-19 18:33:43,559 - /home/tongyuang/code/VER_Health_Monitoring/trains/trainer.py[line:143] - INFO: TRAINING: epoch:49, best epoch:38,loss: 0.5900
2021-12-19 18:33:43,562 - /home/tongyuang/code/VER_Health_Monitoring/trains/trainer.py[line:159] - INFO: mae:0.3316 |f1score:0.6680 |acc:0.6684 |prec:0.6808 |CM:[960 406 500 866] |
2021-12-19 18:33:43,962 - /home/tongyuang/code/VER_Health_Monitoring/trains/trainer.py[line:228] - INFO: EVALUATING: loss: 0.5651
2021-12-19 18:33:43,965 - /home/tongyuang/code/VER_Health_Monitoring/trains/trainer.py[line:246] - INFO: mae:0.3096 |f1score:0.6900 |acc:0.6904 |prec:0.7040 |CM:[173  66  82 157] |
2021-12-19 18:33:46,168 - /home/tongyuang/code/VER_Health_Monitoring/trains/trainer.py[line:143] - INFO: TRAINING: epoch:50, best epoch:38,loss: 0.5951
2021-12-19 18:33:46,174 - /home/tongyuang/code/VER_Health_Monitoring/trains/trainer.py[line:159] - INFO: mae:0.3367 |f1score:0.6621 |acc:0.6633 |prec:0.6843 |CM:[984 382 538 828] |
2021-12-19 18:33:46,563 - /home/tongyuang/code/VER_Health_Monitoring/trains/trainer.py[line:228] - INFO: EVALUATING: loss: 0.5652
2021-12-19 18:33:46,566 - /home/tongyuang/code/VER_Health_Monitoring/trains/trainer.py[line:246] - INFO: mae:0.3013 |f1score:0.6984 |acc:0.6987 |prec:0.7130 |CM:[175  64  80 159] |
2021-12-19 18:33:48,774 - /home/tongyuang/code/VER_Health_Monitoring/trains/trainer.py[line:143] - INFO: TRAINING: epoch:51, best epoch:38,loss: 0.5939
2021-12-19 18:33:48,778 - /home/tongyuang/code/VER_Health_Monitoring/trains/trainer.py[line:159] - INFO: mae:0.3272 |f1score:0.6723 |acc:0.6728 |prec:0.6873 |CM:[972 394 500 866] |
2021-12-19 18:33:49,165 - /home/tongyuang/code/VER_Health_Monitoring/trains/trainer.py[line:228] - INFO: EVALUATING: loss: 0.5615
2021-12-19 18:33:49,169 - /home/tongyuang/code/VER_Health_Monitoring/trains/trainer.py[line:246] - INFO: mae:0.3180 |f1score:0.6820 |acc:0.6820 |prec:0.6867 |CM:[166  73  79 160] |
2021-12-19 18:33:51,371 - /home/tongyuang/code/VER_Health_Monitoring/trains/trainer.py[line:143] - INFO: TRAINING: epoch:52, best epoch:38,loss: 0.5908
2021-12-19 18:33:51,375 - /home/tongyuang/code/VER_Health_Monitoring/trains/trainer.py[line:159] - INFO: mae:0.3228 |f1score:0.6771 |acc:0.6772 |prec:0.6822 |CM:[944 422 460 906] |
2021-12-19 18:33:51,785 - /home/tongyuang/code/VER_Health_Monitoring/trains/trainer.py[line:228] - INFO: EVALUATING: loss: 0.5595
2021-12-19 18:33:51,788 - /home/tongyuang/code/VER_Health_Monitoring/trains/trainer.py[line:246] - INFO: mae:0.3033 |f1score:0.6967 |acc:0.6967 |prec:0.6958 |CM:[166  73  72 167] |
2021-12-19 18:33:54,015 - /home/tongyuang/code/VER_Health_Monitoring/trains/trainer.py[line:143] - INFO: TRAINING: epoch:53, best epoch:38,loss: 0.5890
2021-12-19 18:33:54,019 - /home/tongyuang/code/VER_Health_Monitoring/trains/trainer.py[line:159] - INFO: mae:0.3254 |f1score:0.6744 |acc:0.6746 |prec:0.6830 |CM:[953 413 476 890] |
2021-12-19 18:33:54,409 - /home/tongyuang/code/VER_Health_Monitoring/trains/trainer.py[line:228] - INFO: EVALUATING: loss: 0.5690
2021-12-19 18:33:54,412 - /home/tongyuang/code/VER_Health_Monitoring/trains/trainer.py[line:246] - INFO: mae:0.3033 |f1score:0.6954 |acc:0.6967 |prec:0.7260 |CM:[182  57  88 151] |
2021-12-19 18:33:56,616 - /home/tongyuang/code/VER_Health_Monitoring/trains/trainer.py[line:143] - INFO: TRAINING: epoch:54, best epoch:38,loss: 0.5892
2021-12-19 18:33:56,619 - /home/tongyuang/code/VER_Health_Monitoring/trains/trainer.py[line:159] - INFO: mae:0.3239 |f1score:0.6760 |acc:0.6761 |prec:0.6783 |CM:[932 434 451 915] |
2021-12-19 18:33:57,011 - /home/tongyuang/code/VER_Health_Monitoring/trains/trainer.py[line:228] - INFO: EVALUATING: loss: 0.5731
2021-12-19 18:33:57,013 - /home/tongyuang/code/VER_Health_Monitoring/trains/trainer.py[line:246] - INFO: mae:0.2971 |f1score:0.6944 |acc:0.7029 |prec:0.8050 |CM:[208  31 111 128] |
2021-12-19 18:33:57,016 - /home/tongyuang/code/VER_Health_Monitoring/trains/trainer.py[line:182] - INFO: early stop triggered!
2021-12-19 18:33:57,016 - /home/tongyuang/code/VER_Health_Monitoring/trains/trainer.py[line:183] - INFO: Best Model are saved at /home/tongyuang/code/VER_Health_Monitoring/results/best_models/2021-12-19-06-31-35-ACN-cls-best.pt
