2021-12-09 16:36:35,002 - /home/tongyuang/code/VER_Health_Monitoring/trains/trainer.py[line:89] - INFO: feature_dim:33
2021-12-09 16:36:35,002 - /home/tongyuang/code/VER_Health_Monitoring/trains/trainer.py[line:89] - INFO: channels:[16, 32, 64]
2021-12-09 16:36:35,002 - /home/tongyuang/code/VER_Health_Monitoring/trains/trainer.py[line:89] - INFO: kernel_size:3
2021-12-09 16:36:35,002 - /home/tongyuang/code/VER_Health_Monitoring/trains/trainer.py[line:89] - INFO: pooling_kernel_size:2
2021-12-09 16:36:35,002 - /home/tongyuang/code/VER_Health_Monitoring/trains/trainer.py[line:89] - INFO: output_hidden_dim:256
2021-12-09 16:36:35,002 - /home/tongyuang/code/VER_Health_Monitoring/trains/trainer.py[line:89] - INFO: dropout:0.2
2021-12-09 16:36:35,002 - /home/tongyuang/code/VER_Health_Monitoring/trains/trainer.py[line:89] - INFO: num_classes:3
2021-12-09 16:36:35,002 - /home/tongyuang/code/VER_Health_Monitoring/trains/trainer.py[line:89] - INFO: activation:relu
2021-12-09 16:36:35,002 - /home/tongyuang/code/VER_Health_Monitoring/trains/trainer.py[line:89] - INFO: output_activation:tanh
2021-12-09 16:36:35,002 - /home/tongyuang/code/VER_Health_Monitoring/trains/trainer.py[line:89] - INFO: learning_rate:0.0005
2021-12-09 16:36:35,003 - /home/tongyuang/code/VER_Health_Monitoring/trains/trainer.py[line:89] - INFO: weight_decay:0.0001
2021-12-09 16:36:36,002 - /home/tongyuang/code/VER_Health_Monitoring/trains/trainer.py[line:139] - INFO: TRAINING: epoch:1, best epoch:0,loss: 0.7404
2021-12-09 16:36:36,036 - /home/tongyuang/code/VER_Health_Monitoring/trains/trainer.py[line:148] - INFO: acc_0.1:0.545730 |f1score_0.1:0.698685 |mae:0.738433 |corr:0.012217 |num_samples:9239.000000 |
2021-12-09 16:36:36,336 - /home/tongyuang/code/VER_Health_Monitoring/trains/trainer.py[line:215] - INFO: EVALUATING: loss: 0.7446
2021-12-09 16:36:36,343 - /home/tongyuang/code/VER_Health_Monitoring/trains/trainer.py[line:225] - INFO: acc_0.1:0.5373 |f1score_0.1:0.6990 |mae:0.7458 |corr:0.0707 |num_samples:1848.0000 |
2021-12-09 16:36:36,344 - /home/tongyuang/code/VER_Health_Monitoring/trains/trainer.py[line:154] - INFO: Best epoch:1, min val loss: 0.7446
2021-12-09 16:36:36,345 - /home/tongyuang/code/VER_Health_Monitoring/trains/trainer.py[line:157] - INFO: Best Model are saved at /home/tongyuang/code/VER_Health_Monitoring/results/best_models/2021-12-09-04-36-34-ACN-best.pt
2021-12-09 16:36:37,367 - /home/tongyuang/code/VER_Health_Monitoring/trains/trainer.py[line:139] - INFO: TRAINING: epoch:2, best epoch:1,loss: 0.7304
2021-12-09 16:36:37,398 - /home/tongyuang/code/VER_Health_Monitoring/trains/trainer.py[line:148] - INFO: acc_0.1:0.549518 |f1score_0.1:0.709276 |mae:0.731721 |corr:0.030843 |num_samples:9239.000000 |
2021-12-09 16:36:37,683 - /home/tongyuang/code/VER_Health_Monitoring/trains/trainer.py[line:215] - INFO: EVALUATING: loss: 0.7510
2021-12-09 16:36:37,690 - /home/tongyuang/code/VER_Health_Monitoring/trains/trainer.py[line:225] - INFO: acc_0.1:0.5373 |f1score_0.1:0.6990 |mae:0.7462 |corr:0.0679 |num_samples:1848.0000 |
2021-12-09 16:36:38,568 - /home/tongyuang/code/VER_Health_Monitoring/trains/trainer.py[line:139] - INFO: TRAINING: epoch:3, best epoch:1,loss: 0.7339
2021-12-09 16:36:38,598 - /home/tongyuang/code/VER_Health_Monitoring/trains/trainer.py[line:148] - INFO: acc_0.1:0.549518 |f1score_0.1:0.709276 |mae:0.730926 |corr:0.040905 |num_samples:9239.000000 |
2021-12-09 16:36:38,918 - /home/tongyuang/code/VER_Health_Monitoring/trains/trainer.py[line:215] - INFO: EVALUATING: loss: 0.7477
2021-12-09 16:36:38,926 - /home/tongyuang/code/VER_Health_Monitoring/trains/trainer.py[line:225] - INFO: acc_0.1:0.5373 |f1score_0.1:0.6990 |mae:0.7463 |corr:0.0696 |num_samples:1848.0000 |
2021-12-09 16:36:39,806 - /home/tongyuang/code/VER_Health_Monitoring/trains/trainer.py[line:139] - INFO: TRAINING: epoch:4, best epoch:1,loss: 0.7306
2021-12-09 16:36:39,835 - /home/tongyuang/code/VER_Health_Monitoring/trains/trainer.py[line:148] - INFO: acc_0.1:0.549518 |f1score_0.1:0.709276 |mae:0.730918 |corr:0.035259 |num_samples:9239.000000 |
2021-12-09 16:36:40,144 - /home/tongyuang/code/VER_Health_Monitoring/trains/trainer.py[line:215] - INFO: EVALUATING: loss: 0.7432
2021-12-09 16:36:40,151 - /home/tongyuang/code/VER_Health_Monitoring/trains/trainer.py[line:225] - INFO: acc_0.1:0.5373 |f1score_0.1:0.6990 |mae:0.7463 |corr:0.0734 |num_samples:1848.0000 |
2021-12-09 16:36:40,151 - /home/tongyuang/code/VER_Health_Monitoring/trains/trainer.py[line:154] - INFO: Best epoch:4, min val loss: 0.7432
2021-12-09 16:36:40,153 - /home/tongyuang/code/VER_Health_Monitoring/trains/trainer.py[line:157] - INFO: Best Model are saved at /home/tongyuang/code/VER_Health_Monitoring/results/best_models/2021-12-09-04-36-34-ACN-best.pt
2021-12-09 16:36:41,112 - /home/tongyuang/code/VER_Health_Monitoring/trains/trainer.py[line:139] - INFO: TRAINING: epoch:5, best epoch:4,loss: 0.7318
2021-12-09 16:36:41,148 - /home/tongyuang/code/VER_Health_Monitoring/trains/trainer.py[line:148] - INFO: acc_0.1:0.549518 |f1score_0.1:0.709276 |mae:0.730702 |corr:0.038019 |num_samples:9239.000000 |
2021-12-09 16:36:41,419 - /home/tongyuang/code/VER_Health_Monitoring/trains/trainer.py[line:215] - INFO: EVALUATING: loss: 0.7526
2021-12-09 16:36:41,426 - /home/tongyuang/code/VER_Health_Monitoring/trains/trainer.py[line:225] - INFO: acc_0.1:0.5373 |f1score_0.1:0.6990 |mae:0.7465 |corr:0.0722 |num_samples:1848.0000 |
2021-12-09 16:36:42,296 - /home/tongyuang/code/VER_Health_Monitoring/trains/trainer.py[line:139] - INFO: TRAINING: epoch:6, best epoch:4,loss: 0.7298
2021-12-09 16:36:42,338 - /home/tongyuang/code/VER_Health_Monitoring/trains/trainer.py[line:148] - INFO: acc_0.1:0.549518 |f1score_0.1:0.709276 |mae:0.730686 |corr:0.039402 |num_samples:9239.000000 |
2021-12-09 16:36:42,637 - /home/tongyuang/code/VER_Health_Monitoring/trains/trainer.py[line:215] - INFO: EVALUATING: loss: 0.7487
2021-12-09 16:36:42,647 - /home/tongyuang/code/VER_Health_Monitoring/trains/trainer.py[line:225] - INFO: acc_0.1:0.5373 |f1score_0.1:0.6990 |mae:0.7466 |corr:0.0714 |num_samples:1848.0000 |
2021-12-09 16:36:43,511 - /home/tongyuang/code/VER_Health_Monitoring/trains/trainer.py[line:139] - INFO: TRAINING: epoch:7, best epoch:4,loss: 0.7298
2021-12-09 16:36:43,542 - /home/tongyuang/code/VER_Health_Monitoring/trains/trainer.py[line:148] - INFO: acc_0.1:0.549518 |f1score_0.1:0.709276 |mae:0.730692 |corr:0.034937 |num_samples:9239.000000 |
2021-12-09 16:36:43,828 - /home/tongyuang/code/VER_Health_Monitoring/trains/trainer.py[line:215] - INFO: EVALUATING: loss: 0.7528
2021-12-09 16:36:43,842 - /home/tongyuang/code/VER_Health_Monitoring/trains/trainer.py[line:225] - INFO: acc_0.1:0.5373 |f1score_0.1:0.6990 |mae:0.7467 |corr:0.0694 |num_samples:1848.0000 |
2021-12-09 16:36:44,695 - /home/tongyuang/code/VER_Health_Monitoring/trains/trainer.py[line:139] - INFO: TRAINING: epoch:8, best epoch:4,loss: 0.7312
2021-12-09 16:36:44,733 - /home/tongyuang/code/VER_Health_Monitoring/trains/trainer.py[line:148] - INFO: acc_0.1:0.549518 |f1score_0.1:0.709276 |mae:0.730601 |corr:0.050996 |num_samples:9239.000000 |
2021-12-09 16:36:45,046 - /home/tongyuang/code/VER_Health_Monitoring/trains/trainer.py[line:215] - INFO: EVALUATING: loss: 0.7501
2021-12-09 16:36:45,053 - /home/tongyuang/code/VER_Health_Monitoring/trains/trainer.py[line:225] - INFO: acc_0.1:0.5373 |f1score_0.1:0.6990 |mae:0.7466 |corr:0.0703 |num_samples:1848.0000 |
2021-12-09 16:36:45,936 - /home/tongyuang/code/VER_Health_Monitoring/trains/trainer.py[line:139] - INFO: TRAINING: epoch:9, best epoch:4,loss: 0.7327
2021-12-09 16:36:45,966 - /home/tongyuang/code/VER_Health_Monitoring/trains/trainer.py[line:148] - INFO: acc_0.1:0.549518 |f1score_0.1:0.709276 |mae:0.730658 |corr:0.037145 |num_samples:9239.000000 |
2021-12-09 16:36:46,254 - /home/tongyuang/code/VER_Health_Monitoring/trains/trainer.py[line:215] - INFO: EVALUATING: loss: 0.7421
2021-12-09 16:36:46,261 - /home/tongyuang/code/VER_Health_Monitoring/trains/trainer.py[line:225] - INFO: acc_0.1:0.5373 |f1score_0.1:0.6990 |mae:0.7467 |corr:0.0707 |num_samples:1848.0000 |
2021-12-09 16:36:46,262 - /home/tongyuang/code/VER_Health_Monitoring/trains/trainer.py[line:154] - INFO: Best epoch:9, min val loss: 0.7421
2021-12-09 16:36:46,264 - /home/tongyuang/code/VER_Health_Monitoring/trains/trainer.py[line:157] - INFO: Best Model are saved at /home/tongyuang/code/VER_Health_Monitoring/results/best_models/2021-12-09-04-36-34-ACN-best.pt
2021-12-09 16:36:47,251 - /home/tongyuang/code/VER_Health_Monitoring/trains/trainer.py[line:139] - INFO: TRAINING: epoch:10, best epoch:9,loss: 0.7317
2021-12-09 16:36:47,295 - /home/tongyuang/code/VER_Health_Monitoring/trains/trainer.py[line:148] - INFO: acc_0.1:0.549518 |f1score_0.1:0.709276 |mae:0.730671 |corr:0.034706 |num_samples:9239.000000 |
2021-12-09 16:36:47,599 - /home/tongyuang/code/VER_Health_Monitoring/trains/trainer.py[line:215] - INFO: EVALUATING: loss: 0.7475
2021-12-09 16:36:47,606 - /home/tongyuang/code/VER_Health_Monitoring/trains/trainer.py[line:225] - INFO: acc_0.1:0.5373 |f1score_0.1:0.6990 |mae:0.7467 |corr:0.0736 |num_samples:1848.0000 |
2021-12-09 16:36:48,472 - /home/tongyuang/code/VER_Health_Monitoring/trains/trainer.py[line:139] - INFO: TRAINING: epoch:11, best epoch:9,loss: 0.7332
2021-12-09 16:36:48,502 - /home/tongyuang/code/VER_Health_Monitoring/trains/trainer.py[line:148] - INFO: acc_0.1:0.549518 |f1score_0.1:0.709276 |mae:0.730647 |corr:0.042376 |num_samples:9239.000000 |
2021-12-09 16:36:48,805 - /home/tongyuang/code/VER_Health_Monitoring/trains/trainer.py[line:215] - INFO: EVALUATING: loss: 0.7401
2021-12-09 16:36:48,812 - /home/tongyuang/code/VER_Health_Monitoring/trains/trainer.py[line:225] - INFO: acc_0.1:0.5373 |f1score_0.1:0.6990 |mae:0.7467 |corr:0.0765 |num_samples:1848.0000 |
2021-12-09 16:36:48,813 - /home/tongyuang/code/VER_Health_Monitoring/trains/trainer.py[line:154] - INFO: Best epoch:11, min val loss: 0.7401
2021-12-09 16:36:48,814 - /home/tongyuang/code/VER_Health_Monitoring/trains/trainer.py[line:157] - INFO: Best Model are saved at /home/tongyuang/code/VER_Health_Monitoring/results/best_models/2021-12-09-04-36-34-ACN-best.pt
2021-12-09 16:36:49,767 - /home/tongyuang/code/VER_Health_Monitoring/trains/trainer.py[line:139] - INFO: TRAINING: epoch:12, best epoch:11,loss: 0.7317
2021-12-09 16:36:49,808 - /home/tongyuang/code/VER_Health_Monitoring/trains/trainer.py[line:148] - INFO: acc_0.1:0.549518 |f1score_0.1:0.709276 |mae:0.730588 |corr:0.047625 |num_samples:9239.000000 |
2021-12-09 16:36:50,105 - /home/tongyuang/code/VER_Health_Monitoring/trains/trainer.py[line:215] - INFO: EVALUATING: loss: 0.7434
2021-12-09 16:36:50,111 - /home/tongyuang/code/VER_Health_Monitoring/trains/trainer.py[line:225] - INFO: acc_0.1:0.5373 |f1score_0.1:0.6990 |mae:0.7467 |corr:0.0792 |num_samples:1848.0000 |
2021-12-09 16:36:51,005 - /home/tongyuang/code/VER_Health_Monitoring/trains/trainer.py[line:139] - INFO: TRAINING: epoch:13, best epoch:11,loss: 0.7317
2021-12-09 16:36:51,057 - /home/tongyuang/code/VER_Health_Monitoring/trains/trainer.py[line:148] - INFO: acc_0.1:0.549518 |f1score_0.1:0.709276 |mae:0.730651 |corr:0.029818 |num_samples:9239.000000 |
2021-12-09 16:36:51,375 - /home/tongyuang/code/VER_Health_Monitoring/trains/trainer.py[line:215] - INFO: EVALUATING: loss: 0.7488
2021-12-09 16:36:51,382 - /home/tongyuang/code/VER_Health_Monitoring/trains/trainer.py[line:225] - INFO: acc_0.1:0.5373 |f1score_0.1:0.6990 |mae:0.7467 |corr:0.0804 |num_samples:1848.0000 |
2021-12-09 16:36:52,284 - /home/tongyuang/code/VER_Health_Monitoring/trains/trainer.py[line:139] - INFO: TRAINING: epoch:14, best epoch:11,loss: 0.7288
2021-12-09 16:36:52,328 - /home/tongyuang/code/VER_Health_Monitoring/trains/trainer.py[line:148] - INFO: acc_0.1:0.549518 |f1score_0.1:0.709276 |mae:0.730612 |corr:0.042690 |num_samples:9239.000000 |
2021-12-09 16:36:52,650 - /home/tongyuang/code/VER_Health_Monitoring/trains/trainer.py[line:215] - INFO: EVALUATING: loss: 0.7422
2021-12-09 16:36:52,660 - /home/tongyuang/code/VER_Health_Monitoring/trains/trainer.py[line:225] - INFO: acc_0.1:0.5373 |f1score_0.1:0.6990 |mae:0.7467 |corr:0.0796 |num_samples:1848.0000 |
2021-12-09 16:36:53,543 - /home/tongyuang/code/VER_Health_Monitoring/trains/trainer.py[line:139] - INFO: TRAINING: epoch:15, best epoch:11,loss: 0.7303
2021-12-09 16:36:53,591 - /home/tongyuang/code/VER_Health_Monitoring/trains/trainer.py[line:148] - INFO: acc_0.1:0.549518 |f1score_0.1:0.709276 |mae:0.730645 |corr:0.021458 |num_samples:9239.000000 |
2021-12-09 16:36:53,936 - /home/tongyuang/code/VER_Health_Monitoring/trains/trainer.py[line:215] - INFO: EVALUATING: loss: 0.7428
2021-12-09 16:36:53,944 - /home/tongyuang/code/VER_Health_Monitoring/trains/trainer.py[line:225] - INFO: acc_0.1:0.5373 |f1score_0.1:0.6990 |mae:0.7467 |corr:0.0824 |num_samples:1848.0000 |
2021-12-09 16:36:54,874 - /home/tongyuang/code/VER_Health_Monitoring/trains/trainer.py[line:139] - INFO: TRAINING: epoch:16, best epoch:11,loss: 0.7336
2021-12-09 16:36:54,913 - /home/tongyuang/code/VER_Health_Monitoring/trains/trainer.py[line:148] - INFO: acc_0.1:0.549518 |f1score_0.1:0.709276 |mae:0.730618 |corr:0.031928 |num_samples:9239.000000 |
2021-12-09 16:36:55,224 - /home/tongyuang/code/VER_Health_Monitoring/trains/trainer.py[line:215] - INFO: EVALUATING: loss: 0.7489
2021-12-09 16:36:55,231 - /home/tongyuang/code/VER_Health_Monitoring/trains/trainer.py[line:225] - INFO: acc_0.1:0.5373 |f1score_0.1:0.6990 |mae:0.7467 |corr:0.0827 |num_samples:1848.0000 |
2021-12-09 16:36:56,133 - /home/tongyuang/code/VER_Health_Monitoring/trains/trainer.py[line:139] - INFO: TRAINING: epoch:17, best epoch:11,loss: 0.7288
2021-12-09 16:36:56,170 - /home/tongyuang/code/VER_Health_Monitoring/trains/trainer.py[line:148] - INFO: acc_0.1:0.549518 |f1score_0.1:0.709276 |mae:0.730616 |corr:0.036049 |num_samples:9239.000000 |
2021-12-09 16:36:56,489 - /home/tongyuang/code/VER_Health_Monitoring/trains/trainer.py[line:215] - INFO: EVALUATING: loss: 0.7448
2021-12-09 16:36:56,496 - /home/tongyuang/code/VER_Health_Monitoring/trains/trainer.py[line:225] - INFO: acc_0.1:0.5373 |f1score_0.1:0.6990 |mae:0.7467 |corr:0.0850 |num_samples:1848.0000 |
2021-12-09 16:36:57,374 - /home/tongyuang/code/VER_Health_Monitoring/trains/trainer.py[line:139] - INFO: TRAINING: epoch:18, best epoch:11,loss: 0.7287
2021-12-09 16:36:57,410 - /home/tongyuang/code/VER_Health_Monitoring/trains/trainer.py[line:148] - INFO: acc_0.1:0.549518 |f1score_0.1:0.709276 |mae:0.730599 |corr:0.046844 |num_samples:9239.000000 |
2021-12-09 16:36:57,734 - /home/tongyuang/code/VER_Health_Monitoring/trains/trainer.py[line:215] - INFO: EVALUATING: loss: 0.7495
2021-12-09 16:36:57,740 - /home/tongyuang/code/VER_Health_Monitoring/trains/trainer.py[line:225] - INFO: acc_0.1:0.5373 |f1score_0.1:0.6990 |mae:0.7467 |corr:0.0832 |num_samples:1848.0000 |
2021-12-09 16:36:58,626 - /home/tongyuang/code/VER_Health_Monitoring/trains/trainer.py[line:139] - INFO: TRAINING: epoch:19, best epoch:11,loss: 0.7273
2021-12-09 16:36:58,657 - /home/tongyuang/code/VER_Health_Monitoring/trains/trainer.py[line:148] - INFO: acc_0.1:0.549518 |f1score_0.1:0.709276 |mae:0.730597 |corr:0.038848 |num_samples:9239.000000 |
2021-12-09 16:36:58,960 - /home/tongyuang/code/VER_Health_Monitoring/trains/trainer.py[line:215] - INFO: EVALUATING: loss: 0.7509
2021-12-09 16:36:58,966 - /home/tongyuang/code/VER_Health_Monitoring/trains/trainer.py[line:225] - INFO: acc_0.1:0.5373 |f1score_0.1:0.6990 |mae:0.7467 |corr:0.0831 |num_samples:1848.0000 |
2021-12-09 16:36:58,967 - /home/tongyuang/code/VER_Health_Monitoring/trains/trainer.py[line:171] - INFO: early stop triggered!
2021-12-09 16:36:58,967 - /home/tongyuang/code/VER_Health_Monitoring/trains/trainer.py[line:172] - INFO: Best Model are saved at /home/tongyuang/code/VER_Health_Monitoring/results/best_models/2021-12-09-04-36-34-ACN-best.pt
