2021-12-16 23:15:23,772 - /home/tongyuang/code/VER_Health_Monitoring/trains/trainer.py[line:89] - INFO: feature_dim:562
2021-12-16 23:15:23,772 - /home/tongyuang/code/VER_Health_Monitoring/trains/trainer.py[line:89] - INFO: num_classes:3
2021-12-16 23:15:23,772 - /home/tongyuang/code/VER_Health_Monitoring/trains/trainer.py[line:89] - INFO: activation:relu
2021-12-16 23:15:23,772 - /home/tongyuang/code/VER_Health_Monitoring/trains/trainer.py[line:89] - INFO: channels:[16, 64, 64, 128, 128, 256, 256]
2021-12-16 23:15:23,772 - /home/tongyuang/code/VER_Health_Monitoring/trains/trainer.py[line:89] - INFO: kernels:[7, 7, 7, 5, 5, 3, 3]
2021-12-16 23:15:23,772 - /home/tongyuang/code/VER_Health_Monitoring/trains/trainer.py[line:89] - INFO: pooling_kernels:[1, 1, 4, 1, 4, 1, 4]
2021-12-16 23:15:23,772 - /home/tongyuang/code/VER_Health_Monitoring/trains/trainer.py[line:89] - INFO: dropout:[0.0, 0.0, 0.0, 0.0, 0.0, 0.2, 0.2]
2021-12-16 23:15:23,772 - /home/tongyuang/code/VER_Health_Monitoring/trains/trainer.py[line:89] - INFO: output_hidden_dim:2048
2021-12-16 23:15:23,772 - /home/tongyuang/code/VER_Health_Monitoring/trains/trainer.py[line:89] - INFO: output_dropout:0.2
2021-12-16 23:15:23,772 - /home/tongyuang/code/VER_Health_Monitoring/trains/trainer.py[line:89] - INFO: output_activation:tanh
2021-12-16 23:15:23,772 - /home/tongyuang/code/VER_Health_Monitoring/trains/trainer.py[line:89] - INFO: output_activation_for_classification:relu
2021-12-16 23:15:23,772 - /home/tongyuang/code/VER_Health_Monitoring/trains/trainer.py[line:89] - INFO: learning_rate:1e-05
2021-12-16 23:15:23,772 - /home/tongyuang/code/VER_Health_Monitoring/trains/trainer.py[line:89] - INFO: weight_decay:0.0001
2021-12-16 23:15:31,414 - /home/tongyuang/code/VER_Health_Monitoring/trains/trainer.py[line:139] - INFO: TRAINING: epoch:1, best epoch:0,loss: 0.2347
2021-12-16 23:15:31,691 - /home/tongyuang/code/VER_Health_Monitoring/trains/trainer.py[line:150] - INFO: acc:0.5024 |f1score:0.5012 |mae:0.7777 |CM:[2590 2487    0  786  788    0 1324 1264    0] |
2021-12-16 23:15:32,916 - /home/tongyuang/code/VER_Health_Monitoring/trains/trainer.py[line:216] - INFO: EVALUATING: loss: 0.2030
2021-12-16 23:15:32,972 - /home/tongyuang/code/VER_Health_Monitoring/trains/trainer.py[line:228] - INFO: acc:0.4610 |f1score:0.5846 |mae:0.8231 |CM:[ 54 939   0  22 308   0  35 490   0] |
2021-12-16 23:15:32,975 - /home/tongyuang/code/VER_Health_Monitoring/trains/trainer.py[line:156] - INFO: Best epoch:1, min val loss: 0.2030
2021-12-16 23:15:32,981 - /home/tongyuang/code/VER_Health_Monitoring/trains/trainer.py[line:159] - INFO: Best Model are saved at /home/tongyuang/code/VER_Health_Monitoring/results/best_models/2021-12-16-11-15-23-ACN-reg-best.pt
2021-12-16 23:15:40,675 - /home/tongyuang/code/VER_Health_Monitoring/trains/trainer.py[line:139] - INFO: TRAINING: epoch:2, best epoch:1,loss: 0.2263
2021-12-16 23:15:40,984 - /home/tongyuang/code/VER_Health_Monitoring/trains/trainer.py[line:150] - INFO: acc:0.5098 |f1score:0.5086 |mae:0.7703 |CM:[2583 2494    0  760  814    0 1275 1313    0] |
2021-12-16 23:15:42,245 - /home/tongyuang/code/VER_Health_Monitoring/trains/trainer.py[line:216] - INFO: EVALUATING: loss: 0.2026
2021-12-16 23:15:42,310 - /home/tongyuang/code/VER_Health_Monitoring/trains/trainer.py[line:228] - INFO: acc:0.4816 |f1score:0.5738 |mae:0.8025 |CM:[114 879   0  35 295   0  44 481   0] |
2021-12-16 23:15:42,313 - /home/tongyuang/code/VER_Health_Monitoring/trains/trainer.py[line:156] - INFO: Best epoch:2, min val loss: 0.2026
2021-12-16 23:15:42,318 - /home/tongyuang/code/VER_Health_Monitoring/trains/trainer.py[line:159] - INFO: Best Model are saved at /home/tongyuang/code/VER_Health_Monitoring/results/best_models/2021-12-16-11-15-23-ACN-reg-best.pt
2021-12-16 23:15:50,046 - /home/tongyuang/code/VER_Health_Monitoring/trains/trainer.py[line:139] - INFO: TRAINING: epoch:3, best epoch:2,loss: 0.2234
2021-12-16 23:15:50,381 - /home/tongyuang/code/VER_Health_Monitoring/trains/trainer.py[line:150] - INFO: acc:0.5120 |f1score:0.5108 |mae:0.7682 |CM:[2540 2537    0  761  813    0 1211 1377    0] |
2021-12-16 23:15:51,626 - /home/tongyuang/code/VER_Health_Monitoring/trains/trainer.py[line:216] - INFO: EVALUATING: loss: 0.1892
2021-12-16 23:15:51,689 - /home/tongyuang/code/VER_Health_Monitoring/trains/trainer.py[line:228] - INFO: acc:0.5146 |f1score:0.5394 |mae:0.7695 |CM:[302 691   0  95 235   0 111 414   0] |
2021-12-16 23:15:51,692 - /home/tongyuang/code/VER_Health_Monitoring/trains/trainer.py[line:156] - INFO: Best epoch:3, min val loss: 0.1892
2021-12-16 23:15:51,698 - /home/tongyuang/code/VER_Health_Monitoring/trains/trainer.py[line:159] - INFO: Best Model are saved at /home/tongyuang/code/VER_Health_Monitoring/results/best_models/2021-12-16-11-15-23-ACN-reg-best.pt
2021-12-16 23:15:59,435 - /home/tongyuang/code/VER_Health_Monitoring/trains/trainer.py[line:139] - INFO: TRAINING: epoch:4, best epoch:3,loss: 0.2208
2021-12-16 23:15:59,754 - /home/tongyuang/code/VER_Health_Monitoring/trains/trainer.py[line:150] - INFO: acc:0.5161 |f1score:0.5150 |mae:0.7640 |CM:[2541 2536    0  760  814    0 1175 1413    0] |
2021-12-16 23:16:01,062 - /home/tongyuang/code/VER_Health_Monitoring/trains/trainer.py[line:216] - INFO: EVALUATING: loss: 0.1882
2021-12-16 23:16:01,123 - /home/tongyuang/code/VER_Health_Monitoring/trains/trainer.py[line:228] - INFO: acc:0.5368 |f1score:0.5396 |mae:0.7473 |CM:[451 542   0 132 198   0 182 343   0] |
2021-12-16 23:16:01,126 - /home/tongyuang/code/VER_Health_Monitoring/trains/trainer.py[line:156] - INFO: Best epoch:4, min val loss: 0.1882
2021-12-16 23:16:01,132 - /home/tongyuang/code/VER_Health_Monitoring/trains/trainer.py[line:159] - INFO: Best Model are saved at /home/tongyuang/code/VER_Health_Monitoring/results/best_models/2021-12-16-11-15-23-ACN-reg-best.pt
2021-12-16 23:16:08,835 - /home/tongyuang/code/VER_Health_Monitoring/trains/trainer.py[line:139] - INFO: TRAINING: epoch:5, best epoch:4,loss: 0.2218
2021-12-16 23:16:09,155 - /home/tongyuang/code/VER_Health_Monitoring/trains/trainer.py[line:150] - INFO: acc:0.5143 |f1score:0.5132 |mae:0.7658 |CM:[2563 2514    0  743  831    0 1230 1358    0] |
2021-12-16 23:16:10,445 - /home/tongyuang/code/VER_Health_Monitoring/trains/trainer.py[line:216] - INFO: EVALUATING: loss: 0.1881
2021-12-16 23:16:10,506 - /home/tongyuang/code/VER_Health_Monitoring/trains/trainer.py[line:228] - INFO: acc:0.5325 |f1score:0.5356 |mae:0.7516 |CM:[443 550   0 134 196   0 180 345   0] |
2021-12-16 23:16:10,510 - /home/tongyuang/code/VER_Health_Monitoring/trains/trainer.py[line:156] - INFO: Best epoch:5, min val loss: 0.1881
2021-12-16 23:16:10,516 - /home/tongyuang/code/VER_Health_Monitoring/trains/trainer.py[line:159] - INFO: Best Model are saved at /home/tongyuang/code/VER_Health_Monitoring/results/best_models/2021-12-16-11-15-23-ACN-reg-best.pt
2021-12-16 23:16:18,262 - /home/tongyuang/code/VER_Health_Monitoring/trains/trainer.py[line:139] - INFO: TRAINING: epoch:6, best epoch:5,loss: 0.2184
2021-12-16 23:16:18,584 - /home/tongyuang/code/VER_Health_Monitoring/trains/trainer.py[line:150] - INFO: acc:0.5147 |f1score:0.5135 |mae:0.7655 |CM:[2565 2512    0  753  821    0 1219 1369    0] |
2021-12-16 23:16:19,866 - /home/tongyuang/code/VER_Health_Monitoring/trains/trainer.py[line:216] - INFO: EVALUATING: loss: 0.1870
2021-12-16 23:16:19,961 - /home/tongyuang/code/VER_Health_Monitoring/trains/trainer.py[line:228] - INFO: acc:0.5081 |f1score:0.5429 |mae:0.7760 |CM:[262 731   0  71 259   0 107 418   0] |
2021-12-16 23:16:19,964 - /home/tongyuang/code/VER_Health_Monitoring/trains/trainer.py[line:156] - INFO: Best epoch:6, min val loss: 0.1870
2021-12-16 23:16:19,971 - /home/tongyuang/code/VER_Health_Monitoring/trains/trainer.py[line:159] - INFO: Best Model are saved at /home/tongyuang/code/VER_Health_Monitoring/results/best_models/2021-12-16-11-15-23-ACN-reg-best.pt
2021-12-16 23:16:27,755 - /home/tongyuang/code/VER_Health_Monitoring/trains/trainer.py[line:139] - INFO: TRAINING: epoch:7, best epoch:6,loss: 0.2158
2021-12-16 23:16:28,077 - /home/tongyuang/code/VER_Health_Monitoring/trains/trainer.py[line:150] - INFO: acc:0.5211 |f1score:0.5201 |mae:0.7591 |CM:[2536 2541    0  715  859    0 1169 1419    0] |
2021-12-16 23:16:29,350 - /home/tongyuang/code/VER_Health_Monitoring/trains/trainer.py[line:216] - INFO: EVALUATING: loss: 0.1858
2021-12-16 23:16:29,416 - /home/tongyuang/code/VER_Health_Monitoring/trains/trainer.py[line:228] - INFO: acc:0.5298 |f1score:0.5367 |mae:0.7543 |CM:[407 586   0 123 207   0 160 365   0] |
2021-12-16 23:16:29,420 - /home/tongyuang/code/VER_Health_Monitoring/trains/trainer.py[line:156] - INFO: Best epoch:7, min val loss: 0.1858
2021-12-16 23:16:29,425 - /home/tongyuang/code/VER_Health_Monitoring/trains/trainer.py[line:159] - INFO: Best Model are saved at /home/tongyuang/code/VER_Health_Monitoring/results/best_models/2021-12-16-11-15-23-ACN-reg-best.pt
2021-12-16 23:16:37,130 - /home/tongyuang/code/VER_Health_Monitoring/trains/trainer.py[line:139] - INFO: TRAINING: epoch:8, best epoch:7,loss: 0.2142
2021-12-16 23:16:37,467 - /home/tongyuang/code/VER_Health_Monitoring/trains/trainer.py[line:150] - INFO: acc:0.5192 |f1score:0.5182 |mae:0.7609 |CM:[2548 2529    0  731  843    0 1182 1406    0] |
2021-12-16 23:16:38,763 - /home/tongyuang/code/VER_Health_Monitoring/trains/trainer.py[line:216] - INFO: EVALUATING: loss: 0.1849
2021-12-16 23:16:38,830 - /home/tongyuang/code/VER_Health_Monitoring/trains/trainer.py[line:228] - INFO: acc:0.5173 |f1score:0.5375 |mae:0.7668 |CM:[323 670   0  95 235   0 127 398   0] |
2021-12-16 23:16:38,833 - /home/tongyuang/code/VER_Health_Monitoring/trains/trainer.py[line:156] - INFO: Best epoch:8, min val loss: 0.1849
2021-12-16 23:16:38,838 - /home/tongyuang/code/VER_Health_Monitoring/trains/trainer.py[line:159] - INFO: Best Model are saved at /home/tongyuang/code/VER_Health_Monitoring/results/best_models/2021-12-16-11-15-23-ACN-reg-best.pt
2021-12-16 23:16:46,495 - /home/tongyuang/code/VER_Health_Monitoring/trains/trainer.py[line:139] - INFO: TRAINING: epoch:9, best epoch:8,loss: 0.2152
2021-12-16 23:16:46,816 - /home/tongyuang/code/VER_Health_Monitoring/trains/trainer.py[line:150] - INFO: acc:0.5165 |f1score:0.5156 |mae:0.7636 |CM:[2498 2579    0  727  847    0 1161 1427    0] |
2021-12-16 23:16:48,137 - /home/tongyuang/code/VER_Health_Monitoring/trains/trainer.py[line:216] - INFO: EVALUATING: loss: 0.1855
2021-12-16 23:16:48,204 - /home/tongyuang/code/VER_Health_Monitoring/trains/trainer.py[line:228] - INFO: acc:0.5097 |f1score:0.5410 |mae:0.7744 |CM:[275 718   0  82 248   0 106 419   0] |
2021-12-16 23:16:55,747 - /home/tongyuang/code/VER_Health_Monitoring/trains/trainer.py[line:139] - INFO: TRAINING: epoch:10, best epoch:8,loss: 0.2120
2021-12-16 23:16:56,055 - /home/tongyuang/code/VER_Health_Monitoring/trains/trainer.py[line:150] - INFO: acc:0.5252 |f1score:0.5243 |mae:0.7550 |CM:[2540 2537    0  715  859    0 1135 1453    0] |
2021-12-16 23:16:57,364 - /home/tongyuang/code/VER_Health_Monitoring/trains/trainer.py[line:216] - INFO: EVALUATING: loss: 0.1845
2021-12-16 23:16:57,440 - /home/tongyuang/code/VER_Health_Monitoring/trains/trainer.py[line:228] - INFO: acc:0.5135 |f1score:0.5359 |mae:0.7706 |CM:[311 682   0  92 238   0 125 400   0] |
2021-12-16 23:16:57,445 - /home/tongyuang/code/VER_Health_Monitoring/trains/trainer.py[line:156] - INFO: Best epoch:10, min val loss: 0.1845
2021-12-16 23:16:57,451 - /home/tongyuang/code/VER_Health_Monitoring/trains/trainer.py[line:159] - INFO: Best Model are saved at /home/tongyuang/code/VER_Health_Monitoring/results/best_models/2021-12-16-11-15-23-ACN-reg-best.pt
2021-12-16 23:17:05,176 - /home/tongyuang/code/VER_Health_Monitoring/trains/trainer.py[line:139] - INFO: TRAINING: epoch:11, best epoch:10,loss: 0.2130
2021-12-16 23:17:05,505 - /home/tongyuang/code/VER_Health_Monitoring/trains/trainer.py[line:150] - INFO: acc:0.5084 |f1score:0.5076 |mae:0.7717 |CM:[2446 2631    0  745  829    0 1166 1422    0] |
2021-12-16 23:17:06,789 - /home/tongyuang/code/VER_Health_Monitoring/trains/trainer.py[line:216] - INFO: EVALUATING: loss: 0.1845
2021-12-16 23:17:06,858 - /home/tongyuang/code/VER_Health_Monitoring/trains/trainer.py[line:228] - INFO: acc:0.5541 |f1score:0.5553 |mae:0.7300 |CM:[488 505   0 141 189   0 178 347   0] |
2021-12-16 23:17:14,461 - /home/tongyuang/code/VER_Health_Monitoring/trains/trainer.py[line:139] - INFO: TRAINING: epoch:12, best epoch:10,loss: 0.2114
2021-12-16 23:17:14,781 - /home/tongyuang/code/VER_Health_Monitoring/trains/trainer.py[line:150] - INFO: acc:0.5258 |f1score:0.5249 |mae:0.7543 |CM:[2553 2524    0  694  880    0 1163 1425    0] |
2021-12-16 23:17:16,081 - /home/tongyuang/code/VER_Health_Monitoring/trains/trainer.py[line:216] - INFO: EVALUATING: loss: 0.1828
2021-12-16 23:17:16,146 - /home/tongyuang/code/VER_Health_Monitoring/trains/trainer.py[line:228] - INFO: acc:0.5395 |f1score:0.5493 |mae:0.7446 |CM:[395 598   0 113 217   0 140 385   0] |
2021-12-16 23:17:16,149 - /home/tongyuang/code/VER_Health_Monitoring/trains/trainer.py[line:156] - INFO: Best epoch:12, min val loss: 0.1828
2021-12-16 23:17:16,154 - /home/tongyuang/code/VER_Health_Monitoring/trains/trainer.py[line:159] - INFO: Best Model are saved at /home/tongyuang/code/VER_Health_Monitoring/results/best_models/2021-12-16-11-15-23-ACN-reg-best.pt
2021-12-16 23:17:23,909 - /home/tongyuang/code/VER_Health_Monitoring/trains/trainer.py[line:139] - INFO: TRAINING: epoch:13, best epoch:12,loss: 0.2099
2021-12-16 23:17:24,257 - /home/tongyuang/code/VER_Health_Monitoring/trains/trainer.py[line:150] - INFO: acc:0.5239 |f1score:0.5230 |mae:0.7563 |CM:[2526 2551    0  718  856    0 1130 1458    0] |
2021-12-16 23:17:25,582 - /home/tongyuang/code/VER_Health_Monitoring/trains/trainer.py[line:216] - INFO: EVALUATING: loss: 0.1886
2021-12-16 23:17:25,653 - /home/tongyuang/code/VER_Health_Monitoring/trains/trainer.py[line:228] - INFO: acc:0.5741 |f1score:0.5744 |mae:0.7100 |CM:[607 386   0 161 169   0 240 285   0] |
2021-12-16 23:17:33,261 - /home/tongyuang/code/VER_Health_Monitoring/trains/trainer.py[line:139] - INFO: TRAINING: epoch:14, best epoch:12,loss: 0.2073
2021-12-16 23:17:33,572 - /home/tongyuang/code/VER_Health_Monitoring/trains/trainer.py[line:150] - INFO: acc:0.5385 |f1score:0.5376 |mae:0.7416 |CM:[2616 2461    0  680  894    0 1123 1465    0] |
2021-12-16 23:17:34,917 - /home/tongyuang/code/VER_Health_Monitoring/trains/trainer.py[line:216] - INFO: EVALUATING: loss: 0.1838
2021-12-16 23:17:34,980 - /home/tongyuang/code/VER_Health_Monitoring/trains/trainer.py[line:228] - INFO: acc:0.5216 |f1score:0.5323 |mae:0.7624 |CM:[375 618   0 104 226   0 162 363   0] |
2021-12-16 23:17:42,636 - /home/tongyuang/code/VER_Health_Monitoring/trains/trainer.py[line:139] - INFO: TRAINING: epoch:15, best epoch:12,loss: 0.2080
2021-12-16 23:17:42,966 - /home/tongyuang/code/VER_Health_Monitoring/trains/trainer.py[line:150] - INFO: acc:0.5305 |f1score:0.5297 |mae:0.7496 |CM:[2554 2523    0  672  902    0 1143 1445    0] |
2021-12-16 23:17:44,234 - /home/tongyuang/code/VER_Health_Monitoring/trains/trainer.py[line:216] - INFO: EVALUATING: loss: 0.1840
2021-12-16 23:17:44,296 - /home/tongyuang/code/VER_Health_Monitoring/trains/trainer.py[line:228] - INFO: acc:0.5260 |f1score:0.5460 |mae:0.7581 |CM:[330 663   0  90 240   0 123 402   0] |
2021-12-16 23:17:51,874 - /home/tongyuang/code/VER_Health_Monitoring/trains/trainer.py[line:139] - INFO: TRAINING: epoch:16, best epoch:12,loss: 0.2094
2021-12-16 23:17:52,192 - /home/tongyuang/code/VER_Health_Monitoring/trains/trainer.py[line:150] - INFO: acc:0.5288 |f1score:0.5280 |mae:0.7513 |CM:[2560 2517    0  681  893    0 1155 1433    0] |
2021-12-16 23:17:53,470 - /home/tongyuang/code/VER_Health_Monitoring/trains/trainer.py[line:216] - INFO: EVALUATING: loss: 0.1820
2021-12-16 23:17:53,531 - /home/tongyuang/code/VER_Health_Monitoring/trains/trainer.py[line:228] - INFO: acc:0.5292 |f1score:0.5376 |mae:0.7549 |CM:[396 597   0 112 218   0 161 364   0] |
2021-12-16 23:17:53,535 - /home/tongyuang/code/VER_Health_Monitoring/trains/trainer.py[line:156] - INFO: Best epoch:16, min val loss: 0.1820
2021-12-16 23:17:53,540 - /home/tongyuang/code/VER_Health_Monitoring/trains/trainer.py[line:159] - INFO: Best Model are saved at /home/tongyuang/code/VER_Health_Monitoring/results/best_models/2021-12-16-11-15-23-ACN-reg-best.pt
2021-12-16 23:18:01,547 - /home/tongyuang/code/VER_Health_Monitoring/trains/trainer.py[line:139] - INFO: TRAINING: epoch:17, best epoch:16,loss: 0.2072
2021-12-16 23:18:01,876 - /home/tongyuang/code/VER_Health_Monitoring/trains/trainer.py[line:150] - INFO: acc:0.5316 |f1score:0.5307 |mae:0.7486 |CM:[2573 2504    0  664  910    0 1160 1428    0] |
2021-12-16 23:18:03,305 - /home/tongyuang/code/VER_Health_Monitoring/trains/trainer.py[line:216] - INFO: EVALUATING: loss: 0.1843
2021-12-16 23:18:03,371 - /home/tongyuang/code/VER_Health_Monitoring/trains/trainer.py[line:228] - INFO: acc:0.5114 |f1score:0.5485 |mae:0.7727 |CM:[257 736   0  69 261   0  98 427   0] |
2021-12-16 23:18:11,139 - /home/tongyuang/code/VER_Health_Monitoring/trains/trainer.py[line:139] - INFO: TRAINING: epoch:18, best epoch:16,loss: 0.2044
2021-12-16 23:18:11,471 - /home/tongyuang/code/VER_Health_Monitoring/trains/trainer.py[line:150] - INFO: acc:0.5352 |f1score:0.5345 |mae:0.7449 |CM:[2570 2507    0  657  917    0 1130 1458    0] |
2021-12-16 23:18:12,852 - /home/tongyuang/code/VER_Health_Monitoring/trains/trainer.py[line:216] - INFO: EVALUATING: loss: 0.1852
2021-12-16 23:18:12,915 - /home/tongyuang/code/VER_Health_Monitoring/trains/trainer.py[line:228] - INFO: acc:0.5866 |f1score:0.5889 |mae:0.6975 |CM:[654 339   0 172 158   0 253 272   0] |
2021-12-16 23:18:20,781 - /home/tongyuang/code/VER_Health_Monitoring/trains/trainer.py[line:139] - INFO: TRAINING: epoch:19, best epoch:16,loss: 0.2049
2021-12-16 23:18:21,130 - /home/tongyuang/code/VER_Health_Monitoring/trains/trainer.py[line:150] - INFO: acc:0.5360 |f1score:0.5351 |mae:0.7441 |CM:[2592 2485    0  678  896    0 1124 1464    0] |
2021-12-16 23:18:22,437 - /home/tongyuang/code/VER_Health_Monitoring/trains/trainer.py[line:216] - INFO: EVALUATING: loss: 0.1819
2021-12-16 23:18:22,510 - /home/tongyuang/code/VER_Health_Monitoring/trains/trainer.py[line:228] - INFO: acc:0.5357 |f1score:0.5402 |mae:0.7484 |CM:[433 560   0 116 214   0 182 343   0] |
2021-12-16 23:18:22,513 - /home/tongyuang/code/VER_Health_Monitoring/trains/trainer.py[line:156] - INFO: Best epoch:19, min val loss: 0.1819
2021-12-16 23:18:22,518 - /home/tongyuang/code/VER_Health_Monitoring/trains/trainer.py[line:159] - INFO: Best Model are saved at /home/tongyuang/code/VER_Health_Monitoring/results/best_models/2021-12-16-11-15-23-ACN-reg-best.pt
2021-12-16 23:18:30,376 - /home/tongyuang/code/VER_Health_Monitoring/trains/trainer.py[line:139] - INFO: TRAINING: epoch:20, best epoch:19,loss: 0.2046
2021-12-16 23:18:30,695 - /home/tongyuang/code/VER_Health_Monitoring/trains/trainer.py[line:150] - INFO: acc:0.5377 |f1score:0.5369 |mae:0.7424 |CM:[2588 2489    0  670  904    0 1112 1476    0] |
2021-12-16 23:18:31,991 - /home/tongyuang/code/VER_Health_Monitoring/trains/trainer.py[line:216] - INFO: EVALUATING: loss: 0.1830
2021-12-16 23:18:32,069 - /home/tongyuang/code/VER_Health_Monitoring/trains/trainer.py[line:228] - INFO: acc:0.5801 |f1score:0.5805 |mae:0.7040 |CM:[616 377   0 173 157   0 226 299   0] |
2021-12-16 23:18:39,750 - /home/tongyuang/code/VER_Health_Monitoring/trains/trainer.py[line:139] - INFO: TRAINING: epoch:21, best epoch:19,loss: 0.2038
2021-12-16 23:18:40,096 - /home/tongyuang/code/VER_Health_Monitoring/trains/trainer.py[line:150] - INFO: acc:0.5357 |f1score:0.5347 |mae:0.7445 |CM:[2624 2453    0  701  873    0 1136 1452    0] |
2021-12-16 23:18:41,397 - /home/tongyuang/code/VER_Health_Monitoring/trains/trainer.py[line:216] - INFO: EVALUATING: loss: 0.1817
2021-12-16 23:18:41,459 - /home/tongyuang/code/VER_Health_Monitoring/trains/trainer.py[line:228] - INFO: acc:0.5687 |f1score:0.5683 |mae:0.7154 |CM:[542 451   0 140 190   0 206 319   0] |
2021-12-16 23:18:41,463 - /home/tongyuang/code/VER_Health_Monitoring/trains/trainer.py[line:156] - INFO: Best epoch:21, min val loss: 0.1817
2021-12-16 23:18:41,468 - /home/tongyuang/code/VER_Health_Monitoring/trains/trainer.py[line:159] - INFO: Best Model are saved at /home/tongyuang/code/VER_Health_Monitoring/results/best_models/2021-12-16-11-15-23-ACN-reg-best.pt
2021-12-16 23:18:49,264 - /home/tongyuang/code/VER_Health_Monitoring/trains/trainer.py[line:139] - INFO: TRAINING: epoch:22, best epoch:21,loss: 0.2024
2021-12-16 23:18:49,591 - /home/tongyuang/code/VER_Health_Monitoring/trains/trainer.py[line:150] - INFO: acc:0.5478 |f1score:0.5469 |mae:0.7323 |CM:[2667 2410    0  651  923    0 1117 1471    0] |
2021-12-16 23:18:50,871 - /home/tongyuang/code/VER_Health_Monitoring/trains/trainer.py[line:216] - INFO: EVALUATING: loss: 0.1833
2021-12-16 23:18:50,938 - /home/tongyuang/code/VER_Health_Monitoring/trains/trainer.py[line:228] - INFO: acc:0.5292 |f1score:0.5404 |mae:0.7549 |CM:[378 615   0  99 231   0 156 369   0] |
2021-12-16 23:18:58,569 - /home/tongyuang/code/VER_Health_Monitoring/trains/trainer.py[line:139] - INFO: TRAINING: epoch:23, best epoch:21,loss: 0.2013
2021-12-16 23:18:58,901 - /home/tongyuang/code/VER_Health_Monitoring/trains/trainer.py[line:150] - INFO: acc:0.5405 |f1score:0.5397 |mae:0.7396 |CM:[2602 2475    0  703  871    0 1067 1521    0] |
2021-12-16 23:19:00,216 - /home/tongyuang/code/VER_Health_Monitoring/trains/trainer.py[line:216] - INFO: EVALUATING: loss: 0.1806
2021-12-16 23:19:00,277 - /home/tongyuang/code/VER_Health_Monitoring/trains/trainer.py[line:228] - INFO: acc:0.5828 |f1score:0.5823 |mae:0.7013 |CM:[585 408   0 162 168   0 201 324   0] |
2021-12-16 23:19:00,280 - /home/tongyuang/code/VER_Health_Monitoring/trains/trainer.py[line:156] - INFO: Best epoch:23, min val loss: 0.1806
2021-12-16 23:19:00,286 - /home/tongyuang/code/VER_Health_Monitoring/trains/trainer.py[line:159] - INFO: Best Model are saved at /home/tongyuang/code/VER_Health_Monitoring/results/best_models/2021-12-16-11-15-23-ACN-reg-best.pt
2021-12-16 23:19:08,002 - /home/tongyuang/code/VER_Health_Monitoring/trains/trainer.py[line:139] - INFO: TRAINING: epoch:24, best epoch:23,loss: 0.2014
2021-12-16 23:19:08,330 - /home/tongyuang/code/VER_Health_Monitoring/trains/trainer.py[line:150] - INFO: acc:0.5414 |f1score:0.5405 |mae:0.7387 |CM:[2633 2444    0  663  911    0 1130 1458    0] |
2021-12-16 23:19:09,633 - /home/tongyuang/code/VER_Health_Monitoring/trains/trainer.py[line:216] - INFO: EVALUATING: loss: 0.1828
2021-12-16 23:19:09,696 - /home/tongyuang/code/VER_Health_Monitoring/trains/trainer.py[line:228] - INFO: acc:0.5476 |f1score:0.5565 |mae:0.7365 |CM:[407 586   0  94 236   0 156 369   0] |
2021-12-16 23:19:17,308 - /home/tongyuang/code/VER_Health_Monitoring/trains/trainer.py[line:139] - INFO: TRAINING: epoch:25, best epoch:23,loss: 0.2026
2021-12-16 23:19:17,631 - /home/tongyuang/code/VER_Health_Monitoring/trains/trainer.py[line:150] - INFO: acc:0.5393 |f1score:0.5387 |mae:0.7408 |CM:[2567 2510    0  650  924    0 1096 1492    0] |
2021-12-16 23:19:18,912 - /home/tongyuang/code/VER_Health_Monitoring/trains/trainer.py[line:216] - INFO: EVALUATING: loss: 0.1793
2021-12-16 23:19:19,004 - /home/tongyuang/code/VER_Health_Monitoring/trains/trainer.py[line:228] - INFO: acc:0.5639 |f1score:0.5651 |mae:0.7202 |CM:[496 497   0 131 199   0 178 347   0] |
2021-12-16 23:19:19,007 - /home/tongyuang/code/VER_Health_Monitoring/trains/trainer.py[line:156] - INFO: Best epoch:25, min val loss: 0.1793
2021-12-16 23:19:19,013 - /home/tongyuang/code/VER_Health_Monitoring/trains/trainer.py[line:159] - INFO: Best Model are saved at /home/tongyuang/code/VER_Health_Monitoring/results/best_models/2021-12-16-11-15-23-ACN-reg-best.pt
2021-12-16 23:19:26,680 - /home/tongyuang/code/VER_Health_Monitoring/trains/trainer.py[line:139] - INFO: TRAINING: epoch:26, best epoch:25,loss: 0.2019
2021-12-16 23:19:26,994 - /home/tongyuang/code/VER_Health_Monitoring/trains/trainer.py[line:150] - INFO: acc:0.5388 |f1score:0.5379 |mae:0.7413 |CM:[2625 2452    0  684  890    0 1125 1463    0] |
2021-12-16 23:19:28,283 - /home/tongyuang/code/VER_Health_Monitoring/trains/trainer.py[line:216] - INFO: EVALUATING: loss: 0.1832
2021-12-16 23:19:28,363 - /home/tongyuang/code/VER_Health_Monitoring/trains/trainer.py[line:228] - INFO: acc:0.5054 |f1score:0.5511 |mae:0.7787 |CM:[228 765   0  46 284   0 103 422   0] |
2021-12-16 23:19:36,250 - /home/tongyuang/code/VER_Health_Monitoring/trains/trainer.py[line:139] - INFO: TRAINING: epoch:27, best epoch:25,loss: 0.1968
2021-12-16 23:19:36,580 - /home/tongyuang/code/VER_Health_Monitoring/trains/trainer.py[line:150] - INFO: acc:0.5531 |f1score:0.5523 |mae:0.7270 |CM:[2670 2407    0  658  916    0 1064 1524    0] |
2021-12-16 23:19:37,972 - /home/tongyuang/code/VER_Health_Monitoring/trains/trainer.py[line:216] - INFO: EVALUATING: loss: 0.1785
2021-12-16 23:19:38,035 - /home/tongyuang/code/VER_Health_Monitoring/trains/trainer.py[line:228] - INFO: acc:0.5709 |f1score:0.5720 |mae:0.7132 |CM:[503 490   0 128 202   0 175 350   0] |
2021-12-16 23:19:38,039 - /home/tongyuang/code/VER_Health_Monitoring/trains/trainer.py[line:156] - INFO: Best epoch:27, min val loss: 0.1785
2021-12-16 23:19:38,044 - /home/tongyuang/code/VER_Health_Monitoring/trains/trainer.py[line:159] - INFO: Best Model are saved at /home/tongyuang/code/VER_Health_Monitoring/results/best_models/2021-12-16-11-15-23-ACN-reg-best.pt
2021-12-16 23:19:46,019 - /home/tongyuang/code/VER_Health_Monitoring/trains/trainer.py[line:139] - INFO: TRAINING: epoch:28, best epoch:27,loss: 0.1989
2021-12-16 23:19:46,369 - /home/tongyuang/code/VER_Health_Monitoring/trains/trainer.py[line:150] - INFO: acc:0.5492 |f1score:0.5484 |mae:0.7309 |CM:[2651 2426    0  652  922    0 1087 1501    0] |
2021-12-16 23:19:47,765 - /home/tongyuang/code/VER_Health_Monitoring/trains/trainer.py[line:216] - INFO: EVALUATING: loss: 0.1795
2021-12-16 23:19:47,837 - /home/tongyuang/code/VER_Health_Monitoring/trains/trainer.py[line:228] - INFO: acc:0.5557 |f1score:0.5647 |mae:0.7284 |CM:[413 580   0  96 234   0 145 380   0] |
2021-12-16 23:19:55,720 - /home/tongyuang/code/VER_Health_Monitoring/trains/trainer.py[line:139] - INFO: TRAINING: epoch:29, best epoch:27,loss: 0.1967
2021-12-16 23:19:56,038 - /home/tongyuang/code/VER_Health_Monitoring/trains/trainer.py[line:150] - INFO: acc:0.5490 |f1score:0.5482 |mae:0.7311 |CM:[2641 2436    0  655  919    0 1076 1512    0] |
2021-12-16 23:19:57,438 - /home/tongyuang/code/VER_Health_Monitoring/trains/trainer.py[line:216] - INFO: EVALUATING: loss: 0.1768
2021-12-16 23:19:57,501 - /home/tongyuang/code/VER_Health_Monitoring/trains/trainer.py[line:228] - INFO: acc:0.5741 |f1score:0.5738 |mae:0.7100 |CM:[541 452   0 133 197   0 202 323   0] |
2021-12-16 23:19:57,505 - /home/tongyuang/code/VER_Health_Monitoring/trains/trainer.py[line:156] - INFO: Best epoch:29, min val loss: 0.1768
2021-12-16 23:19:57,510 - /home/tongyuang/code/VER_Health_Monitoring/trains/trainer.py[line:159] - INFO: Best Model are saved at /home/tongyuang/code/VER_Health_Monitoring/results/best_models/2021-12-16-11-15-23-ACN-reg-best.pt
2021-12-16 23:20:05,437 - /home/tongyuang/code/VER_Health_Monitoring/trains/trainer.py[line:139] - INFO: TRAINING: epoch:30, best epoch:29,loss: 0.1960
2021-12-16 23:20:05,796 - /home/tongyuang/code/VER_Health_Monitoring/trains/trainer.py[line:150] - INFO: acc:0.5516 |f1score:0.5507 |mae:0.7285 |CM:[2672 2405    0  648  926    0 1090 1498    0] |
2021-12-16 23:20:07,132 - /home/tongyuang/code/VER_Health_Monitoring/trains/trainer.py[line:216] - INFO: EVALUATING: loss: 0.1819
2021-12-16 23:20:07,204 - /home/tongyuang/code/VER_Health_Monitoring/trains/trainer.py[line:228] - INFO: acc:0.5319 |f1score:0.5544 |mae:0.7522 |CM:[324 669   0  78 252   0 118 407   0] |
2021-12-16 23:20:14,950 - /home/tongyuang/code/VER_Health_Monitoring/trains/trainer.py[line:139] - INFO: TRAINING: epoch:31, best epoch:29,loss: 0.1962
2021-12-16 23:20:15,279 - /home/tongyuang/code/VER_Health_Monitoring/trains/trainer.py[line:150] - INFO: acc:0.5619 |f1score:0.5610 |mae:0.7183 |CM:[2718 2359    0  645  929    0 1044 1544    0] |
2021-12-16 23:20:16,610 - /home/tongyuang/code/VER_Health_Monitoring/trains/trainer.py[line:216] - INFO: EVALUATING: loss: 0.1766
2021-12-16 23:20:16,675 - /home/tongyuang/code/VER_Health_Monitoring/trains/trainer.py[line:228] - INFO: acc:0.5979 |f1score:0.5975 |mae:0.6861 |CM:[575 418   0 145 185   0 180 345   0] |
2021-12-16 23:20:16,678 - /home/tongyuang/code/VER_Health_Monitoring/trains/trainer.py[line:156] - INFO: Best epoch:31, min val loss: 0.1766
2021-12-16 23:20:16,683 - /home/tongyuang/code/VER_Health_Monitoring/trains/trainer.py[line:159] - INFO: Best Model are saved at /home/tongyuang/code/VER_Health_Monitoring/results/best_models/2021-12-16-11-15-23-ACN-reg-best.pt
2021-12-16 23:20:24,456 - /home/tongyuang/code/VER_Health_Monitoring/trains/trainer.py[line:139] - INFO: TRAINING: epoch:32, best epoch:31,loss: 0.1926
2021-12-16 23:20:24,831 - /home/tongyuang/code/VER_Health_Monitoring/trains/trainer.py[line:150] - INFO: acc:0.5575 |f1score:0.5566 |mae:0.7226 |CM:[2711 2366    0  655  919    0 1067 1521    0] |
2021-12-16 23:20:26,124 - /home/tongyuang/code/VER_Health_Monitoring/trains/trainer.py[line:216] - INFO: EVALUATING: loss: 0.1756
2021-12-16 23:20:26,192 - /home/tongyuang/code/VER_Health_Monitoring/trains/trainer.py[line:228] - INFO: acc:0.5931 |f1score:0.5944 |mae:0.6910 |CM:[520 473   0 130 200   0 149 376   0] |
2021-12-16 23:20:26,195 - /home/tongyuang/code/VER_Health_Monitoring/trains/trainer.py[line:156] - INFO: Best epoch:32, min val loss: 0.1756
2021-12-16 23:20:26,201 - /home/tongyuang/code/VER_Health_Monitoring/trains/trainer.py[line:159] - INFO: Best Model are saved at /home/tongyuang/code/VER_Health_Monitoring/results/best_models/2021-12-16-11-15-23-ACN-reg-best.pt
2021-12-16 23:20:34,017 - /home/tongyuang/code/VER_Health_Monitoring/trains/trainer.py[line:139] - INFO: TRAINING: epoch:33, best epoch:32,loss: 0.1929
2021-12-16 23:20:34,379 - /home/tongyuang/code/VER_Health_Monitoring/trains/trainer.py[line:150] - INFO: acc:0.5621 |f1score:0.5614 |mae:0.7180 |CM:[2690 2387    0  638  936    0 1021 1567    0] |
2021-12-16 23:20:35,647 - /home/tongyuang/code/VER_Health_Monitoring/trains/trainer.py[line:216] - INFO: EVALUATING: loss: 0.1767
2021-12-16 23:20:35,707 - /home/tongyuang/code/VER_Health_Monitoring/trains/trainer.py[line:228] - INFO: acc:0.6126 |f1score:0.6155 |mae:0.6715 |CM:[688 305   0 186 144   0 225 300   0] |
2021-12-16 23:20:43,361 - /home/tongyuang/code/VER_Health_Monitoring/trains/trainer.py[line:139] - INFO: TRAINING: epoch:34, best epoch:32,loss: 0.1913
2021-12-16 23:20:43,694 - /home/tongyuang/code/VER_Health_Monitoring/trains/trainer.py[line:150] - INFO: acc:0.5662 |f1score:0.5653 |mae:0.7139 |CM:[2747 2330    0  656  918    0 1022 1566    0] |
2021-12-16 23:20:45,027 - /home/tongyuang/code/VER_Health_Monitoring/trains/trainer.py[line:216] - INFO: EVALUATING: loss: 0.1723
2021-12-16 23:20:45,091 - /home/tongyuang/code/VER_Health_Monitoring/trains/trainer.py[line:228] - INFO: acc:0.5898 |f1score:0.5911 |mae:0.6943 |CM:[517 476   0 115 215   0 167 358   0] |
2021-12-16 23:20:45,094 - /home/tongyuang/code/VER_Health_Monitoring/trains/trainer.py[line:156] - INFO: Best epoch:34, min val loss: 0.1723
2021-12-16 23:20:45,100 - /home/tongyuang/code/VER_Health_Monitoring/trains/trainer.py[line:159] - INFO: Best Model are saved at /home/tongyuang/code/VER_Health_Monitoring/results/best_models/2021-12-16-11-15-23-ACN-reg-best.pt
2021-12-16 23:20:52,867 - /home/tongyuang/code/VER_Health_Monitoring/trains/trainer.py[line:139] - INFO: TRAINING: epoch:35, best epoch:34,loss: 0.1918
2021-12-16 23:20:53,206 - /home/tongyuang/code/VER_Health_Monitoring/trains/trainer.py[line:150] - INFO: acc:0.5595 |f1score:0.5587 |mae:0.7206 |CM:[2699 2378    0  628  946    0 1064 1524    0] |
2021-12-16 23:20:54,491 - /home/tongyuang/code/VER_Health_Monitoring/trains/trainer.py[line:216] - INFO: EVALUATING: loss: 0.1758
2021-12-16 23:20:54,551 - /home/tongyuang/code/VER_Health_Monitoring/trains/trainer.py[line:228] - INFO: acc:0.6293 |f1score:0.6359 |mae:0.6548 |CM:[742 251   0 187 143   0 247 278   0] |
2021-12-16 23:21:02,215 - /home/tongyuang/code/VER_Health_Monitoring/trains/trainer.py[line:139] - INFO: TRAINING: epoch:36, best epoch:34,loss: 0.1913
2021-12-16 23:21:02,552 - /home/tongyuang/code/VER_Health_Monitoring/trains/trainer.py[line:150] - INFO: acc:0.5642 |f1score:0.5633 |mae:0.7159 |CM:[2762 2315    0  650  924    0 1061 1527    0] |
2021-12-16 23:21:03,831 - /home/tongyuang/code/VER_Health_Monitoring/trains/trainer.py[line:216] - INFO: EVALUATING: loss: 0.1712
2021-12-16 23:21:03,908 - /home/tongyuang/code/VER_Health_Monitoring/trains/trainer.py[line:228] - INFO: acc:0.5855 |f1score:0.5890 |mae:0.6986 |CM:[484 509   0 108 222   0 149 376   0] |
2021-12-16 23:21:03,912 - /home/tongyuang/code/VER_Health_Monitoring/trains/trainer.py[line:156] - INFO: Best epoch:36, min val loss: 0.1712
2021-12-16 23:21:03,917 - /home/tongyuang/code/VER_Health_Monitoring/trains/trainer.py[line:159] - INFO: Best Model are saved at /home/tongyuang/code/VER_Health_Monitoring/results/best_models/2021-12-16-11-15-23-ACN-reg-best.pt
2021-12-16 23:21:11,616 - /home/tongyuang/code/VER_Health_Monitoring/trains/trainer.py[line:139] - INFO: TRAINING: epoch:37, best epoch:36,loss: 0.1901
2021-12-16 23:21:11,939 - /home/tongyuang/code/VER_Health_Monitoring/trains/trainer.py[line:150] - INFO: acc:0.5701 |f1score:0.5692 |mae:0.7100 |CM:[2775 2302    0  671  903    0  999 1589    0] |
2021-12-16 23:21:13,235 - /home/tongyuang/code/VER_Health_Monitoring/trains/trainer.py[line:216] - INFO: EVALUATING: loss: 0.1715
2021-12-16 23:21:13,323 - /home/tongyuang/code/VER_Health_Monitoring/trains/trainer.py[line:228] - INFO: acc:0.6088 |f1score:0.6092 |mae:0.6753 |CM:[550 443   0 125 205   0 155 370   0] |
2021-12-16 23:21:20,968 - /home/tongyuang/code/VER_Health_Monitoring/trains/trainer.py[line:139] - INFO: TRAINING: epoch:38, best epoch:36,loss: 0.1859
2021-12-16 23:21:21,283 - /home/tongyuang/code/VER_Health_Monitoring/trains/trainer.py[line:150] - INFO: acc:0.5767 |f1score:0.5758 |mae:0.7034 |CM:[2792 2285    0  649  925    0  977 1611    0] |
2021-12-16 23:21:22,551 - /home/tongyuang/code/VER_Health_Monitoring/trains/trainer.py[line:216] - INFO: EVALUATING: loss: 0.1699
2021-12-16 23:21:22,618 - /home/tongyuang/code/VER_Health_Monitoring/trains/trainer.py[line:228] - INFO: acc:0.6028 |f1score:0.6044 |mae:0.6813 |CM:[523 470   0 113 217   0 151 374   0] |
2021-12-16 23:21:22,621 - /home/tongyuang/code/VER_Health_Monitoring/trains/trainer.py[line:156] - INFO: Best epoch:38, min val loss: 0.1699
2021-12-16 23:21:22,627 - /home/tongyuang/code/VER_Health_Monitoring/trains/trainer.py[line:159] - INFO: Best Model are saved at /home/tongyuang/code/VER_Health_Monitoring/results/best_models/2021-12-16-11-15-23-ACN-reg-best.pt
2021-12-16 23:21:30,456 - /home/tongyuang/code/VER_Health_Monitoring/trains/trainer.py[line:139] - INFO: TRAINING: epoch:39, best epoch:38,loss: 0.1854
2021-12-16 23:21:30,783 - /home/tongyuang/code/VER_Health_Monitoring/trains/trainer.py[line:150] - INFO: acc:0.5817 |f1score:0.5809 |mae:0.6985 |CM:[2809 2268    0  628  946    0  969 1619    0] |
2021-12-16 23:21:32,159 - /home/tongyuang/code/VER_Health_Monitoring/trains/trainer.py[line:216] - INFO: EVALUATING: loss: 0.1689
2021-12-16 23:21:32,226 - /home/tongyuang/code/VER_Health_Monitoring/trains/trainer.py[line:228] - INFO: acc:0.6185 |f1score:0.6181 |mae:0.6656 |CM:[587 406   0 131 199   0 168 357   0] |
2021-12-16 23:21:32,230 - /home/tongyuang/code/VER_Health_Monitoring/trains/trainer.py[line:156] - INFO: Best epoch:39, min val loss: 0.1689
2021-12-16 23:21:32,235 - /home/tongyuang/code/VER_Health_Monitoring/trains/trainer.py[line:159] - INFO: Best Model are saved at /home/tongyuang/code/VER_Health_Monitoring/results/best_models/2021-12-16-11-15-23-ACN-reg-best.pt
2021-12-16 23:21:40,110 - /home/tongyuang/code/VER_Health_Monitoring/trains/trainer.py[line:139] - INFO: TRAINING: epoch:40, best epoch:39,loss: 0.1880
2021-12-16 23:21:40,433 - /home/tongyuang/code/VER_Health_Monitoring/trains/trainer.py[line:150] - INFO: acc:0.5779 |f1score:0.5769 |mae:0.7022 |CM:[2862 2215    0  642  932    0 1043 1545    0] |
2021-12-16 23:21:41,794 - /home/tongyuang/code/VER_Health_Monitoring/trains/trainer.py[line:216] - INFO: EVALUATING: loss: 0.1703
2021-12-16 23:21:41,855 - /home/tongyuang/code/VER_Health_Monitoring/trains/trainer.py[line:228] - INFO: acc:0.6385 |f1score:0.6401 |mae:0.6456 |CM:[694 299   0 156 174   0 213 312   0] |
2021-12-16 23:21:49,707 - /home/tongyuang/code/VER_Health_Monitoring/trains/trainer.py[line:139] - INFO: TRAINING: epoch:41, best epoch:39,loss: 0.1862
2021-12-16 23:21:50,034 - /home/tongyuang/code/VER_Health_Monitoring/trains/trainer.py[line:150] - INFO: acc:0.5805 |f1score:0.5795 |mae:0.6996 |CM:[2844 2233    0  641  933    0 1002 1586    0] |
2021-12-16 23:21:51,411 - /home/tongyuang/code/VER_Health_Monitoring/trains/trainer.py[line:216] - INFO: EVALUATING: loss: 0.1702
2021-12-16 23:21:51,474 - /home/tongyuang/code/VER_Health_Monitoring/trains/trainer.py[line:228] - INFO: acc:0.6239 |f1score:0.6235 |mae:0.6602 |CM:[593 400   0 117 213   0 178 347   0] |
2021-12-16 23:21:59,268 - /home/tongyuang/code/VER_Health_Monitoring/trains/trainer.py[line:139] - INFO: TRAINING: epoch:42, best epoch:39,loss: 0.1863
2021-12-16 23:21:59,592 - /home/tongyuang/code/VER_Health_Monitoring/trains/trainer.py[line:150] - INFO: acc:0.5804 |f1score:0.5794 |mae:0.6998 |CM:[2849 2228    0  631  943    0 1018 1570    0] |
2021-12-16 23:22:00,874 - /home/tongyuang/code/VER_Health_Monitoring/trains/trainer.py[line:216] - INFO: EVALUATING: loss: 0.1699
2021-12-16 23:22:00,937 - /home/tongyuang/code/VER_Health_Monitoring/trains/trainer.py[line:228] - INFO: acc:0.6109 |f1score:0.6114 |mae:0.6732 |CM:[551 442   0 113 217   0 164 361   0] |
2021-12-16 23:22:08,631 - /home/tongyuang/code/VER_Health_Monitoring/trains/trainer.py[line:139] - INFO: TRAINING: epoch:43, best epoch:39,loss: 0.1850
2021-12-16 23:22:08,972 - /home/tongyuang/code/VER_Health_Monitoring/trains/trainer.py[line:150] - INFO: acc:0.5822 |f1score:0.5812 |mae:0.6979 |CM:[2883 2194    0  657  917    0 1009 1579    0] |
2021-12-16 23:22:10,282 - /home/tongyuang/code/VER_Health_Monitoring/trains/trainer.py[line:216] - INFO: EVALUATING: loss: 0.1686
2021-12-16 23:22:10,347 - /home/tongyuang/code/VER_Health_Monitoring/trains/trainer.py[line:228] - INFO: acc:0.6061 |f1score:0.6123 |mae:0.6780 |CM:[474 519   0  87 243   0 122 403   0] |
2021-12-16 23:22:10,351 - /home/tongyuang/code/VER_Health_Monitoring/trains/trainer.py[line:156] - INFO: Best epoch:43, min val loss: 0.1686
2021-12-16 23:22:10,356 - /home/tongyuang/code/VER_Health_Monitoring/trains/trainer.py[line:159] - INFO: Best Model are saved at /home/tongyuang/code/VER_Health_Monitoring/results/best_models/2021-12-16-11-15-23-ACN-reg-best.pt
2021-12-16 23:22:18,195 - /home/tongyuang/code/VER_Health_Monitoring/trains/trainer.py[line:139] - INFO: TRAINING: epoch:44, best epoch:43,loss: 0.1857
2021-12-16 23:22:18,553 - /home/tongyuang/code/VER_Health_Monitoring/trains/trainer.py[line:150] - INFO: acc:0.5781 |f1score:0.5772 |mae:0.7020 |CM:[2823 2254    0  646  928    0  998 1590    0] |
2021-12-16 23:22:19,924 - /home/tongyuang/code/VER_Health_Monitoring/trains/trainer.py[line:216] - INFO: EVALUATING: loss: 0.1686
2021-12-16 23:22:19,991 - /home/tongyuang/code/VER_Health_Monitoring/trains/trainer.py[line:228] - INFO: acc:0.6429 |f1score:0.6429 |mae:0.6412 |CM:[665 328   0 141 189   0 191 334   0] |
2021-12-16 23:22:27,648 - /home/tongyuang/code/VER_Health_Monitoring/trains/trainer.py[line:139] - INFO: TRAINING: epoch:45, best epoch:43,loss: 0.1844
2021-12-16 23:22:27,975 - /home/tongyuang/code/VER_Health_Monitoring/trains/trainer.py[line:150] - INFO: acc:0.5875 |f1score:0.5865 |mae:0.6926 |CM:[2894 2183    0  626  948    0 1002 1586    0] |
2021-12-16 23:22:29,268 - /home/tongyuang/code/VER_Health_Monitoring/trains/trainer.py[line:216] - INFO: EVALUATING: loss: 0.1677
2021-12-16 23:22:29,334 - /home/tongyuang/code/VER_Health_Monitoring/trains/trainer.py[line:228] - INFO: acc:0.5979 |f1score:0.6033 |mae:0.6861 |CM:[475 518   0  91 239   0 134 391   0] |
2021-12-16 23:22:29,338 - /home/tongyuang/code/VER_Health_Monitoring/trains/trainer.py[line:156] - INFO: Best epoch:45, min val loss: 0.1677
2021-12-16 23:22:29,344 - /home/tongyuang/code/VER_Health_Monitoring/trains/trainer.py[line:159] - INFO: Best Model are saved at /home/tongyuang/code/VER_Health_Monitoring/results/best_models/2021-12-16-11-15-23-ACN-reg-best.pt
2021-12-16 23:22:37,107 - /home/tongyuang/code/VER_Health_Monitoring/trains/trainer.py[line:139] - INFO: TRAINING: epoch:46, best epoch:45,loss: 0.1836
2021-12-16 23:22:37,459 - /home/tongyuang/code/VER_Health_Monitoring/trains/trainer.py[line:150] - INFO: acc:0.5847 |f1score:0.5837 |mae:0.6954 |CM:[2919 2158    0  658  916    0 1021 1567    0] |
2021-12-16 23:22:38,745 - /home/tongyuang/code/VER_Health_Monitoring/trains/trainer.py[line:216] - INFO: EVALUATING: loss: 0.1685
2021-12-16 23:22:38,807 - /home/tongyuang/code/VER_Health_Monitoring/trains/trainer.py[line:228] - INFO: acc:0.6445 |f1score:0.6445 |mae:0.6396 |CM:[666 327   0 138 192   0 192 333   0] |
2021-12-16 23:22:46,511 - /home/tongyuang/code/VER_Health_Monitoring/trains/trainer.py[line:139] - INFO: TRAINING: epoch:47, best epoch:45,loss: 0.1824
2021-12-16 23:22:46,841 - /home/tongyuang/code/VER_Health_Monitoring/trains/trainer.py[line:150] - INFO: acc:0.5929 |f1score:0.5920 |mae:0.6872 |CM:[2923 2154    0  638  936    0  969 1619    0] |
2021-12-16 23:22:48,150 - /home/tongyuang/code/VER_Health_Monitoring/trains/trainer.py[line:216] - INFO: EVALUATING: loss: 0.1696
2021-12-16 23:22:48,214 - /home/tongyuang/code/VER_Health_Monitoring/trains/trainer.py[line:228] - INFO: acc:0.6342 |f1score:0.6355 |mae:0.6499 |CM:[685 308   0 169 161   0 199 326   0] |
2021-12-16 23:22:55,889 - /home/tongyuang/code/VER_Health_Monitoring/trains/trainer.py[line:139] - INFO: TRAINING: epoch:48, best epoch:45,loss: 0.1827
2021-12-16 23:22:56,234 - /home/tongyuang/code/VER_Health_Monitoring/trains/trainer.py[line:150] - INFO: acc:0.5858 |f1score:0.5848 |mae:0.6943 |CM:[2884 2193    0  637  937    0  997 1591    0] |
2021-12-16 23:22:57,561 - /home/tongyuang/code/VER_Health_Monitoring/trains/trainer.py[line:216] - INFO: EVALUATING: loss: 0.1697
2021-12-16 23:22:57,627 - /home/tongyuang/code/VER_Health_Monitoring/trains/trainer.py[line:228] - INFO: acc:0.6163 |f1score:0.6166 |mae:0.6677 |CM:[561 432   0 115 215   0 162 363   0] |
2021-12-16 23:23:05,386 - /home/tongyuang/code/VER_Health_Monitoring/trains/trainer.py[line:139] - INFO: TRAINING: epoch:49, best epoch:45,loss: 0.1820
2021-12-16 23:23:05,732 - /home/tongyuang/code/VER_Health_Monitoring/trains/trainer.py[line:150] - INFO: acc:0.5931 |f1score:0.5921 |mae:0.6870 |CM:[2944 2133    0  647  927    0  979 1609    0] |
2021-12-16 23:23:07,002 - /home/tongyuang/code/VER_Health_Monitoring/trains/trainer.py[line:216] - INFO: EVALUATING: loss: 0.1682
2021-12-16 23:23:07,064 - /home/tongyuang/code/VER_Health_Monitoring/trains/trainer.py[line:228] - INFO: acc:0.6163 |f1score:0.6160 |mae:0.6677 |CM:[581 412   0 129 201   0 168 357   0] |
2021-12-16 23:23:14,772 - /home/tongyuang/code/VER_Health_Monitoring/trains/trainer.py[line:139] - INFO: TRAINING: epoch:50, best epoch:45,loss: 0.1803
2021-12-16 23:23:15,147 - /home/tongyuang/code/VER_Health_Monitoring/trains/trainer.py[line:150] - INFO: acc:0.5856 |f1score:0.5846 |mae:0.6946 |CM:[2871 2206    0  639  935    0  984 1604    0] |
2021-12-16 23:23:16,457 - /home/tongyuang/code/VER_Health_Monitoring/trains/trainer.py[line:216] - INFO: EVALUATING: loss: 0.1688
2021-12-16 23:23:16,518 - /home/tongyuang/code/VER_Health_Monitoring/trains/trainer.py[line:228] - INFO: acc:0.6423 |f1score:0.6422 |mae:0.6418 |CM:[659 334   0 136 194   0 191 334   0] |
2021-12-16 23:23:24,147 - /home/tongyuang/code/VER_Health_Monitoring/trains/trainer.py[line:139] - INFO: TRAINING: epoch:51, best epoch:45,loss: 0.1816
2021-12-16 23:23:24,485 - /home/tongyuang/code/VER_Health_Monitoring/trains/trainer.py[line:150] - INFO: acc:0.5919 |f1score:0.5910 |mae:0.6882 |CM:[2904 2173    0  644  930    0  953 1635    0] |
2021-12-16 23:23:25,850 - /home/tongyuang/code/VER_Health_Monitoring/trains/trainer.py[line:216] - INFO: EVALUATING: loss: 0.1692
2021-12-16 23:23:25,916 - /home/tongyuang/code/VER_Health_Monitoring/trains/trainer.py[line:228] - INFO: acc:0.6255 |f1score:0.6264 |mae:0.6585 |CM:[556 437   0 102 228   0 153 372   0] |
2021-12-16 23:23:33,632 - /home/tongyuang/code/VER_Health_Monitoring/trains/trainer.py[line:139] - INFO: TRAINING: epoch:52, best epoch:45,loss: 0.1806
2021-12-16 23:23:33,971 - /home/tongyuang/code/VER_Health_Monitoring/trains/trainer.py[line:150] - INFO: acc:0.5847 |f1score:0.5837 |mae:0.6954 |CM:[2898 2179    0  646  928    0 1012 1576    0] |
2021-12-16 23:23:35,280 - /home/tongyuang/code/VER_Health_Monitoring/trains/trainer.py[line:216] - INFO: EVALUATING: loss: 0.1670
2021-12-16 23:23:35,347 - /home/tongyuang/code/VER_Health_Monitoring/trains/trainer.py[line:228] - INFO: acc:0.6098 |f1score:0.6106 |mae:0.6742 |CM:[544 449   0 118 212   0 154 371   0] |
2021-12-16 23:23:35,350 - /home/tongyuang/code/VER_Health_Monitoring/trains/trainer.py[line:156] - INFO: Best epoch:52, min val loss: 0.1670
2021-12-16 23:23:35,355 - /home/tongyuang/code/VER_Health_Monitoring/trains/trainer.py[line:159] - INFO: Best Model are saved at /home/tongyuang/code/VER_Health_Monitoring/results/best_models/2021-12-16-11-15-23-ACN-reg-best.pt
2021-12-16 23:23:43,059 - /home/tongyuang/code/VER_Health_Monitoring/trains/trainer.py[line:139] - INFO: TRAINING: epoch:53, best epoch:52,loss: 0.1808
2021-12-16 23:23:43,404 - /home/tongyuang/code/VER_Health_Monitoring/trains/trainer.py[line:150] - INFO: acc:0.5881 |f1score:0.5871 |mae:0.6921 |CM:[2906 2171    0  645  929    0  990 1598    0] |
2021-12-16 23:23:44,713 - /home/tongyuang/code/VER_Health_Monitoring/trains/trainer.py[line:216] - INFO: EVALUATING: loss: 0.1676
2021-12-16 23:23:44,777 - /home/tongyuang/code/VER_Health_Monitoring/trains/trainer.py[line:228] - INFO: acc:0.6120 |f1score:0.6116 |mae:0.6721 |CM:[582 411   0 132 198   0 174 351   0] |
2021-12-16 23:23:52,506 - /home/tongyuang/code/VER_Health_Monitoring/trains/trainer.py[line:139] - INFO: TRAINING: epoch:54, best epoch:52,loss: 0.1800
2021-12-16 23:23:52,857 - /home/tongyuang/code/VER_Health_Monitoring/trains/trainer.py[line:150] - INFO: acc:0.5957 |f1score:0.5948 |mae:0.6844 |CM:[2948 2129    0  659  915    0  947 1641    0] |
2021-12-16 23:23:54,194 - /home/tongyuang/code/VER_Health_Monitoring/trains/trainer.py[line:216] - INFO: EVALUATING: loss: 0.1682
2021-12-16 23:23:54,260 - /home/tongyuang/code/VER_Health_Monitoring/trains/trainer.py[line:228] - INFO: acc:0.6245 |f1score:0.6249 |mae:0.6596 |CM:[565 428   0 114 216   0 152 373   0] |
2021-12-16 23:24:01,977 - /home/tongyuang/code/VER_Health_Monitoring/trains/trainer.py[line:139] - INFO: TRAINING: epoch:55, best epoch:52,loss: 0.1784
2021-12-16 23:24:02,320 - /home/tongyuang/code/VER_Health_Monitoring/trains/trainer.py[line:150] - INFO: acc:0.5925 |f1score:0.5915 |mae:0.6876 |CM:[2914 2163    0  633  941    0  969 1619    0] |
2021-12-16 23:24:03,643 - /home/tongyuang/code/VER_Health_Monitoring/trains/trainer.py[line:216] - INFO: EVALUATING: loss: 0.1667
2021-12-16 23:24:03,708 - /home/tongyuang/code/VER_Health_Monitoring/trains/trainer.py[line:228] - INFO: acc:0.6310 |f1score:0.6305 |mae:0.6531 |CM:[607 386   0 128 202   0 168 357   0] |
2021-12-16 23:24:03,711 - /home/tongyuang/code/VER_Health_Monitoring/trains/trainer.py[line:156] - INFO: Best epoch:55, min val loss: 0.1667
2021-12-16 23:24:03,717 - /home/tongyuang/code/VER_Health_Monitoring/trains/trainer.py[line:159] - INFO: Best Model are saved at /home/tongyuang/code/VER_Health_Monitoring/results/best_models/2021-12-16-11-15-23-ACN-reg-best.pt
2021-12-16 23:24:11,544 - /home/tongyuang/code/VER_Health_Monitoring/trains/trainer.py[line:139] - INFO: TRAINING: epoch:56, best epoch:55,loss: 0.1790
2021-12-16 23:24:11,875 - /home/tongyuang/code/VER_Health_Monitoring/trains/trainer.py[line:150] - INFO: acc:0.5919 |f1score:0.5910 |mae:0.6882 |CM:[2943 2134    0  662  912    0  974 1614    0] |
2021-12-16 23:24:13,190 - /home/tongyuang/code/VER_Health_Monitoring/trains/trainer.py[line:216] - INFO: EVALUATING: loss: 0.1769
2021-12-16 23:24:13,248 - /home/tongyuang/code/VER_Health_Monitoring/trains/trainer.py[line:228] - INFO: acc:0.6488 |f1score:0.6603 |mae:0.6353 |CM:[801 192   0 190 140   0 267 258   0] |
2021-12-16 23:24:20,979 - /home/tongyuang/code/VER_Health_Monitoring/trains/trainer.py[line:139] - INFO: TRAINING: epoch:57, best epoch:55,loss: 0.1792
2021-12-16 23:24:21,310 - /home/tongyuang/code/VER_Health_Monitoring/trains/trainer.py[line:150] - INFO: acc:0.5908 |f1score:0.5898 |mae:0.6894 |CM:[2941 2136    0  666  908    0  979 1609    0] |
2021-12-16 23:24:22,613 - /home/tongyuang/code/VER_Health_Monitoring/trains/trainer.py[line:216] - INFO: EVALUATING: loss: 0.1691
2021-12-16 23:24:22,691 - /home/tongyuang/code/VER_Health_Monitoring/trains/trainer.py[line:228] - INFO: acc:0.5844 |f1score:0.5931 |mae:0.6997 |CM:[437 556   0  81 249   0 131 394   0] |
2021-12-16 23:24:30,331 - /home/tongyuang/code/VER_Health_Monitoring/trains/trainer.py[line:139] - INFO: TRAINING: epoch:58, best epoch:55,loss: 0.1767
2021-12-16 23:24:30,653 - /home/tongyuang/code/VER_Health_Monitoring/trains/trainer.py[line:150] - INFO: acc:0.5958 |f1score:0.5949 |mae:0.6843 |CM:[2944 2133    0  649  925    0  952 1636    0] |
2021-12-16 23:24:31,919 - /home/tongyuang/code/VER_Health_Monitoring/trains/trainer.py[line:216] - INFO: EVALUATING: loss: 0.1739
2021-12-16 23:24:32,002 - /home/tongyuang/code/VER_Health_Monitoring/trains/trainer.py[line:228] - INFO: acc:0.5801 |f1score:0.5979 |mae:0.7040 |CM:[380 613   0  60 270   0 103 422   0] |
2021-12-16 23:24:39,544 - /home/tongyuang/code/VER_Health_Monitoring/trains/trainer.py[line:139] - INFO: TRAINING: epoch:59, best epoch:55,loss: 0.1774
2021-12-16 23:24:39,872 - /home/tongyuang/code/VER_Health_Monitoring/trains/trainer.py[line:150] - INFO: acc:0.6017 |f1score:0.6008 |mae:0.6784 |CM:[2935 2142    0  624  950    0  914 1674    0] |
2021-12-16 23:24:41,151 - /home/tongyuang/code/VER_Health_Monitoring/trains/trainer.py[line:216] - INFO: EVALUATING: loss: 0.1686
2021-12-16 23:24:41,219 - /home/tongyuang/code/VER_Health_Monitoring/trains/trainer.py[line:228] - INFO: acc:0.5839 |f1score:0.5952 |mae:0.7002 |CM:[419 574   0  69 261   0 126 399   0] |
2021-12-16 23:24:48,819 - /home/tongyuang/code/VER_Health_Monitoring/trains/trainer.py[line:139] - INFO: TRAINING: epoch:60, best epoch:55,loss: 0.1767
2021-12-16 23:24:49,154 - /home/tongyuang/code/VER_Health_Monitoring/trains/trainer.py[line:150] - INFO: acc:0.5957 |f1score:0.5948 |mae:0.6844 |CM:[2935 2142    0  648  926    0  945 1643    0] |
2021-12-16 23:24:50,460 - /home/tongyuang/code/VER_Health_Monitoring/trains/trainer.py[line:216] - INFO: EVALUATING: loss: 0.1674
2021-12-16 23:24:50,520 - /home/tongyuang/code/VER_Health_Monitoring/trains/trainer.py[line:228] - INFO: acc:0.6266 |f1score:0.6262 |mae:0.6575 |CM:[599 394   0 132 198   0 164 361   0] |
2021-12-16 23:24:58,395 - /home/tongyuang/code/VER_Health_Monitoring/trains/trainer.py[line:139] - INFO: TRAINING: epoch:61, best epoch:55,loss: 0.1762
2021-12-16 23:24:58,735 - /home/tongyuang/code/VER_Health_Monitoring/trains/trainer.py[line:150] - INFO: acc:0.6034 |f1score:0.6025 |mae:0.6767 |CM:[2965 2112    0  628  946    0  924 1664    0] |
2021-12-16 23:25:00,276 - /home/tongyuang/code/VER_Health_Monitoring/trains/trainer.py[line:216] - INFO: EVALUATING: loss: 0.1671
2021-12-16 23:25:00,343 - /home/tongyuang/code/VER_Health_Monitoring/trains/trainer.py[line:228] - INFO: acc:0.6039 |f1score:0.6075 |mae:0.6802 |CM:[498 495   0  89 241   0 148 377   0] |
2021-12-16 23:25:08,322 - /home/tongyuang/code/VER_Health_Monitoring/trains/trainer.py[line:139] - INFO: TRAINING: epoch:62, best epoch:55,loss: 0.1755
2021-12-16 23:25:08,657 - /home/tongyuang/code/VER_Health_Monitoring/trains/trainer.py[line:150] - INFO: acc:0.6089 |f1score:0.6080 |mae:0.6712 |CM:[3011 2066    0  629  945    0  918 1670    0] |
2021-12-16 23:25:10,088 - /home/tongyuang/code/VER_Health_Monitoring/trains/trainer.py[line:216] - INFO: EVALUATING: loss: 0.1675
2021-12-16 23:25:10,153 - /home/tongyuang/code/VER_Health_Monitoring/trains/trainer.py[line:228] - INFO: acc:0.6461 |f1score:0.6468 |mae:0.6380 |CM:[686 307   0 152 178   0 195 330   0] |
2021-12-16 23:25:18,200 - /home/tongyuang/code/VER_Health_Monitoring/trains/trainer.py[line:139] - INFO: TRAINING: epoch:63, best epoch:55,loss: 0.1752
2021-12-16 23:25:18,543 - /home/tongyuang/code/VER_Health_Monitoring/trains/trainer.py[line:150] - INFO: acc:0.6075 |f1score:0.6066 |mae:0.6726 |CM:[2994 2083    0  623  951    0  920 1668    0] |
2021-12-16 23:25:19,991 - /home/tongyuang/code/VER_Health_Monitoring/trains/trainer.py[line:216] - INFO: EVALUATING: loss: 0.1675
2021-12-16 23:25:20,052 - /home/tongyuang/code/VER_Health_Monitoring/trains/trainer.py[line:228] - INFO: acc:0.6380 |f1score:0.6390 |mae:0.6461 |CM:[684 309   0 159 171   0 201 324   0] |
2021-12-16 23:25:28,100 - /home/tongyuang/code/VER_Health_Monitoring/trains/trainer.py[line:139] - INFO: TRAINING: epoch:64, best epoch:55,loss: 0.1745
2021-12-16 23:25:28,431 - /home/tongyuang/code/VER_Health_Monitoring/trains/trainer.py[line:150] - INFO: acc:0.6018 |f1score:0.6008 |mae:0.6783 |CM:[2983 2094    0  640  934    0  945 1643    0] |
2021-12-16 23:25:29,828 - /home/tongyuang/code/VER_Health_Monitoring/trains/trainer.py[line:216] - INFO: EVALUATING: loss: 0.1666
2021-12-16 23:25:29,892 - /home/tongyuang/code/VER_Health_Monitoring/trains/trainer.py[line:228] - INFO: acc:0.6272 |f1score:0.6267 |mae:0.6569 |CM:[627 366   0 141 189   0 182 343   0] |
2021-12-16 23:25:29,896 - /home/tongyuang/code/VER_Health_Monitoring/trains/trainer.py[line:156] - INFO: Best epoch:64, min val loss: 0.1666
2021-12-16 23:25:29,902 - /home/tongyuang/code/VER_Health_Monitoring/trains/trainer.py[line:159] - INFO: Best Model are saved at /home/tongyuang/code/VER_Health_Monitoring/results/best_models/2021-12-16-11-15-23-ACN-reg-best.pt
2021-12-16 23:25:38,026 - /home/tongyuang/code/VER_Health_Monitoring/trains/trainer.py[line:139] - INFO: TRAINING: epoch:65, best epoch:64,loss: 0.1764
2021-12-16 23:25:38,355 - /home/tongyuang/code/VER_Health_Monitoring/trains/trainer.py[line:150] - INFO: acc:0.6026 |f1score:0.6016 |mae:0.6776 |CM:[3017 2060    0  638  936    0  974 1614    0] |
2021-12-16 23:25:39,849 - /home/tongyuang/code/VER_Health_Monitoring/trains/trainer.py[line:216] - INFO: EVALUATING: loss: 0.1734
2021-12-16 23:25:39,912 - /home/tongyuang/code/VER_Health_Monitoring/trains/trainer.py[line:228] - INFO: acc:0.6515 |f1score:0.6629 |mae:0.6326 |CM:[803 190   0 193 137   0 261 264   0] |
2021-12-16 23:25:47,900 - /home/tongyuang/code/VER_Health_Monitoring/trains/trainer.py[line:139] - INFO: TRAINING: epoch:66, best epoch:64,loss: 0.1743
2021-12-16 23:25:48,236 - /home/tongyuang/code/VER_Health_Monitoring/trains/trainer.py[line:150] - INFO: acc:0.6048 |f1score:0.6039 |mae:0.6753 |CM:[2983 2094    0  649  925    0  908 1680    0] |
2021-12-16 23:25:49,714 - /home/tongyuang/code/VER_Health_Monitoring/trains/trainer.py[line:216] - INFO: EVALUATING: loss: 0.1696
2021-12-16 23:25:49,777 - /home/tongyuang/code/VER_Health_Monitoring/trains/trainer.py[line:228] - INFO: acc:0.6071 |f1score:0.6091 |mae:0.6769 |CM:[522 471   0 109 221   0 146 379   0] |
2021-12-16 23:25:57,821 - /home/tongyuang/code/VER_Health_Monitoring/trains/trainer.py[line:139] - INFO: TRAINING: epoch:67, best epoch:64,loss: 0.1728
2021-12-16 23:25:58,157 - /home/tongyuang/code/VER_Health_Monitoring/trains/trainer.py[line:150] - INFO: acc:0.6097 |f1score:0.6087 |mae:0.6704 |CM:[3021 2056    0  632  942    0  918 1670    0] |
2021-12-16 23:25:59,591 - /home/tongyuang/code/VER_Health_Monitoring/trains/trainer.py[line:216] - INFO: EVALUATING: loss: 0.1768
2021-12-16 23:25:59,650 - /home/tongyuang/code/VER_Health_Monitoring/trains/trainer.py[line:228] - INFO: acc:0.6412 |f1score:0.6559 |mae:0.6429 |CM:[812 181   0 204 126   0 278 247   0] |
2021-12-16 23:26:07,589 - /home/tongyuang/code/VER_Health_Monitoring/trains/trainer.py[line:139] - INFO: TRAINING: epoch:68, best epoch:64,loss: 0.1742
2021-12-16 23:26:07,918 - /home/tongyuang/code/VER_Health_Monitoring/trains/trainer.py[line:150] - INFO: acc:0.6106 |f1score:0.6096 |mae:0.6696 |CM:[3050 2027    0  637  937    0  934 1654    0] |
2021-12-16 23:26:09,395 - /home/tongyuang/code/VER_Health_Monitoring/trains/trainer.py[line:216] - INFO: EVALUATING: loss: 0.1663
2021-12-16 23:26:09,482 - /home/tongyuang/code/VER_Health_Monitoring/trains/trainer.py[line:228] - INFO: acc:0.6320 |f1score:0.6319 |mae:0.6521 |CM:[647 346   0 146 184   0 188 337   0] |
2021-12-16 23:26:09,485 - /home/tongyuang/code/VER_Health_Monitoring/trains/trainer.py[line:156] - INFO: Best epoch:68, min val loss: 0.1663
2021-12-16 23:26:09,491 - /home/tongyuang/code/VER_Health_Monitoring/trains/trainer.py[line:159] - INFO: Best Model are saved at /home/tongyuang/code/VER_Health_Monitoring/results/best_models/2021-12-16-11-15-23-ACN-reg-best.pt
2021-12-16 23:26:17,648 - /home/tongyuang/code/VER_Health_Monitoring/trains/trainer.py[line:139] - INFO: TRAINING: epoch:69, best epoch:68,loss: 0.1722
2021-12-16 23:26:17,989 - /home/tongyuang/code/VER_Health_Monitoring/trains/trainer.py[line:150] - INFO: acc:0.6011 |f1score:0.6002 |mae:0.6790 |CM:[2951 2126    0  644  930    0  915 1673    0] |
2021-12-16 23:26:19,437 - /home/tongyuang/code/VER_Health_Monitoring/trains/trainer.py[line:216] - INFO: EVALUATING: loss: 0.1730
2021-12-16 23:26:19,498 - /home/tongyuang/code/VER_Health_Monitoring/trains/trainer.py[line:228] - INFO: acc:0.6494 |f1score:0.6595 |mae:0.6347 |CM:[792 201   0 194 136   0 253 272   0] |
2021-12-16 23:26:27,362 - /home/tongyuang/code/VER_Health_Monitoring/trains/trainer.py[line:139] - INFO: TRAINING: epoch:70, best epoch:68,loss: 0.1732
2021-12-16 23:26:27,711 - /home/tongyuang/code/VER_Health_Monitoring/trains/trainer.py[line:150] - INFO: acc:0.6046 |f1score:0.6036 |mae:0.6755 |CM:[3013 2064    0  659  915    0  930 1658    0] |
2021-12-16 23:26:29,128 - /home/tongyuang/code/VER_Health_Monitoring/trains/trainer.py[line:216] - INFO: EVALUATING: loss: 0.1692
2021-12-16 23:26:29,193 - /home/tongyuang/code/VER_Health_Monitoring/trains/trainer.py[line:228] - INFO: acc:0.6494 |f1score:0.6539 |mae:0.6347 |CM:[744 249   0 178 152   0 221 304   0] |
2021-12-16 23:26:36,998 - /home/tongyuang/code/VER_Health_Monitoring/trains/trainer.py[line:139] - INFO: TRAINING: epoch:71, best epoch:68,loss: 0.1733
2021-12-16 23:26:37,328 - /home/tongyuang/code/VER_Health_Monitoring/trains/trainer.py[line:150] - INFO: acc:0.6066 |f1score:0.6056 |mae:0.6736 |CM:[3021 2056    0  646  928    0  933 1655    0] |
2021-12-16 23:26:38,740 - /home/tongyuang/code/VER_Health_Monitoring/trains/trainer.py[line:216] - INFO: EVALUATING: loss: 0.1681
2021-12-16 23:26:38,810 - /home/tongyuang/code/VER_Health_Monitoring/trains/trainer.py[line:228] - INFO: acc:0.5828 |f1score:0.5929 |mae:0.7013 |CM:[426 567   0  81 249   0 123 402   0] |
2021-12-16 23:26:46,688 - /home/tongyuang/code/VER_Health_Monitoring/trains/trainer.py[line:139] - INFO: TRAINING: epoch:72, best epoch:68,loss: 0.1709
2021-12-16 23:26:47,014 - /home/tongyuang/code/VER_Health_Monitoring/trains/trainer.py[line:150] - INFO: acc:0.6056 |f1score:0.6048 |mae:0.6745 |CM:[2937 2140    0  619  955    0  885 1703    0] |
2021-12-16 23:26:48,409 - /home/tongyuang/code/VER_Health_Monitoring/trains/trainer.py[line:216] - INFO: EVALUATING: loss: 0.1662
2021-12-16 23:26:48,489 - /home/tongyuang/code/VER_Health_Monitoring/trains/trainer.py[line:228] - INFO: acc:0.6234 |f1score:0.6229 |mae:0.6607 |CM:[604 389   0 129 201   0 178 347   0] |
2021-12-16 23:26:48,492 - /home/tongyuang/code/VER_Health_Monitoring/trains/trainer.py[line:156] - INFO: Best epoch:72, min val loss: 0.1662
2021-12-16 23:26:48,498 - /home/tongyuang/code/VER_Health_Monitoring/trains/trainer.py[line:159] - INFO: Best Model are saved at /home/tongyuang/code/VER_Health_Monitoring/results/best_models/2021-12-16-11-15-23-ACN-reg-best.pt
2021-12-16 23:26:56,496 - /home/tongyuang/code/VER_Health_Monitoring/trains/trainer.py[line:139] - INFO: TRAINING: epoch:73, best epoch:72,loss: 0.1733
2021-12-16 23:26:56,847 - /home/tongyuang/code/VER_Health_Monitoring/trains/trainer.py[line:150] - INFO: acc:0.6058 |f1score:0.6049 |mae:0.6743 |CM:[2971 2106    0  612  962    0  924 1664    0] |
2021-12-16 23:26:58,234 - /home/tongyuang/code/VER_Health_Monitoring/trains/trainer.py[line:216] - INFO: EVALUATING: loss: 0.1681
2021-12-16 23:26:58,299 - /home/tongyuang/code/VER_Health_Monitoring/trains/trainer.py[line:228] - INFO: acc:0.6456 |f1score:0.6461 |mae:0.6385 |CM:[681 312   0 139 191   0 204 321   0] |
2021-12-16 23:27:06,139 - /home/tongyuang/code/VER_Health_Monitoring/trains/trainer.py[line:139] - INFO: TRAINING: epoch:74, best epoch:72,loss: 0.1705
2021-12-16 23:27:06,494 - /home/tongyuang/code/VER_Health_Monitoring/trains/trainer.py[line:150] - INFO: acc:0.6167 |f1score:0.6158 |mae:0.6634 |CM:[3078 1999    0  659  915    0  883 1705    0] |
2021-12-16 23:27:07,872 - /home/tongyuang/code/VER_Health_Monitoring/trains/trainer.py[line:216] - INFO: EVALUATING: loss: 0.1647
2021-12-16 23:27:07,938 - /home/tongyuang/code/VER_Health_Monitoring/trains/trainer.py[line:228] - INFO: acc:0.6358 |f1score:0.6353 |mae:0.6483 |CM:[627 366   0 138 192   0 169 356   0] |
2021-12-16 23:27:07,941 - /home/tongyuang/code/VER_Health_Monitoring/trains/trainer.py[line:156] - INFO: Best epoch:74, min val loss: 0.1647
2021-12-16 23:27:07,947 - /home/tongyuang/code/VER_Health_Monitoring/trains/trainer.py[line:159] - INFO: Best Model are saved at /home/tongyuang/code/VER_Health_Monitoring/results/best_models/2021-12-16-11-15-23-ACN-reg-best.pt
2021-12-16 23:27:16,109 - /home/tongyuang/code/VER_Health_Monitoring/trains/trainer.py[line:139] - INFO: TRAINING: epoch:75, best epoch:74,loss: 0.1721
2021-12-16 23:27:16,452 - /home/tongyuang/code/VER_Health_Monitoring/trains/trainer.py[line:150] - INFO: acc:0.6052 |f1score:0.6042 |mae:0.6750 |CM:[2997 2080    0  653  921    0  915 1673    0] |
2021-12-16 23:27:17,908 - /home/tongyuang/code/VER_Health_Monitoring/trains/trainer.py[line:216] - INFO: EVALUATING: loss: 0.1668
2021-12-16 23:27:17,976 - /home/tongyuang/code/VER_Health_Monitoring/trains/trainer.py[line:228] - INFO: acc:0.6385 |f1score:0.6381 |mae:0.6456 |CM:[640 353   0 137 193   0 178 347   0] |
2021-12-16 23:27:25,870 - /home/tongyuang/code/VER_Health_Monitoring/trains/trainer.py[line:139] - INFO: TRAINING: epoch:76, best epoch:74,loss: 0.1710
2021-12-16 23:27:26,213 - /home/tongyuang/code/VER_Health_Monitoring/trains/trainer.py[line:150] - INFO: acc:0.6142 |f1score:0.6133 |mae:0.6659 |CM:[3015 2062    0  615  959    0  887 1701    0] |
2021-12-16 23:27:27,566 - /home/tongyuang/code/VER_Health_Monitoring/trains/trainer.py[line:216] - INFO: EVALUATING: loss: 0.1693
2021-12-16 23:27:27,630 - /home/tongyuang/code/VER_Health_Monitoring/trains/trainer.py[line:228] - INFO: acc:0.6542 |f1score:0.6589 |mae:0.6299 |CM:[751 242   0 178 152   0 219 306   0] |
2021-12-16 23:27:35,492 - /home/tongyuang/code/VER_Health_Monitoring/trains/trainer.py[line:139] - INFO: TRAINING: epoch:77, best epoch:74,loss: 0.1685
2021-12-16 23:27:35,818 - /home/tongyuang/code/VER_Health_Monitoring/trains/trainer.py[line:150] - INFO: acc:0.6184 |f1score:0.6174 |mae:0.6618 |CM:[3093 1984    0  642  932    0  900 1688    0] |
2021-12-16 23:27:37,169 - /home/tongyuang/code/VER_Health_Monitoring/trains/trainer.py[line:216] - INFO: EVALUATING: loss: 0.1664
2021-12-16 23:27:37,232 - /home/tongyuang/code/VER_Health_Monitoring/trains/trainer.py[line:228] - INFO: acc:0.6391 |f1score:0.6394 |mae:0.6450 |CM:[669 324   0 150 180   0 193 332   0] |
2021-12-16 23:27:45,127 - /home/tongyuang/code/VER_Health_Monitoring/trains/trainer.py[line:139] - INFO: TRAINING: epoch:78, best epoch:74,loss: 0.1683
2021-12-16 23:27:45,474 - /home/tongyuang/code/VER_Health_Monitoring/trains/trainer.py[line:150] - INFO: acc:0.6172 |f1score:0.6162 |mae:0.6630 |CM:[3052 2025    0  633  941    0  879 1709    0] |
2021-12-16 23:27:46,821 - /home/tongyuang/code/VER_Health_Monitoring/trains/trainer.py[line:216] - INFO: EVALUATING: loss: 0.1659
2021-12-16 23:27:46,886 - /home/tongyuang/code/VER_Health_Monitoring/trains/trainer.py[line:228] - INFO: acc:0.6050 |f1score:0.6070 |mae:0.6791 |CM:[519 474   0 111 219   0 145 380   0] |
2021-12-16 23:27:54,713 - /home/tongyuang/code/VER_Health_Monitoring/trains/trainer.py[line:139] - INFO: TRAINING: epoch:79, best epoch:74,loss: 0.1687
2021-12-16 23:27:55,058 - /home/tongyuang/code/VER_Health_Monitoring/trains/trainer.py[line:150] - INFO: acc:0.6223 |f1score:0.6213 |mae:0.6579 |CM:[3108 1969    0  626  948    0  895 1693    0] |
2021-12-16 23:27:56,420 - /home/tongyuang/code/VER_Health_Monitoring/trains/trainer.py[line:216] - INFO: EVALUATING: loss: 0.1670
2021-12-16 23:27:56,490 - /home/tongyuang/code/VER_Health_Monitoring/trains/trainer.py[line:228] - INFO: acc:0.6136 |f1score:0.6188 |mae:0.6705 |CM:[490 503   0  87 243   0 124 401   0] |
2021-12-16 23:28:04,294 - /home/tongyuang/code/VER_Health_Monitoring/trains/trainer.py[line:139] - INFO: TRAINING: epoch:80, best epoch:74,loss: 0.1683
2021-12-16 23:28:04,635 - /home/tongyuang/code/VER_Health_Monitoring/trains/trainer.py[line:150] - INFO: acc:0.6165 |f1score:0.6157 |mae:0.6636 |CM:[2987 2090    0  618  956    0  835 1753    0] |
2021-12-16 23:28:05,924 - /home/tongyuang/code/VER_Health_Monitoring/trains/trainer.py[line:216] - INFO: EVALUATING: loss: 0.1675
2021-12-16 23:28:05,989 - /home/tongyuang/code/VER_Health_Monitoring/trains/trainer.py[line:228] - INFO: acc:0.6201 |f1score:0.6216 |mae:0.6640 |CM:[541 452   0 104 226   0 146 379   0] |
2021-12-16 23:28:13,795 - /home/tongyuang/code/VER_Health_Monitoring/trains/trainer.py[line:139] - INFO: TRAINING: epoch:81, best epoch:74,loss: 0.1684
2021-12-16 23:28:14,167 - /home/tongyuang/code/VER_Health_Monitoring/trains/trainer.py[line:150] - INFO: acc:0.6213 |f1score:0.6204 |mae:0.6588 |CM:[3070 2007    0  628  946    0  864 1724    0] |
2021-12-16 23:28:15,504 - /home/tongyuang/code/VER_Health_Monitoring/trains/trainer.py[line:216] - INFO: EVALUATING: loss: 0.1686
2021-12-16 23:28:15,567 - /home/tongyuang/code/VER_Health_Monitoring/trains/trainer.py[line:228] - INFO: acc:0.6439 |f1score:0.6438 |mae:0.6402 |CM:[658 335   0 143 187   0 180 345   0] |
2021-12-16 23:28:23,414 - /home/tongyuang/code/VER_Health_Monitoring/trains/trainer.py[line:139] - INFO: TRAINING: epoch:82, best epoch:74,loss: 0.1687
2021-12-16 23:28:23,739 - /home/tongyuang/code/VER_Health_Monitoring/trains/trainer.py[line:150] - INFO: acc:0.6176 |f1score:0.6167 |mae:0.6625 |CM:[3028 2049    0  614  960    0  870 1718    0] |
2021-12-16 23:28:25,122 - /home/tongyuang/code/VER_Health_Monitoring/trains/trainer.py[line:216] - INFO: EVALUATING: loss: 0.1685
2021-12-16 23:28:25,180 - /home/tongyuang/code/VER_Health_Monitoring/trains/trainer.py[line:228] - INFO: acc:0.6499 |f1score:0.6542 |mae:0.6342 |CM:[742 251   0 183 147   0 213 312   0] |
2021-12-16 23:28:33,145 - /home/tongyuang/code/VER_Health_Monitoring/trains/trainer.py[line:139] - INFO: TRAINING: epoch:83, best epoch:74,loss: 0.1681
2021-12-16 23:28:33,510 - /home/tongyuang/code/VER_Health_Monitoring/trains/trainer.py[line:150] - INFO: acc:0.6204 |f1score:0.6195 |mae:0.6597 |CM:[3084 1993    0  638  936    0  876 1712    0] |
2021-12-16 23:28:34,940 - /home/tongyuang/code/VER_Health_Monitoring/trains/trainer.py[line:216] - INFO: EVALUATING: loss: 0.1681
2021-12-16 23:28:35,005 - /home/tongyuang/code/VER_Health_Monitoring/trains/trainer.py[line:228] - INFO: acc:0.6429 |f1score:0.6439 |mae:0.6412 |CM:[688 305   0 146 184   0 209 316   0] |
2021-12-16 23:28:43,086 - /home/tongyuang/code/VER_Health_Monitoring/trains/trainer.py[line:139] - INFO: TRAINING: epoch:84, best epoch:74,loss: 0.1666
2021-12-16 23:28:43,442 - /home/tongyuang/code/VER_Health_Monitoring/trains/trainer.py[line:150] - INFO: acc:0.6174 |f1score:0.6164 |mae:0.6627 |CM:[3067 2010    0  630  944    0  895 1693    0] |
2021-12-16 23:28:44,819 - /home/tongyuang/code/VER_Health_Monitoring/trains/trainer.py[line:216] - INFO: EVALUATING: loss: 0.1690
2021-12-16 23:28:44,883 - /home/tongyuang/code/VER_Health_Monitoring/trains/trainer.py[line:228] - INFO: acc:0.6088 |f1score:0.6094 |mae:0.6753 |CM:[546 447   0 128 202   0 148 377   0] |
2021-12-16 23:28:52,878 - /home/tongyuang/code/VER_Health_Monitoring/trains/trainer.py[line:139] - INFO: TRAINING: epoch:85, best epoch:74,loss: 0.1671
2021-12-16 23:28:53,232 - /home/tongyuang/code/VER_Health_Monitoring/trains/trainer.py[line:150] - INFO: acc:0.6171 |f1score:0.6161 |mae:0.6631 |CM:[3047 2030    0  637  937    0  871 1717    0] |
2021-12-16 23:28:54,631 - /home/tongyuang/code/VER_Health_Monitoring/trains/trainer.py[line:216] - INFO: EVALUATING: loss: 0.1670
2021-12-16 23:28:54,706 - /home/tongyuang/code/VER_Health_Monitoring/trains/trainer.py[line:228] - INFO: acc:0.6310 |f1score:0.6304 |mae:0.6531 |CM:[620 373   0 131 199   0 178 347   0] |
2021-12-16 23:29:02,600 - /home/tongyuang/code/VER_Health_Monitoring/trains/trainer.py[line:139] - INFO: TRAINING: epoch:86, best epoch:74,loss: 0.1682
2021-12-16 23:29:02,931 - /home/tongyuang/code/VER_Health_Monitoring/trains/trainer.py[line:150] - INFO: acc:0.6135 |f1score:0.6126 |mae:0.6666 |CM:[2986 2091    0  634  940    0  846 1742    0] |
2021-12-16 23:29:04,279 - /home/tongyuang/code/VER_Health_Monitoring/trains/trainer.py[line:216] - INFO: EVALUATING: loss: 0.1667
2021-12-16 23:29:04,346 - /home/tongyuang/code/VER_Health_Monitoring/trains/trainer.py[line:228] - INFO: acc:0.6396 |f1score:0.6395 |mae:0.6445 |CM:[654 339   0 144 186   0 183 342   0] |
2021-12-16 23:29:12,210 - /home/tongyuang/code/VER_Health_Monitoring/trains/trainer.py[line:139] - INFO: TRAINING: epoch:87, best epoch:74,loss: 0.1657
2021-12-16 23:29:12,549 - /home/tongyuang/code/VER_Health_Monitoring/trains/trainer.py[line:150] - INFO: acc:0.6231 |f1score:0.6222 |mae:0.6570 |CM:[3064 2013    0  628  946    0  841 1747    0] |
2021-12-16 23:29:13,918 - /home/tongyuang/code/VER_Health_Monitoring/trains/trainer.py[line:216] - INFO: EVALUATING: loss: 0.1665
2021-12-16 23:29:13,982 - /home/tongyuang/code/VER_Health_Monitoring/trains/trainer.py[line:228] - INFO: acc:0.6504 |f1score:0.6504 |mae:0.6337 |CM:[668 325   0 144 186   0 177 348   0] |
2021-12-16 23:29:21,921 - /home/tongyuang/code/VER_Health_Monitoring/trains/trainer.py[line:139] - INFO: TRAINING: epoch:88, best epoch:74,loss: 0.1668
2021-12-16 23:29:22,295 - /home/tongyuang/code/VER_Health_Monitoring/trains/trainer.py[line:150] - INFO: acc:0.6266 |f1score:0.6257 |mae:0.6535 |CM:[3139 1938    0  631  943    0  881 1707    0] |
2021-12-16 23:29:23,712 - /home/tongyuang/code/VER_Health_Monitoring/trains/trainer.py[line:216] - INFO: EVALUATING: loss: 0.1670
2021-12-16 23:29:23,779 - /home/tongyuang/code/VER_Health_Monitoring/trains/trainer.py[line:228] - INFO: acc:0.6185 |f1score:0.6190 |mae:0.6656 |CM:[559 434   0 112 218   0 159 366   0] |
2021-12-16 23:29:31,643 - /home/tongyuang/code/VER_Health_Monitoring/trains/trainer.py[line:139] - INFO: TRAINING: epoch:89, best epoch:74,loss: 0.1680
2021-12-16 23:29:31,993 - /home/tongyuang/code/VER_Health_Monitoring/trains/trainer.py[line:150] - INFO: acc:0.6195 |f1score:0.6187 |mae:0.6606 |CM:[3036 2041    0  641  933    0  833 1755    0] |
2021-12-16 23:29:33,330 - /home/tongyuang/code/VER_Health_Monitoring/trains/trainer.py[line:216] - INFO: EVALUATING: loss: 0.1685
2021-12-16 23:29:33,401 - /home/tongyuang/code/VER_Health_Monitoring/trains/trainer.py[line:228] - INFO: acc:0.5979 |f1score:0.6046 |mae:0.6861 |CM:[464 529   0  92 238   0 122 403   0] |
2021-12-16 23:29:41,257 - /home/tongyuang/code/VER_Health_Monitoring/trains/trainer.py[line:139] - INFO: TRAINING: epoch:90, best epoch:74,loss: 0.1655
2021-12-16 23:29:41,594 - /home/tongyuang/code/VER_Health_Monitoring/trains/trainer.py[line:150] - INFO: acc:0.6267 |f1score:0.6258 |mae:0.6534 |CM:[3083 1994    0  611  963    0  844 1744    0] |
2021-12-16 23:29:42,931 - /home/tongyuang/code/VER_Health_Monitoring/trains/trainer.py[line:216] - INFO: EVALUATING: loss: 0.1664
2021-12-16 23:29:43,003 - /home/tongyuang/code/VER_Health_Monitoring/trains/trainer.py[line:228] - INFO: acc:0.6391 |f1score:0.6388 |mae:0.6450 |CM:[646 347   0 135 195   0 185 340   0] |
2021-12-16 23:29:43,007 - /home/tongyuang/code/VER_Health_Monitoring/trains/trainer.py[line:173] - INFO: early stop triggered!
2021-12-16 23:29:43,007 - /home/tongyuang/code/VER_Health_Monitoring/trains/trainer.py[line:174] - INFO: Best Model are saved at /home/tongyuang/code/VER_Health_Monitoring/results/best_models/2021-12-16-11-15-23-ACN-reg-best.pt
