2021-12-01 13:36:39,559 - /home/tongyuang/code/VER_Health_Monitoring/trains/ACN.py[line:109] - INFO: TRAINING: epoch:1, best epoch:0,loss: 0.5004
2021-12-01 13:36:39,707 - /home/tongyuang/code/VER_Health_Monitoring/trains/ACN.py[line:118] - INFO: acc_0.5:0.517913 |f1score_0.5:0.676172 |acc_0.33:0.435004 |f1score_0.33:0.578628 |acc_0.1:0.451348 |f1score_0.1:0.514259 |mae:0.498586 |corr:0.034783 |num_samples:9239.000000 |
2021-12-01 13:36:39,889 - /home/tongyuang/code/VER_Health_Monitoring/trains/ACN.py[line:174] - INFO: EVALUATING: loss: 0.4846
2021-12-01 13:36:39,918 - /home/tongyuang/code/VER_Health_Monitoring/trains/ACN.py[line:184] - INFO: acc_0.5:0.5379 |f1score_0.5:0.6995 |acc_0.33:0.4524 |f1score_0.33:0.6230 |acc_0.1:0.2976 |f1score_0.1:0.3263 |mae:0.4843 |corr:0.1022 |num_samples:1848.0000 |
2021-12-01 13:36:39,918 - /home/tongyuang/code/VER_Health_Monitoring/trains/ACN.py[line:124] - INFO: Best epoch:1, min val loss: 0.4846
2021-12-01 13:36:39,920 - /home/tongyuang/code/VER_Health_Monitoring/trains/ACN.py[line:127] - INFO: Best Model are saved at /home/tongyuang/code/VER_Health_Monitoring/results/best_models/2021-12-01-01-36-38-ACN-best.pt
2021-12-01 13:36:40,460 - /home/tongyuang/code/VER_Health_Monitoring/trains/ACN.py[line:109] - INFO: TRAINING: epoch:2, best epoch:1,loss: 0.4959
2021-12-01 13:36:40,614 - /home/tongyuang/code/VER_Health_Monitoring/trains/ACN.py[line:118] - INFO: acc_0.5:0.517697 |f1score_0.5:0.679237 |acc_0.33:0.436627 |f1score_0.33:0.587128 |acc_0.1:0.463578 |f1score_0.1:0.539900 |mae:0.497180 |corr:0.017049 |num_samples:9239.000000 |
2021-12-01 13:36:40,796 - /home/tongyuang/code/VER_Health_Monitoring/trains/ACN.py[line:174] - INFO: EVALUATING: loss: 0.4860
2021-12-01 13:36:40,827 - /home/tongyuang/code/VER_Health_Monitoring/trains/ACN.py[line:184] - INFO: acc_0.5:0.5379 |f1score_0.5:0.6995 |acc_0.33:0.4524 |f1score_0.33:0.6230 |acc_0.1:0.4286 |f1score_0.1:0.4867 |mae:0.4847 |corr:0.0657 |num_samples:1848.0000 |
2021-12-01 13:36:41,258 - /home/tongyuang/code/VER_Health_Monitoring/trains/ACN.py[line:109] - INFO: TRAINING: epoch:3, best epoch:1,loss: 0.4947
2021-12-01 13:36:41,387 - /home/tongyuang/code/VER_Health_Monitoring/trains/ACN.py[line:118] - INFO: acc_0.5:0.517805 |f1score_0.5:0.681754 |acc_0.33:0.438143 |f1score_0.33:0.599589 |acc_0.1:0.506332 |f1score_0.1:0.619152 |mae:0.493916 |corr:0.016385 |num_samples:9239.000000 |
2021-12-01 13:36:41,569 - /home/tongyuang/code/VER_Health_Monitoring/trains/ACN.py[line:174] - INFO: EVALUATING: loss: 0.4850
2021-12-01 13:36:41,612 - /home/tongyuang/code/VER_Health_Monitoring/trains/ACN.py[line:184] - INFO: acc_0.5:0.5379 |f1score_0.5:0.6995 |acc_0.33:0.4524 |f1score_0.33:0.6230 |acc_0.1:0.5352 |f1score_0.1:0.6918 |mae:0.4822 |corr:0.0890 |num_samples:1848.0000 |
2021-12-01 13:36:42,055 - /home/tongyuang/code/VER_Health_Monitoring/trains/ACN.py[line:109] - INFO: TRAINING: epoch:4, best epoch:1,loss: 0.4930
2021-12-01 13:36:42,184 - /home/tongyuang/code/VER_Health_Monitoring/trains/ACN.py[line:118] - INFO: acc_0.5:0.517697 |f1score_0.5:0.681611 |acc_0.33:0.438467 |f1score_0.33:0.600865 |acc_0.1:0.507198 |f1score_0.1:0.616295 |mae:0.492557 |corr:0.033837 |num_samples:9239.000000 |
2021-12-01 13:36:42,357 - /home/tongyuang/code/VER_Health_Monitoring/trains/ACN.py[line:174] - INFO: EVALUATING: loss: 0.4776
2021-12-01 13:36:42,393 - /home/tongyuang/code/VER_Health_Monitoring/trains/ACN.py[line:184] - INFO: acc_0.5:0.5379 |f1score_0.5:0.6995 |acc_0.33:0.4524 |f1score_0.33:0.6230 |acc_0.1:0.5373 |f1score_0.1:0.6981 |mae:0.4784 |corr:0.1099 |num_samples:1848.0000 |
2021-12-01 13:36:42,393 - /home/tongyuang/code/VER_Health_Monitoring/trains/ACN.py[line:124] - INFO: Best epoch:4, min val loss: 0.4776
2021-12-01 13:36:42,395 - /home/tongyuang/code/VER_Health_Monitoring/trains/ACN.py[line:127] - INFO: Best Model are saved at /home/tongyuang/code/VER_Health_Monitoring/results/best_models/2021-12-01-01-36-38-ACN-best.pt
2021-12-01 13:36:42,967 - /home/tongyuang/code/VER_Health_Monitoring/trains/ACN.py[line:109] - INFO: TRAINING: epoch:5, best epoch:4,loss: 0.4921
2021-12-01 13:36:43,118 - /home/tongyuang/code/VER_Health_Monitoring/trains/ACN.py[line:118] - INFO: acc_0.5:0.517697 |f1score_0.5:0.681419 |acc_0.33:0.437926 |f1score_0.33:0.601571 |acc_0.1:0.528304 |f1score_0.1:0.658266 |mae:0.491483 |corr:0.049250 |num_samples:9239.000000 |
2021-12-01 13:36:43,296 - /home/tongyuang/code/VER_Health_Monitoring/trains/ACN.py[line:174] - INFO: EVALUATING: loss: 0.4807
2021-12-01 13:36:43,322 - /home/tongyuang/code/VER_Health_Monitoring/trains/ACN.py[line:184] - INFO: acc_0.5:0.5379 |f1score_0.5:0.6995 |acc_0.33:0.4524 |f1score_0.33:0.6230 |acc_0.1:0.5373 |f1score_0.1:0.6949 |mae:0.4812 |corr:0.1043 |num_samples:1848.0000 |
2021-12-01 13:36:43,747 - /home/tongyuang/code/VER_Health_Monitoring/trains/ACN.py[line:109] - INFO: TRAINING: epoch:6, best epoch:4,loss: 0.4920
2021-12-01 13:36:43,875 - /home/tongyuang/code/VER_Health_Monitoring/trains/ACN.py[line:118] - INFO: acc_0.5:0.517805 |f1score_0.5:0.681804 |acc_0.33:0.438792 |f1score_0.33:0.603408 |acc_0.1:0.528845 |f1score_0.1:0.660866 |mae:0.491583 |corr:0.032201 |num_samples:9239.000000 |
2021-12-01 13:36:44,052 - /home/tongyuang/code/VER_Health_Monitoring/trains/ACN.py[line:174] - INFO: EVALUATING: loss: 0.4809
2021-12-01 13:36:44,095 - /home/tongyuang/code/VER_Health_Monitoring/trains/ACN.py[line:184] - INFO: acc_0.5:0.5379 |f1score_0.5:0.6995 |acc_0.33:0.4524 |f1score_0.33:0.6230 |acc_0.1:0.5373 |f1score_0.1:0.6990 |mae:0.4797 |corr:0.1162 |num_samples:1848.0000 |
2021-12-01 13:36:44,564 - /home/tongyuang/code/VER_Health_Monitoring/trains/ACN.py[line:109] - INFO: TRAINING: epoch:7, best epoch:4,loss: 0.4917
2021-12-01 13:36:44,686 - /home/tongyuang/code/VER_Health_Monitoring/trains/ACN.py[line:118] - INFO: acc_0.5:0.518346 |f1score_0.5:0.681850 |acc_0.33:0.439333 |f1score_0.33:0.602406 |acc_0.1:0.541076 |f1score_0.1:0.686787 |mae:0.490666 |corr:0.048957 |num_samples:9239.000000 |
2021-12-01 13:36:44,909 - /home/tongyuang/code/VER_Health_Monitoring/trains/ACN.py[line:174] - INFO: EVALUATING: loss: 0.4808
2021-12-01 13:36:44,935 - /home/tongyuang/code/VER_Health_Monitoring/trains/ACN.py[line:184] - INFO: acc_0.5:0.5379 |f1score_0.5:0.6995 |acc_0.33:0.4524 |f1score_0.33:0.6230 |acc_0.1:0.5373 |f1score_0.1:0.6990 |mae:0.4804 |corr:0.1035 |num_samples:1848.0000 |
2021-12-01 13:36:45,378 - /home/tongyuang/code/VER_Health_Monitoring/trains/ACN.py[line:109] - INFO: TRAINING: epoch:8, best epoch:4,loss: 0.4884
2021-12-01 13:36:45,510 - /home/tongyuang/code/VER_Health_Monitoring/trains/ACN.py[line:118] - INFO: acc_0.5:0.517805 |f1score_0.5:0.681804 |acc_0.33:0.438684 |f1score_0.33:0.602622 |acc_0.1:0.544756 |f1score_0.1:0.698316 |mae:0.490217 |corr:0.047318 |num_samples:9239.000000 |
2021-12-01 13:36:45,697 - /home/tongyuang/code/VER_Health_Monitoring/trains/ACN.py[line:174] - INFO: EVALUATING: loss: 0.4772
2021-12-01 13:36:45,731 - /home/tongyuang/code/VER_Health_Monitoring/trains/ACN.py[line:184] - INFO: acc_0.5:0.5379 |f1score_0.5:0.6995 |acc_0.33:0.4524 |f1score_0.33:0.6230 |acc_0.1:0.5249 |f1score_0.1:0.6545 |mae:0.4817 |corr:0.1146 |num_samples:1848.0000 |
2021-12-01 13:36:45,731 - /home/tongyuang/code/VER_Health_Monitoring/trains/ACN.py[line:124] - INFO: Best epoch:8, min val loss: 0.4772
2021-12-01 13:36:45,733 - /home/tongyuang/code/VER_Health_Monitoring/trains/ACN.py[line:127] - INFO: Best Model are saved at /home/tongyuang/code/VER_Health_Monitoring/results/best_models/2021-12-01-01-36-38-ACN-best.pt
2021-12-01 13:36:46,192 - /home/tongyuang/code/VER_Health_Monitoring/trains/ACN.py[line:109] - INFO: TRAINING: epoch:9, best epoch:8,loss: 0.4892
2021-12-01 13:36:46,330 - /home/tongyuang/code/VER_Health_Monitoring/trains/ACN.py[line:118] - INFO: acc_0.5:0.517480 |f1score_0.5:0.681468 |acc_0.33:0.439117 |f1score_0.33:0.605128 |acc_0.1:0.536530 |f1score_0.1:0.678546 |mae:0.489599 |corr:0.072443 |num_samples:9239.000000 |
2021-12-01 13:36:46,515 - /home/tongyuang/code/VER_Health_Monitoring/trains/ACN.py[line:174] - INFO: EVALUATING: loss: 0.4791
2021-12-01 13:36:46,542 - /home/tongyuang/code/VER_Health_Monitoring/trains/ACN.py[line:184] - INFO: acc_0.5:0.5379 |f1score_0.5:0.6995 |acc_0.33:0.4524 |f1score_0.33:0.6230 |acc_0.1:0.5390 |f1score_0.1:0.6966 |mae:0.4804 |corr:0.0976 |num_samples:1848.0000 |
2021-12-01 13:36:46,969 - /home/tongyuang/code/VER_Health_Monitoring/trains/ACN.py[line:109] - INFO: TRAINING: epoch:10, best epoch:8,loss: 0.4890
2021-12-01 13:36:47,104 - /home/tongyuang/code/VER_Health_Monitoring/trains/ACN.py[line:118] - INFO: acc_0.5:0.517805 |f1score_0.5:0.681971 |acc_0.33:0.438900 |f1score_0.33:0.605719 |acc_0.1:0.546163 |f1score_0.1:0.699123 |mae:0.489290 |corr:0.078116 |num_samples:9239.000000 |
2021-12-01 13:36:47,324 - /home/tongyuang/code/VER_Health_Monitoring/trains/ACN.py[line:174] - INFO: EVALUATING: loss: 0.4778
2021-12-01 13:36:47,351 - /home/tongyuang/code/VER_Health_Monitoring/trains/ACN.py[line:184] - INFO: acc_0.5:0.5379 |f1score_0.5:0.6995 |acc_0.33:0.4524 |f1score_0.33:0.6230 |acc_0.1:0.5222 |f1score_0.1:0.6539 |mae:0.4800 |corr:0.0660 |num_samples:1848.0000 |
2021-12-01 13:36:47,779 - /home/tongyuang/code/VER_Health_Monitoring/trains/ACN.py[line:109] - INFO: TRAINING: epoch:11, best epoch:8,loss: 0.4901
2021-12-01 13:36:47,902 - /home/tongyuang/code/VER_Health_Monitoring/trains/ACN.py[line:118] - INFO: acc_0.5:0.518130 |f1score_0.5:0.681349 |acc_0.33:0.440524 |f1score_0.33:0.603234 |acc_0.1:0.542808 |f1score_0.1:0.689186 |mae:0.489949 |corr:0.062604 |num_samples:9239.000000 |
2021-12-01 13:36:48,118 - /home/tongyuang/code/VER_Health_Monitoring/trains/ACN.py[line:174] - INFO: EVALUATING: loss: 0.4817
2021-12-01 13:36:48,160 - /home/tongyuang/code/VER_Health_Monitoring/trains/ACN.py[line:184] - INFO: acc_0.5:0.5379 |f1score_0.5:0.6995 |acc_0.33:0.4524 |f1score_0.33:0.6230 |acc_0.1:0.5384 |f1score_0.1:0.6955 |mae:0.4793 |corr:0.1325 |num_samples:1848.0000 |
2021-12-01 13:36:48,612 - /home/tongyuang/code/VER_Health_Monitoring/trains/ACN.py[line:109] - INFO: TRAINING: epoch:12, best epoch:8,loss: 0.4893
2021-12-01 13:36:48,734 - /home/tongyuang/code/VER_Health_Monitoring/trains/ACN.py[line:118] - INFO: acc_0.5:0.518021 |f1score_0.5:0.681539 |acc_0.33:0.440957 |f1score_0.33:0.604539 |acc_0.1:0.546921 |f1score_0.1:0.700112 |mae:0.489178 |corr:0.070195 |num_samples:9239.000000 |
2021-12-01 13:36:48,926 - /home/tongyuang/code/VER_Health_Monitoring/trains/ACN.py[line:174] - INFO: EVALUATING: loss: 0.4799
2021-12-01 13:36:48,952 - /home/tongyuang/code/VER_Health_Monitoring/trains/ACN.py[line:184] - INFO: acc_0.5:0.5379 |f1score_0.5:0.6995 |acc_0.33:0.4524 |f1score_0.33:0.6230 |acc_0.1:0.5384 |f1score_0.1:0.6988 |mae:0.4799 |corr:0.1702 |num_samples:1848.0000 |
2021-12-01 13:36:49,354 - /home/tongyuang/code/VER_Health_Monitoring/trains/ACN.py[line:109] - INFO: TRAINING: epoch:13, best epoch:8,loss: 0.4887
2021-12-01 13:36:49,478 - /home/tongyuang/code/VER_Health_Monitoring/trains/ACN.py[line:118] - INFO: acc_0.5:0.518130 |f1score_0.5:0.680919 |acc_0.33:0.440740 |f1score_0.33:0.601845 |acc_0.1:0.548436 |f1score_0.1:0.706064 |mae:0.489021 |corr:0.078906 |num_samples:9239.000000 |
2021-12-01 13:36:49,666 - /home/tongyuang/code/VER_Health_Monitoring/trains/ACN.py[line:174] - INFO: EVALUATING: loss: 0.4811
2021-12-01 13:36:49,693 - /home/tongyuang/code/VER_Health_Monitoring/trains/ACN.py[line:184] - INFO: acc_0.5:0.5379 |f1score_0.5:0.6995 |acc_0.33:0.4529 |f1score_0.33:0.6227 |acc_0.1:0.5363 |f1score_0.1:0.6880 |mae:0.4798 |corr:0.1481 |num_samples:1848.0000 |
2021-12-01 13:36:50,165 - /home/tongyuang/code/VER_Health_Monitoring/trains/ACN.py[line:109] - INFO: TRAINING: epoch:14, best epoch:8,loss: 0.4903
2021-12-01 13:36:50,294 - /home/tongyuang/code/VER_Health_Monitoring/trains/ACN.py[line:118] - INFO: acc_0.5:0.518021 |f1score_0.5:0.681157 |acc_0.33:0.441606 |f1score_0.33:0.602435 |acc_0.1:0.543998 |f1score_0.1:0.693537 |mae:0.489513 |corr:0.080415 |num_samples:9239.000000 |
2021-12-01 13:36:50,549 - /home/tongyuang/code/VER_Health_Monitoring/trains/ACN.py[line:174] - INFO: EVALUATING: loss: 0.4767
2021-12-01 13:36:50,592 - /home/tongyuang/code/VER_Health_Monitoring/trains/ACN.py[line:184] - INFO: acc_0.5:0.5379 |f1score_0.5:0.6995 |acc_0.33:0.4529 |f1score_0.33:0.6227 |acc_0.1:0.5373 |f1score_0.1:0.6956 |mae:0.4781 |corr:0.1320 |num_samples:1848.0000 |
2021-12-01 13:36:50,592 - /home/tongyuang/code/VER_Health_Monitoring/trains/ACN.py[line:124] - INFO: Best epoch:14, min val loss: 0.4767
2021-12-01 13:36:50,594 - /home/tongyuang/code/VER_Health_Monitoring/trains/ACN.py[line:127] - INFO: Best Model are saved at /home/tongyuang/code/VER_Health_Monitoring/results/best_models/2021-12-01-01-36-38-ACN-best.pt
2021-12-01 13:36:51,126 - /home/tongyuang/code/VER_Health_Monitoring/trains/ACN.py[line:109] - INFO: TRAINING: epoch:15, best epoch:14,loss: 0.4892
2021-12-01 13:36:51,255 - /home/tongyuang/code/VER_Health_Monitoring/trains/ACN.py[line:118] - INFO: acc_0.5:0.519212 |f1score_0.5:0.681122 |acc_0.33:0.440416 |f1score_0.33:0.603164 |acc_0.1:0.543674 |f1score_0.1:0.693710 |mae:0.489013 |corr:0.095155 |num_samples:9239.000000 |
2021-12-01 13:36:51,442 - /home/tongyuang/code/VER_Health_Monitoring/trains/ACN.py[line:174] - INFO: EVALUATING: loss: 0.4805
2021-12-01 13:36:51,469 - /home/tongyuang/code/VER_Health_Monitoring/trains/ACN.py[line:184] - INFO: acc_0.5:0.5379 |f1score_0.5:0.6995 |acc_0.33:0.4524 |f1score_0.33:0.6230 |acc_0.1:0.5384 |f1score_0.1:0.6953 |mae:0.4794 |corr:0.1662 |num_samples:1848.0000 |
2021-12-01 13:36:51,907 - /home/tongyuang/code/VER_Health_Monitoring/trains/ACN.py[line:109] - INFO: TRAINING: epoch:16, best epoch:14,loss: 0.4889
2021-12-01 13:36:52,045 - /home/tongyuang/code/VER_Health_Monitoring/trains/ACN.py[line:118] - INFO: acc_0.5:0.517913 |f1score_0.5:0.681971 |acc_0.33:0.439441 |f1score_0.33:0.605055 |acc_0.1:0.544431 |f1score_0.1:0.692833 |mae:0.488483 |corr:0.094101 |num_samples:9239.000000 |
2021-12-01 13:36:52,259 - /home/tongyuang/code/VER_Health_Monitoring/trains/ACN.py[line:174] - INFO: EVALUATING: loss: 0.4790
2021-12-01 13:36:52,287 - /home/tongyuang/code/VER_Health_Monitoring/trains/ACN.py[line:184] - INFO: acc_0.5:0.5379 |f1score_0.5:0.6995 |acc_0.33:0.4529 |f1score_0.33:0.6227 |acc_0.1:0.5314 |f1score_0.1:0.6736 |mae:0.4774 |corr:0.1584 |num_samples:1848.0000 |
2021-12-01 13:36:52,728 - /home/tongyuang/code/VER_Health_Monitoring/trains/ACN.py[line:109] - INFO: TRAINING: epoch:17, best epoch:14,loss: 0.4898
2021-12-01 13:36:52,858 - /home/tongyuang/code/VER_Health_Monitoring/trains/ACN.py[line:118] - INFO: acc_0.5:0.518671 |f1score_0.5:0.681779 |acc_0.33:0.438467 |f1score_0.33:0.601808 |acc_0.1:0.534040 |f1score_0.1:0.670046 |mae:0.488073 |corr:0.097455 |num_samples:9239.000000 |
2021-12-01 13:36:53,077 - /home/tongyuang/code/VER_Health_Monitoring/trains/ACN.py[line:174] - INFO: EVALUATING: loss: 0.4768
2021-12-01 13:36:53,104 - /home/tongyuang/code/VER_Health_Monitoring/trains/ACN.py[line:184] - INFO: acc_0.5:0.5379 |f1score_0.5:0.6995 |acc_0.33:0.4529 |f1score_0.33:0.6228 |acc_0.1:0.5292 |f1score_0.1:0.6658 |mae:0.4789 |corr:0.1547 |num_samples:1848.0000 |
2021-12-01 13:36:53,709 - /home/tongyuang/code/VER_Health_Monitoring/trains/ACN.py[line:109] - INFO: TRAINING: epoch:18, best epoch:14,loss: 0.4878
2021-12-01 13:36:53,875 - /home/tongyuang/code/VER_Health_Monitoring/trains/ACN.py[line:118] - INFO: acc_0.5:0.518346 |f1score_0.5:0.680331 |acc_0.33:0.442580 |f1score_0.33:0.598694 |acc_0.1:0.535015 |f1score_0.1:0.667859 |mae:0.487511 |corr:0.128931 |num_samples:9239.000000 |
2021-12-01 13:36:54,069 - /home/tongyuang/code/VER_Health_Monitoring/trains/ACN.py[line:174] - INFO: EVALUATING: loss: 0.4731
2021-12-01 13:36:54,111 - /home/tongyuang/code/VER_Health_Monitoring/trains/ACN.py[line:184] - INFO: acc_0.5:0.5379 |f1score_0.5:0.6995 |acc_0.33:0.4545 |f1score_0.33:0.6215 |acc_0.1:0.4605 |f1score_0.1:0.5176 |mae:0.4771 |corr:0.1462 |num_samples:1848.0000 |
2021-12-01 13:36:54,111 - /home/tongyuang/code/VER_Health_Monitoring/trains/ACN.py[line:124] - INFO: Best epoch:18, min val loss: 0.4731
2021-12-01 13:36:54,112 - /home/tongyuang/code/VER_Health_Monitoring/trains/ACN.py[line:127] - INFO: Best Model are saved at /home/tongyuang/code/VER_Health_Monitoring/results/best_models/2021-12-01-01-36-38-ACN-best.pt
2021-12-01 13:36:54,619 - /home/tongyuang/code/VER_Health_Monitoring/trains/ACN.py[line:109] - INFO: TRAINING: epoch:19, best epoch:18,loss: 0.4871
2021-12-01 13:36:54,749 - /home/tongyuang/code/VER_Health_Monitoring/trains/ACN.py[line:118] - INFO: acc_0.5:0.517913 |f1score_0.5:0.680610 |acc_0.33:0.441714 |f1score_0.33:0.600112 |acc_0.1:0.520511 |f1score_0.1:0.632155 |mae:0.487787 |corr:0.102617 |num_samples:9239.000000 |
2021-12-01 13:36:54,968 - /home/tongyuang/code/VER_Health_Monitoring/trains/ACN.py[line:174] - INFO: EVALUATING: loss: 0.4770
2021-12-01 13:36:55,012 - /home/tongyuang/code/VER_Health_Monitoring/trains/ACN.py[line:184] - INFO: acc_0.5:0.5379 |f1score_0.5:0.6995 |acc_0.33:0.4529 |f1score_0.33:0.6228 |acc_0.1:0.5119 |f1score_0.1:0.6190 |mae:0.4768 |corr:0.1522 |num_samples:1848.0000 |
2021-12-01 13:36:55,443 - /home/tongyuang/code/VER_Health_Monitoring/trains/ACN.py[line:109] - INFO: TRAINING: epoch:20, best epoch:18,loss: 0.4893
2021-12-01 13:36:55,568 - /home/tongyuang/code/VER_Health_Monitoring/trains/ACN.py[line:118] - INFO: acc_0.5:0.518454 |f1score_0.5:0.680876 |acc_0.33:0.441714 |f1score_0.33:0.601413 |acc_0.1:0.523217 |f1score_0.1:0.641455 |mae:0.488602 |corr:0.092265 |num_samples:9239.000000 |
2021-12-01 13:36:55,762 - /home/tongyuang/code/VER_Health_Monitoring/trains/ACN.py[line:174] - INFO: EVALUATING: loss: 0.4792
2021-12-01 13:36:55,789 - /home/tongyuang/code/VER_Health_Monitoring/trains/ACN.py[line:184] - INFO: acc_0.5:0.5379 |f1score_0.5:0.6995 |acc_0.33:0.4535 |f1score_0.33:0.6226 |acc_0.1:0.5168 |f1score_0.1:0.6316 |mae:0.4773 |corr:0.1664 |num_samples:1848.0000 |
2021-12-01 13:36:56,241 - /home/tongyuang/code/VER_Health_Monitoring/trains/ACN.py[line:109] - INFO: TRAINING: epoch:21, best epoch:18,loss: 0.4870
2021-12-01 13:36:56,370 - /home/tongyuang/code/VER_Health_Monitoring/trains/ACN.py[line:118] - INFO: acc_0.5:0.519212 |f1score_0.5:0.681805 |acc_0.33:0.443338 |f1score_0.33:0.600990 |acc_0.1:0.502219 |f1score_0.1:0.597911 |mae:0.487942 |corr:0.118165 |num_samples:9239.000000 |
2021-12-01 13:36:56,594 - /home/tongyuang/code/VER_Health_Monitoring/trains/ACN.py[line:174] - INFO: EVALUATING: loss: 0.4737
2021-12-01 13:36:56,638 - /home/tongyuang/code/VER_Health_Monitoring/trains/ACN.py[line:184] - INFO: acc_0.5:0.5384 |f1score_0.5:0.6994 |acc_0.33:0.4600 |f1score_0.33:0.6162 |acc_0.1:0.5060 |f1score_0.1:0.6004 |mae:0.4758 |corr:0.1389 |num_samples:1848.0000 |
2021-12-01 13:36:57,090 - /home/tongyuang/code/VER_Health_Monitoring/trains/ACN.py[line:109] - INFO: TRAINING: epoch:22, best epoch:18,loss: 0.4898
2021-12-01 13:36:57,240 - /home/tongyuang/code/VER_Health_Monitoring/trains/ACN.py[line:118] - INFO: acc_0.5:0.518454 |f1score_0.5:0.680663 |acc_0.33:0.444096 |f1score_0.33:0.598995 |acc_0.1:0.526139 |f1score_0.1:0.646677 |mae:0.488437 |corr:0.105829 |num_samples:9239.000000 |
2021-12-01 13:36:57,410 - /home/tongyuang/code/VER_Health_Monitoring/trains/ACN.py[line:174] - INFO: EVALUATING: loss: 0.4750
2021-12-01 13:36:57,443 - /home/tongyuang/code/VER_Health_Monitoring/trains/ACN.py[line:184] - INFO: acc_0.5:0.5379 |f1score_0.5:0.6995 |acc_0.33:0.4529 |f1score_0.33:0.6228 |acc_0.1:0.4892 |f1score_0.1:0.5610 |mae:0.4767 |corr:0.1779 |num_samples:1848.0000 |
2021-12-01 13:36:57,866 - /home/tongyuang/code/VER_Health_Monitoring/trains/ACN.py[line:109] - INFO: TRAINING: epoch:23, best epoch:18,loss: 0.4876
2021-12-01 13:36:58,020 - /home/tongyuang/code/VER_Health_Monitoring/trains/ACN.py[line:118] - INFO: acc_0.5:0.517805 |f1score_0.5:0.681346 |acc_0.33:0.444853 |f1score_0.33:0.602269 |acc_0.1:0.510228 |f1score_0.1:0.617626 |mae:0.487844 |corr:0.114583 |num_samples:9239.000000 |
2021-12-01 13:36:58,244 - /home/tongyuang/code/VER_Health_Monitoring/trains/ACN.py[line:174] - INFO: EVALUATING: loss: 0.4797
2021-12-01 13:36:58,271 - /home/tongyuang/code/VER_Health_Monitoring/trains/ACN.py[line:184] - INFO: acc_0.5:0.5384 |f1score_0.5:0.6994 |acc_0.33:0.4540 |f1score_0.33:0.6205 |acc_0.1:0.4486 |f1score_0.1:0.5024 |mae:0.4758 |corr:0.1843 |num_samples:1848.0000 |
2021-12-01 13:36:58,700 - /home/tongyuang/code/VER_Health_Monitoring/trains/ACN.py[line:109] - INFO: TRAINING: epoch:24, best epoch:18,loss: 0.4857
2021-12-01 13:36:58,836 - /home/tongyuang/code/VER_Health_Monitoring/trains/ACN.py[line:118] - INFO: acc_0.5:0.518779 |f1score_0.5:0.680245 |acc_0.33:0.445070 |f1score_0.33:0.597528 |acc_0.1:0.516939 |f1score_0.1:0.628013 |mae:0.486709 |corr:0.135535 |num_samples:9239.000000 |
2021-12-01 13:36:59,067 - /home/tongyuang/code/VER_Health_Monitoring/trains/ACN.py[line:174] - INFO: EVALUATING: loss: 0.4741
2021-12-01 13:36:59,112 - /home/tongyuang/code/VER_Health_Monitoring/trains/ACN.py[line:184] - INFO: acc_0.5:0.5379 |f1score_0.5:0.6995 |acc_0.33:0.4535 |f1score_0.33:0.6225 |acc_0.1:0.4735 |f1score_0.1:0.5356 |mae:0.4753 |corr:0.2022 |num_samples:1848.0000 |
2021-12-01 13:36:59,618 - /home/tongyuang/code/VER_Health_Monitoring/trains/ACN.py[line:109] - INFO: TRAINING: epoch:25, best epoch:18,loss: 0.4884
2021-12-01 13:36:59,773 - /home/tongyuang/code/VER_Health_Monitoring/trains/ACN.py[line:118] - INFO: acc_0.5:0.519104 |f1score_0.5:0.679995 |acc_0.33:0.444637 |f1score_0.33:0.597943 |acc_0.1:0.512718 |f1score_0.1:0.617695 |mae:0.486711 |corr:0.137229 |num_samples:9239.000000 |
2021-12-01 13:36:59,989 - /home/tongyuang/code/VER_Health_Monitoring/trains/ACN.py[line:174] - INFO: EVALUATING: loss: 0.4725
2021-12-01 13:37:00,015 - /home/tongyuang/code/VER_Health_Monitoring/trains/ACN.py[line:184] - INFO: acc_0.5:0.5384 |f1score_0.5:0.6994 |acc_0.33:0.4535 |f1score_0.33:0.6225 |acc_0.1:0.5157 |f1score_0.1:0.6149 |mae:0.4734 |corr:0.2133 |num_samples:1848.0000 |
2021-12-01 13:37:00,015 - /home/tongyuang/code/VER_Health_Monitoring/trains/ACN.py[line:124] - INFO: Best epoch:25, min val loss: 0.4725
2021-12-01 13:37:00,017 - /home/tongyuang/code/VER_Health_Monitoring/trains/ACN.py[line:127] - INFO: Best Model are saved at /home/tongyuang/code/VER_Health_Monitoring/results/best_models/2021-12-01-01-36-38-ACN-best.pt
2021-12-01 13:37:00,536 - /home/tongyuang/code/VER_Health_Monitoring/trains/ACN.py[line:109] - INFO: TRAINING: epoch:26, best epoch:25,loss: 0.4886
2021-12-01 13:37:00,692 - /home/tongyuang/code/VER_Health_Monitoring/trains/ACN.py[line:118] - INFO: acc_0.5:0.518346 |f1score_0.5:0.680637 |acc_0.33:0.444962 |f1score_0.33:0.598684 |acc_0.1:0.488473 |f1score_0.1:0.570435 |mae:0.486928 |corr:0.135684 |num_samples:9239.000000 |
2021-12-01 13:37:00,901 - /home/tongyuang/code/VER_Health_Monitoring/trains/ACN.py[line:174] - INFO: EVALUATING: loss: 0.4709
2021-12-01 13:37:00,928 - /home/tongyuang/code/VER_Health_Monitoring/trains/ACN.py[line:184] - INFO: acc_0.5:0.5384 |f1score_0.5:0.6994 |acc_0.33:0.4573 |f1score_0.33:0.6192 |acc_0.1:0.5157 |f1score_0.1:0.6110 |mae:0.4711 |corr:0.2263 |num_samples:1848.0000 |
2021-12-01 13:37:00,928 - /home/tongyuang/code/VER_Health_Monitoring/trains/ACN.py[line:124] - INFO: Best epoch:26, min val loss: 0.4709
2021-12-01 13:37:00,930 - /home/tongyuang/code/VER_Health_Monitoring/trains/ACN.py[line:127] - INFO: Best Model are saved at /home/tongyuang/code/VER_Health_Monitoring/results/best_models/2021-12-01-01-36-38-ACN-best.pt
2021-12-01 13:37:01,423 - /home/tongyuang/code/VER_Health_Monitoring/trains/ACN.py[line:109] - INFO: TRAINING: epoch:27, best epoch:26,loss: 0.4870
2021-12-01 13:37:01,555 - /home/tongyuang/code/VER_Health_Monitoring/trains/ACN.py[line:118] - INFO: acc_0.5:0.520078 |f1score_0.5:0.679038 |acc_0.33:0.448100 |f1score_0.33:0.593033 |acc_0.1:0.502219 |f1score_0.1:0.591984 |mae:0.486503 |corr:0.138794 |num_samples:9239.000000 |
2021-12-01 13:37:01,753 - /home/tongyuang/code/VER_Health_Monitoring/trains/ACN.py[line:174] - INFO: EVALUATING: loss: 0.4738
2021-12-01 13:37:01,781 - /home/tongyuang/code/VER_Health_Monitoring/trains/ACN.py[line:184] - INFO: acc_0.5:0.5390 |f1score_0.5:0.6993 |acc_0.33:0.4605 |f1score_0.33:0.6156 |acc_0.1:0.4378 |f1score_0.1:0.4813 |mae:0.4734 |corr:0.2075 |num_samples:1848.0000 |
2021-12-01 13:37:02,231 - /home/tongyuang/code/VER_Health_Monitoring/trains/ACN.py[line:109] - INFO: TRAINING: epoch:28, best epoch:26,loss: 0.4853
2021-12-01 13:37:02,363 - /home/tongyuang/code/VER_Health_Monitoring/trains/ACN.py[line:118] - INFO: acc_0.5:0.519753 |f1score_0.5:0.678728 |acc_0.33:0.448425 |f1score_0.33:0.595075 |acc_0.1:0.493452 |f1score_0.1:0.572866 |mae:0.486083 |corr:0.140667 |num_samples:9239.000000 |
2021-12-01 13:37:02,546 - /home/tongyuang/code/VER_Health_Monitoring/trains/ACN.py[line:174] - INFO: EVALUATING: loss: 0.4722
2021-12-01 13:37:02,583 - /home/tongyuang/code/VER_Health_Monitoring/trains/ACN.py[line:184] - INFO: acc_0.5:0.5400 |f1score_0.5:0.6988 |acc_0.33:0.4583 |f1score_0.33:0.6098 |acc_0.1:0.4113 |f1score_0.1:0.4451 |mae:0.4745 |corr:0.1950 |num_samples:1848.0000 |
2021-12-01 13:37:03,016 - /home/tongyuang/code/VER_Health_Monitoring/trains/ACN.py[line:109] - INFO: TRAINING: epoch:29, best epoch:26,loss: 0.4873
2021-12-01 13:37:03,142 - /home/tongyuang/code/VER_Health_Monitoring/trains/ACN.py[line:118] - INFO: acc_0.5:0.520294 |f1score_0.5:0.679367 |acc_0.33:0.447343 |f1score_0.33:0.596031 |acc_0.1:0.491179 |f1score_0.1:0.576417 |mae:0.487280 |corr:0.137226 |num_samples:9239.000000 |
2021-12-01 13:37:03,317 - /home/tongyuang/code/VER_Health_Monitoring/trains/ACN.py[line:174] - INFO: EVALUATING: loss: 0.4687
2021-12-01 13:37:03,354 - /home/tongyuang/code/VER_Health_Monitoring/trains/ACN.py[line:184] - INFO: acc_0.5:0.5384 |f1score_0.5:0.6994 |acc_0.33:0.4556 |f1score_0.33:0.6201 |acc_0.1:0.5065 |f1score_0.1:0.5945 |mae:0.4721 |corr:0.2248 |num_samples:1848.0000 |
2021-12-01 13:37:03,354 - /home/tongyuang/code/VER_Health_Monitoring/trains/ACN.py[line:124] - INFO: Best epoch:29, min val loss: 0.4687
2021-12-01 13:37:03,356 - /home/tongyuang/code/VER_Health_Monitoring/trains/ACN.py[line:127] - INFO: Best Model are saved at /home/tongyuang/code/VER_Health_Monitoring/results/best_models/2021-12-01-01-36-38-ACN-best.pt
2021-12-01 13:37:03,872 - /home/tongyuang/code/VER_Health_Monitoring/trains/ACN.py[line:109] - INFO: TRAINING: epoch:30, best epoch:29,loss: 0.4859
2021-12-01 13:37:04,002 - /home/tongyuang/code/VER_Health_Monitoring/trains/ACN.py[line:118] - INFO: acc_0.5:0.518887 |f1score_0.5:0.680411 |acc_0.33:0.445936 |f1score_0.33:0.596572 |acc_0.1:0.509146 |f1score_0.1:0.605354 |mae:0.486151 |corr:0.141888 |num_samples:9239.000000 |
2021-12-01 13:37:04,195 - /home/tongyuang/code/VER_Health_Monitoring/trains/ACN.py[line:174] - INFO: EVALUATING: loss: 0.4719
2021-12-01 13:37:04,230 - /home/tongyuang/code/VER_Health_Monitoring/trains/ACN.py[line:184] - INFO: acc_0.5:0.5390 |f1score_0.5:0.6993 |acc_0.33:0.4589 |f1score_0.33:0.6164 |acc_0.1:0.4551 |f1score_0.1:0.5076 |mae:0.4710 |corr:0.2234 |num_samples:1848.0000 |
2021-12-01 13:37:04,681 - /home/tongyuang/code/VER_Health_Monitoring/trains/ACN.py[line:109] - INFO: TRAINING: epoch:31, best epoch:29,loss: 0.4837
2021-12-01 13:37:04,833 - /home/tongyuang/code/VER_Health_Monitoring/trains/ACN.py[line:118] - INFO: acc_0.5:0.520078 |f1score_0.5:0.679198 |acc_0.33:0.447235 |f1score_0.33:0.596311 |acc_0.1:0.484576 |f1score_0.1:0.562398 |mae:0.485738 |corr:0.152301 |num_samples:9239.000000 |
2021-12-01 13:37:05,018 - /home/tongyuang/code/VER_Health_Monitoring/trains/ACN.py[line:174] - INFO: EVALUATING: loss: 0.4716
2021-12-01 13:37:05,048 - /home/tongyuang/code/VER_Health_Monitoring/trains/ACN.py[line:184] - INFO: acc_0.5:0.5390 |f1score_0.5:0.6993 |acc_0.33:0.4562 |f1score_0.33:0.6174 |acc_0.1:0.4854 |f1score_0.1:0.5532 |mae:0.4711 |corr:0.2281 |num_samples:1848.0000 |
2021-12-01 13:37:05,452 - /home/tongyuang/code/VER_Health_Monitoring/trains/ACN.py[line:109] - INFO: TRAINING: epoch:32, best epoch:29,loss: 0.4842
2021-12-01 13:37:05,612 - /home/tongyuang/code/VER_Health_Monitoring/trains/ACN.py[line:118] - INFO: acc_0.5:0.520619 |f1score_0.5:0.679567 |acc_0.33:0.447559 |f1score_0.33:0.595301 |acc_0.1:0.501786 |f1score_0.1:0.589838 |mae:0.485062 |corr:0.153140 |num_samples:9239.000000 |
2021-12-01 13:37:05,790 - /home/tongyuang/code/VER_Health_Monitoring/trains/ACN.py[line:174] - INFO: EVALUATING: loss: 0.4717
2021-12-01 13:37:05,835 - /home/tongyuang/code/VER_Health_Monitoring/trains/ACN.py[line:184] - INFO: acc_0.5:0.5390 |f1score_0.5:0.6993 |acc_0.33:0.4589 |f1score_0.33:0.6174 |acc_0.1:0.4827 |f1score_0.1:0.5459 |mae:0.4696 |corr:0.2496 |num_samples:1848.0000 |
2021-12-01 13:37:06,256 - /home/tongyuang/code/VER_Health_Monitoring/trains/ACN.py[line:109] - INFO: TRAINING: epoch:33, best epoch:29,loss: 0.4865
2021-12-01 13:37:06,393 - /home/tongyuang/code/VER_Health_Monitoring/trains/ACN.py[line:118] - INFO: acc_0.5:0.519861 |f1score_0.5:0.680527 |acc_0.33:0.444096 |f1score_0.33:0.595817 |acc_0.1:0.497565 |f1score_0.1:0.580601 |mae:0.486185 |corr:0.139216 |num_samples:9239.000000 |
2021-12-01 13:37:06,581 - /home/tongyuang/code/VER_Health_Monitoring/trains/ACN.py[line:174] - INFO: EVALUATING: loss: 0.4689
2021-12-01 13:37:06,617 - /home/tongyuang/code/VER_Health_Monitoring/trains/ACN.py[line:184] - INFO: acc_0.5:0.5390 |f1score_0.5:0.6993 |acc_0.33:0.4556 |f1score_0.33:0.6176 |acc_0.1:0.5298 |f1score_0.1:0.6382 |mae:0.4717 |corr:0.2289 |num_samples:1848.0000 |
2021-12-01 13:37:07,051 - /home/tongyuang/code/VER_Health_Monitoring/trains/ACN.py[line:109] - INFO: TRAINING: epoch:34, best epoch:29,loss: 0.4859
2021-12-01 13:37:07,182 - /home/tongyuang/code/VER_Health_Monitoring/trains/ACN.py[line:118] - INFO: acc_0.5:0.519645 |f1score_0.5:0.679411 |acc_0.33:0.447235 |f1score_0.33:0.597202 |acc_0.1:0.514233 |f1score_0.1:0.615336 |mae:0.485662 |corr:0.144325 |num_samples:9239.000000 |
2021-12-01 13:37:07,366 - /home/tongyuang/code/VER_Health_Monitoring/trains/ACN.py[line:174] - INFO: EVALUATING: loss: 0.4693
2021-12-01 13:37:07,394 - /home/tongyuang/code/VER_Health_Monitoring/trains/ACN.py[line:184] - INFO: acc_0.5:0.5390 |f1score_0.5:0.6993 |acc_0.33:0.4567 |f1score_0.33:0.6184 |acc_0.1:0.4784 |f1score_0.1:0.5395 |mae:0.4700 |corr:0.2498 |num_samples:1848.0000 |
2021-12-01 13:37:07,847 - /home/tongyuang/code/VER_Health_Monitoring/trains/ACN.py[line:109] - INFO: TRAINING: epoch:35, best epoch:29,loss: 0.4858
2021-12-01 13:37:07,999 - /home/tongyuang/code/VER_Health_Monitoring/trains/ACN.py[line:118] - INFO: acc_0.5:0.521160 |f1score_0.5:0.677974 |acc_0.33:0.446693 |f1score_0.33:0.591446 |acc_0.1:0.505899 |f1score_0.1:0.594557 |mae:0.485113 |corr:0.149752 |num_samples:9239.000000 |
2021-12-01 13:37:08,172 - /home/tongyuang/code/VER_Health_Monitoring/trains/ACN.py[line:174] - INFO: EVALUATING: loss: 0.4718
2021-12-01 13:37:08,211 - /home/tongyuang/code/VER_Health_Monitoring/trains/ACN.py[line:184] - INFO: acc_0.5:0.5390 |f1score_0.5:0.6993 |acc_0.33:0.4583 |f1score_0.33:0.6173 |acc_0.1:0.4356 |f1score_0.1:0.4757 |mae:0.4719 |corr:0.2393 |num_samples:1848.0000 |
2021-12-01 13:37:08,634 - /home/tongyuang/code/VER_Health_Monitoring/trains/ACN.py[line:109] - INFO: TRAINING: epoch:36, best epoch:29,loss: 0.4845
2021-12-01 13:37:08,774 - /home/tongyuang/code/VER_Health_Monitoring/trains/ACN.py[line:118] - INFO: acc_0.5:0.522784 |f1score_0.5:0.677477 |acc_0.33:0.448425 |f1score_0.33:0.593355 |acc_0.1:0.487715 |f1score_0.1:0.560560 |mae:0.484420 |corr:0.164459 |num_samples:9239.000000 |
2021-12-01 13:37:09,013 - /home/tongyuang/code/VER_Health_Monitoring/trains/ACN.py[line:174] - INFO: EVALUATING: loss: 0.4700
2021-12-01 13:37:09,040 - /home/tongyuang/code/VER_Health_Monitoring/trains/ACN.py[line:184] - INFO: acc_0.5:0.5411 |f1score_0.5:0.6959 |acc_0.33:0.4605 |f1score_0.33:0.6106 |acc_0.1:0.4648 |f1score_0.1:0.5160 |mae:0.4697 |corr:0.2342 |num_samples:1848.0000 |
2021-12-01 13:37:09,480 - /home/tongyuang/code/VER_Health_Monitoring/trains/ACN.py[line:109] - INFO: TRAINING: epoch:37, best epoch:29,loss: 0.4858
2021-12-01 13:37:09,632 - /home/tongyuang/code/VER_Health_Monitoring/trains/ACN.py[line:118] - INFO: acc_0.5:0.520294 |f1score_0.5:0.677559 |acc_0.33:0.445286 |f1score_0.33:0.594249 |acc_0.1:0.501786 |f1score_0.1:0.589122 |mae:0.486191 |corr:0.148913 |num_samples:9239.000000 |
2021-12-01 13:37:09,828 - /home/tongyuang/code/VER_Health_Monitoring/trains/ACN.py[line:174] - INFO: EVALUATING: loss: 0.4726
2021-12-01 13:37:09,857 - /home/tongyuang/code/VER_Health_Monitoring/trains/ACN.py[line:184] - INFO: acc_0.5:0.5390 |f1score_0.5:0.6993 |acc_0.33:0.4562 |f1score_0.33:0.6185 |acc_0.1:0.5022 |f1score_0.1:0.5808 |mae:0.4704 |corr:0.2541 |num_samples:1848.0000 |
2021-12-01 13:37:09,857 - /home/tongyuang/code/VER_Health_Monitoring/trains/ACN.py[line:141] - INFO: early stop triggered!
2021-12-01 13:37:09,858 - /home/tongyuang/code/VER_Health_Monitoring/trains/ACN.py[line:142] - INFO: Best Model are saved at /home/tongyuang/code/VER_Health_Monitoring/results/best_models/2021-12-01-01-36-38-ACN-best.pt
