2021-12-15 10:29:04,695 - /home/tongyuang/code/VER_Health_Monitoring/trains/trainer.py[line:89] - INFO: feature_dim:33
2021-12-15 10:29:04,695 - /home/tongyuang/code/VER_Health_Monitoring/trains/trainer.py[line:89] - INFO: channels:[16, 32, 64]
2021-12-15 10:29:04,695 - /home/tongyuang/code/VER_Health_Monitoring/trains/trainer.py[line:89] - INFO: kernel_size:3
2021-12-15 10:29:04,695 - /home/tongyuang/code/VER_Health_Monitoring/trains/trainer.py[line:89] - INFO: pooling_kernel_size:2
2021-12-15 10:29:04,695 - /home/tongyuang/code/VER_Health_Monitoring/trains/trainer.py[line:89] - INFO: output_hidden_dim:256
2021-12-15 10:29:04,695 - /home/tongyuang/code/VER_Health_Monitoring/trains/trainer.py[line:89] - INFO: dropout:0.2
2021-12-15 10:29:04,695 - /home/tongyuang/code/VER_Health_Monitoring/trains/trainer.py[line:89] - INFO: num_classes:3
2021-12-15 10:29:04,695 - /home/tongyuang/code/VER_Health_Monitoring/trains/trainer.py[line:89] - INFO: activation:tanh
2021-12-15 10:29:04,695 - /home/tongyuang/code/VER_Health_Monitoring/trains/trainer.py[line:89] - INFO: output_activation:tanh
2021-12-15 10:29:04,695 - /home/tongyuang/code/VER_Health_Monitoring/trains/trainer.py[line:89] - INFO: learning_rate:0.0001
2021-12-15 10:29:04,695 - /home/tongyuang/code/VER_Health_Monitoring/trains/trainer.py[line:89] - INFO: weight_decay:0.0001
2021-12-15 10:29:05,957 - /home/tongyuang/code/VER_Health_Monitoring/trains/trainer.py[line:139] - INFO: TRAINING: epoch:1, best epoch:0,loss: 0.7733
2021-12-15 10:29:05,997 - /home/tongyuang/code/VER_Health_Monitoring/trains/trainer.py[line:148] - INFO: acc_0.1:0.516723 |f1score_0.1:0.624655 |mae:0.774608 |corr:-0.015839 |num_samples:9239.000000 |real_neg:5077.000000 |pred_neg:8380.000000 |real_neu:1574.000000 |pred_neu:286.000000 |real_pos:2588.000000 |pred_pos:573.000000 |
2021-12-15 10:29:06,334 - /home/tongyuang/code/VER_Health_Monitoring/trains/trainer.py[line:215] - INFO: EVALUATING: loss: 0.7533
2021-12-15 10:29:06,347 - /home/tongyuang/code/VER_Health_Monitoring/trains/trainer.py[line:225] - INFO: acc_0.1:0.5373 |f1score_0.1:0.6990 |mae:0.7473 |corr:0.0820 |num_samples:1848.0000 |real_neg:993.0000 |pred_neg:1848.0000 |real_neu:330.0000 |pred_neu:0.0000 |real_pos:525.0000 |pred_pos:0.0000 |
2021-12-15 10:29:06,347 - /home/tongyuang/code/VER_Health_Monitoring/trains/trainer.py[line:154] - INFO: Best epoch:1, min val loss: 0.7533
2021-12-15 10:29:06,350 - /home/tongyuang/code/VER_Health_Monitoring/trains/trainer.py[line:157] - INFO: Best Model are saved at /home/tongyuang/code/VER_Health_Monitoring/results/best_models/2021-12-15-10-29-04-ACN-best.pt
2021-12-15 10:29:07,592 - /home/tongyuang/code/VER_Health_Monitoring/trains/trainer.py[line:139] - INFO: TRAINING: epoch:2, best epoch:1,loss: 0.7346
2021-12-15 10:29:07,640 - /home/tongyuang/code/VER_Health_Monitoring/trains/trainer.py[line:148] - INFO: acc_0.1:0.549518 |f1score_0.1:0.709276 |mae:0.734229 |corr:0.022792 |num_samples:9239.000000 |real_neg:5077.000000 |pred_neg:9239.000000 |real_neu:1574.000000 |pred_neu:0.000000 |real_pos:2588.000000 |pred_pos:0.000000 |
2021-12-15 10:29:08,022 - /home/tongyuang/code/VER_Health_Monitoring/trains/trainer.py[line:215] - INFO: EVALUATING: loss: 0.7456
2021-12-15 10:29:08,036 - /home/tongyuang/code/VER_Health_Monitoring/trains/trainer.py[line:225] - INFO: acc_0.1:0.5373 |f1score_0.1:0.6990 |mae:0.7469 |corr:0.0779 |num_samples:1848.0000 |real_neg:993.0000 |pred_neg:1848.0000 |real_neu:330.0000 |pred_neu:0.0000 |real_pos:525.0000 |pred_pos:0.0000 |
2021-12-15 10:29:08,037 - /home/tongyuang/code/VER_Health_Monitoring/trains/trainer.py[line:154] - INFO: Best epoch:2, min val loss: 0.7456
2021-12-15 10:29:08,039 - /home/tongyuang/code/VER_Health_Monitoring/trains/trainer.py[line:157] - INFO: Best Model are saved at /home/tongyuang/code/VER_Health_Monitoring/results/best_models/2021-12-15-10-29-04-ACN-best.pt
2021-12-15 10:29:09,148 - /home/tongyuang/code/VER_Health_Monitoring/trains/trainer.py[line:139] - INFO: TRAINING: epoch:3, best epoch:2,loss: 0.7330
2021-12-15 10:29:09,212 - /home/tongyuang/code/VER_Health_Monitoring/trains/trainer.py[line:148] - INFO: acc_0.1:0.549518 |f1score_0.1:0.709276 |mae:0.732352 |corr:0.033132 |num_samples:9239.000000 |real_neg:5077.000000 |pred_neg:9239.000000 |real_neu:1574.000000 |pred_neu:0.000000 |real_pos:2588.000000 |pred_pos:0.000000 |
2021-12-15 10:29:09,547 - /home/tongyuang/code/VER_Health_Monitoring/trains/trainer.py[line:215] - INFO: EVALUATING: loss: 0.7456
2021-12-15 10:29:09,560 - /home/tongyuang/code/VER_Health_Monitoring/trains/trainer.py[line:225] - INFO: acc_0.1:0.5373 |f1score_0.1:0.6990 |mae:0.7468 |corr:0.0757 |num_samples:1848.0000 |real_neg:993.0000 |pred_neg:1848.0000 |real_neu:330.0000 |pred_neu:0.0000 |real_pos:525.0000 |pred_pos:0.0000 |
2021-12-15 10:29:10,550 - /home/tongyuang/code/VER_Health_Monitoring/trains/trainer.py[line:139] - INFO: TRAINING: epoch:4, best epoch:2,loss: 0.7349
2021-12-15 10:29:10,586 - /home/tongyuang/code/VER_Health_Monitoring/trains/trainer.py[line:148] - INFO: acc_0.1:0.549518 |f1score_0.1:0.709276 |mae:0.731867 |corr:0.026225 |num_samples:9239.000000 |real_neg:5077.000000 |pred_neg:9239.000000 |real_neu:1574.000000 |pred_neu:0.000000 |real_pos:2588.000000 |pred_pos:0.000000 |
2021-12-15 10:29:10,991 - /home/tongyuang/code/VER_Health_Monitoring/trains/trainer.py[line:215] - INFO: EVALUATING: loss: 0.7449
2021-12-15 10:29:11,003 - /home/tongyuang/code/VER_Health_Monitoring/trains/trainer.py[line:225] - INFO: acc_0.1:0.5373 |f1score_0.1:0.6990 |mae:0.7468 |corr:0.0731 |num_samples:1848.0000 |real_neg:993.0000 |pred_neg:1848.0000 |real_neu:330.0000 |pred_neu:0.0000 |real_pos:525.0000 |pred_pos:0.0000 |
2021-12-15 10:29:11,004 - /home/tongyuang/code/VER_Health_Monitoring/trains/trainer.py[line:154] - INFO: Best epoch:4, min val loss: 0.7449
2021-12-15 10:29:11,006 - /home/tongyuang/code/VER_Health_Monitoring/trains/trainer.py[line:157] - INFO: Best Model are saved at /home/tongyuang/code/VER_Health_Monitoring/results/best_models/2021-12-15-10-29-04-ACN-best.pt
2021-12-15 10:29:12,195 - /home/tongyuang/code/VER_Health_Monitoring/trains/trainer.py[line:139] - INFO: TRAINING: epoch:5, best epoch:4,loss: 0.7285
2021-12-15 10:29:12,265 - /home/tongyuang/code/VER_Health_Monitoring/trains/trainer.py[line:148] - INFO: acc_0.1:0.549518 |f1score_0.1:0.709276 |mae:0.731736 |corr:0.010682 |num_samples:9239.000000 |real_neg:5077.000000 |pred_neg:9239.000000 |real_neu:1574.000000 |pred_neu:0.000000 |real_pos:2588.000000 |pred_pos:0.000000 |
2021-12-15 10:29:12,613 - /home/tongyuang/code/VER_Health_Monitoring/trains/trainer.py[line:215] - INFO: EVALUATING: loss: 0.7475
2021-12-15 10:29:12,626 - /home/tongyuang/code/VER_Health_Monitoring/trains/trainer.py[line:225] - INFO: acc_0.1:0.5373 |f1score_0.1:0.6990 |mae:0.7467 |corr:0.0680 |num_samples:1848.0000 |real_neg:993.0000 |pred_neg:1848.0000 |real_neu:330.0000 |pred_neu:0.0000 |real_pos:525.0000 |pred_pos:0.0000 |
2021-12-15 10:29:13,759 - /home/tongyuang/code/VER_Health_Monitoring/trains/trainer.py[line:139] - INFO: TRAINING: epoch:6, best epoch:4,loss: 0.7294
2021-12-15 10:29:13,825 - /home/tongyuang/code/VER_Health_Monitoring/trains/trainer.py[line:148] - INFO: acc_0.1:0.549518 |f1score_0.1:0.709276 |mae:0.731261 |corr:0.025364 |num_samples:9239.000000 |real_neg:5077.000000 |pred_neg:9239.000000 |real_neu:1574.000000 |pred_neu:0.000000 |real_pos:2588.000000 |pred_pos:0.000000 |
2021-12-15 10:29:14,189 - /home/tongyuang/code/VER_Health_Monitoring/trains/trainer.py[line:215] - INFO: EVALUATING: loss: 0.7455
2021-12-15 10:29:14,202 - /home/tongyuang/code/VER_Health_Monitoring/trains/trainer.py[line:225] - INFO: acc_0.1:0.5373 |f1score_0.1:0.6990 |mae:0.7467 |corr:0.0653 |num_samples:1848.0000 |real_neg:993.0000 |pred_neg:1848.0000 |real_neu:330.0000 |pred_neu:0.0000 |real_pos:525.0000 |pred_pos:0.0000 |
2021-12-15 10:29:15,210 - /home/tongyuang/code/VER_Health_Monitoring/trains/trainer.py[line:139] - INFO: TRAINING: epoch:7, best epoch:4,loss: 0.7317
2021-12-15 10:29:15,272 - /home/tongyuang/code/VER_Health_Monitoring/trains/trainer.py[line:148] - INFO: acc_0.1:0.549518 |f1score_0.1:0.709276 |mae:0.731113 |corr:0.024665 |num_samples:9239.000000 |real_neg:5077.000000 |pred_neg:9239.000000 |real_neu:1574.000000 |pred_neu:0.000000 |real_pos:2588.000000 |pred_pos:0.000000 |
2021-12-15 10:29:15,614 - /home/tongyuang/code/VER_Health_Monitoring/trains/trainer.py[line:215] - INFO: EVALUATING: loss: 0.7395
2021-12-15 10:29:15,628 - /home/tongyuang/code/VER_Health_Monitoring/trains/trainer.py[line:225] - INFO: acc_0.1:0.5373 |f1score_0.1:0.6990 |mae:0.7467 |corr:0.0601 |num_samples:1848.0000 |real_neg:993.0000 |pred_neg:1848.0000 |real_neu:330.0000 |pred_neu:0.0000 |real_pos:525.0000 |pred_pos:0.0000 |
2021-12-15 10:29:15,629 - /home/tongyuang/code/VER_Health_Monitoring/trains/trainer.py[line:154] - INFO: Best epoch:7, min val loss: 0.7395
2021-12-15 10:29:15,631 - /home/tongyuang/code/VER_Health_Monitoring/trains/trainer.py[line:157] - INFO: Best Model are saved at /home/tongyuang/code/VER_Health_Monitoring/results/best_models/2021-12-15-10-29-04-ACN-best.pt
2021-12-15 10:29:16,830 - /home/tongyuang/code/VER_Health_Monitoring/trains/trainer.py[line:139] - INFO: TRAINING: epoch:8, best epoch:7,loss: 0.7314
2021-12-15 10:29:16,890 - /home/tongyuang/code/VER_Health_Monitoring/trains/trainer.py[line:148] - INFO: acc_0.1:0.549518 |f1score_0.1:0.709276 |mae:0.730842 |corr:0.042673 |num_samples:9239.000000 |real_neg:5077.000000 |pred_neg:9239.000000 |real_neu:1574.000000 |pred_neu:0.000000 |real_pos:2588.000000 |pred_pos:0.000000 |
2021-12-15 10:29:17,244 - /home/tongyuang/code/VER_Health_Monitoring/trains/trainer.py[line:215] - INFO: EVALUATING: loss: 0.7535
2021-12-15 10:29:17,260 - /home/tongyuang/code/VER_Health_Monitoring/trains/trainer.py[line:225] - INFO: acc_0.1:0.5373 |f1score_0.1:0.6990 |mae:0.7467 |corr:0.0567 |num_samples:1848.0000 |real_neg:993.0000 |pred_neg:1848.0000 |real_neu:330.0000 |pred_neu:0.0000 |real_pos:525.0000 |pred_pos:0.0000 |
2021-12-15 10:29:18,287 - /home/tongyuang/code/VER_Health_Monitoring/trains/trainer.py[line:139] - INFO: TRAINING: epoch:9, best epoch:7,loss: 0.7340
2021-12-15 10:29:18,348 - /home/tongyuang/code/VER_Health_Monitoring/trains/trainer.py[line:148] - INFO: acc_0.1:0.549518 |f1score_0.1:0.709276 |mae:0.730948 |corr:0.023727 |num_samples:9239.000000 |real_neg:5077.000000 |pred_neg:9239.000000 |real_neu:1574.000000 |pred_neu:0.000000 |real_pos:2588.000000 |pred_pos:0.000000 |
2021-12-15 10:29:18,739 - /home/tongyuang/code/VER_Health_Monitoring/trains/trainer.py[line:215] - INFO: EVALUATING: loss: 0.7468
2021-12-15 10:29:18,755 - /home/tongyuang/code/VER_Health_Monitoring/trains/trainer.py[line:225] - INFO: acc_0.1:0.5373 |f1score_0.1:0.6990 |mae:0.7467 |corr:0.0522 |num_samples:1848.0000 |real_neg:993.0000 |pred_neg:1848.0000 |real_neu:330.0000 |pred_neu:0.0000 |real_pos:525.0000 |pred_pos:0.0000 |
2021-12-15 10:29:19,756 - /home/tongyuang/code/VER_Health_Monitoring/trains/trainer.py[line:139] - INFO: TRAINING: epoch:10, best epoch:7,loss: 0.7324
2021-12-15 10:29:19,788 - /home/tongyuang/code/VER_Health_Monitoring/trains/trainer.py[line:148] - INFO: acc_0.1:0.549518 |f1score_0.1:0.709276 |mae:0.730855 |corr:0.024182 |num_samples:9239.000000 |real_neg:5077.000000 |pred_neg:9239.000000 |real_neu:1574.000000 |pred_neu:0.000000 |real_pos:2588.000000 |pred_pos:0.000000 |
2021-12-15 10:29:20,093 - /home/tongyuang/code/VER_Health_Monitoring/trains/trainer.py[line:215] - INFO: EVALUATING: loss: 0.7441
2021-12-15 10:29:20,100 - /home/tongyuang/code/VER_Health_Monitoring/trains/trainer.py[line:225] - INFO: acc_0.1:0.5373 |f1score_0.1:0.6990 |mae:0.7467 |corr:0.0512 |num_samples:1848.0000 |real_neg:993.0000 |pred_neg:1848.0000 |real_neu:330.0000 |pred_neu:0.0000 |real_pos:525.0000 |pred_pos:0.0000 |
2021-12-15 10:29:21,057 - /home/tongyuang/code/VER_Health_Monitoring/trains/trainer.py[line:139] - INFO: TRAINING: epoch:11, best epoch:7,loss: 0.7325
2021-12-15 10:29:21,106 - /home/tongyuang/code/VER_Health_Monitoring/trains/trainer.py[line:148] - INFO: acc_0.1:0.549518 |f1score_0.1:0.709276 |mae:0.730886 |corr:0.020596 |num_samples:9239.000000 |real_neg:5077.000000 |pred_neg:9239.000000 |real_neu:1574.000000 |pred_neu:0.000000 |real_pos:2588.000000 |pred_pos:0.000000 |
2021-12-15 10:29:21,495 - /home/tongyuang/code/VER_Health_Monitoring/trains/trainer.py[line:215] - INFO: EVALUATING: loss: 0.7482
2021-12-15 10:29:21,507 - /home/tongyuang/code/VER_Health_Monitoring/trains/trainer.py[line:225] - INFO: acc_0.1:0.5373 |f1score_0.1:0.6990 |mae:0.7467 |corr:0.0482 |num_samples:1848.0000 |real_neg:993.0000 |pred_neg:1848.0000 |real_neu:330.0000 |pred_neu:0.0000 |real_pos:525.0000 |pred_pos:0.0000 |
2021-12-15 10:29:22,515 - /home/tongyuang/code/VER_Health_Monitoring/trains/trainer.py[line:139] - INFO: TRAINING: epoch:12, best epoch:7,loss: 0.7284
2021-12-15 10:29:22,581 - /home/tongyuang/code/VER_Health_Monitoring/trains/trainer.py[line:148] - INFO: acc_0.1:0.549518 |f1score_0.1:0.709276 |mae:0.730675 |corr:0.030789 |num_samples:9239.000000 |real_neg:5077.000000 |pred_neg:9239.000000 |real_neu:1574.000000 |pred_neu:0.000000 |real_pos:2588.000000 |pred_pos:0.000000 |
2021-12-15 10:29:22,992 - /home/tongyuang/code/VER_Health_Monitoring/trains/trainer.py[line:215] - INFO: EVALUATING: loss: 0.7421
2021-12-15 10:29:23,003 - /home/tongyuang/code/VER_Health_Monitoring/trains/trainer.py[line:225] - INFO: acc_0.1:0.5373 |f1score_0.1:0.6990 |mae:0.7467 |corr:0.0426 |num_samples:1848.0000 |real_neg:993.0000 |pred_neg:1848.0000 |real_neu:330.0000 |pred_neu:0.0000 |real_pos:525.0000 |pred_pos:0.0000 |
2021-12-15 10:29:24,108 - /home/tongyuang/code/VER_Health_Monitoring/trains/trainer.py[line:139] - INFO: TRAINING: epoch:13, best epoch:7,loss: 0.7276
2021-12-15 10:29:24,169 - /home/tongyuang/code/VER_Health_Monitoring/trains/trainer.py[line:148] - INFO: acc_0.1:0.549518 |f1score_0.1:0.709276 |mae:0.730910 |corr:0.012409 |num_samples:9239.000000 |real_neg:5077.000000 |pred_neg:9239.000000 |real_neu:1574.000000 |pred_neu:0.000000 |real_pos:2588.000000 |pred_pos:0.000000 |
2021-12-15 10:29:24,544 - /home/tongyuang/code/VER_Health_Monitoring/trains/trainer.py[line:215] - INFO: EVALUATING: loss: 0.7455
2021-12-15 10:29:24,552 - /home/tongyuang/code/VER_Health_Monitoring/trains/trainer.py[line:225] - INFO: acc_0.1:0.5373 |f1score_0.1:0.6990 |mae:0.7467 |corr:0.0440 |num_samples:1848.0000 |real_neg:993.0000 |pred_neg:1848.0000 |real_neu:330.0000 |pred_neu:0.0000 |real_pos:525.0000 |pred_pos:0.0000 |
2021-12-15 10:29:25,674 - /home/tongyuang/code/VER_Health_Monitoring/trains/trainer.py[line:139] - INFO: TRAINING: epoch:14, best epoch:7,loss: 0.7343
2021-12-15 10:29:25,706 - /home/tongyuang/code/VER_Health_Monitoring/trains/trainer.py[line:148] - INFO: acc_0.1:0.549518 |f1score_0.1:0.709276 |mae:0.730834 |corr:0.010648 |num_samples:9239.000000 |real_neg:5077.000000 |pred_neg:9239.000000 |real_neu:1574.000000 |pred_neu:0.000000 |real_pos:2588.000000 |pred_pos:0.000000 |
2021-12-15 10:29:26,028 - /home/tongyuang/code/VER_Health_Monitoring/trains/trainer.py[line:215] - INFO: EVALUATING: loss: 0.7468
2021-12-15 10:29:26,035 - /home/tongyuang/code/VER_Health_Monitoring/trains/trainer.py[line:225] - INFO: acc_0.1:0.5373 |f1score_0.1:0.6990 |mae:0.7467 |corr:0.0398 |num_samples:1848.0000 |real_neg:993.0000 |pred_neg:1848.0000 |real_neu:330.0000 |pred_neu:0.0000 |real_pos:525.0000 |pred_pos:0.0000 |
2021-12-15 10:29:27,047 - /home/tongyuang/code/VER_Health_Monitoring/trains/trainer.py[line:139] - INFO: TRAINING: epoch:15, best epoch:7,loss: 0.7293
2021-12-15 10:29:27,148 - /home/tongyuang/code/VER_Health_Monitoring/trains/trainer.py[line:148] - INFO: acc_0.1:0.549518 |f1score_0.1:0.709276 |mae:0.730691 |corr:0.029284 |num_samples:9239.000000 |real_neg:5077.000000 |pred_neg:9239.000000 |real_neu:1574.000000 |pred_neu:0.000000 |real_pos:2588.000000 |pred_pos:0.000000 |
2021-12-15 10:29:27,487 - /home/tongyuang/code/VER_Health_Monitoring/trains/trainer.py[line:215] - INFO: EVALUATING: loss: 0.7502
2021-12-15 10:29:27,494 - /home/tongyuang/code/VER_Health_Monitoring/trains/trainer.py[line:225] - INFO: acc_0.1:0.5373 |f1score_0.1:0.6990 |mae:0.7467 |corr:0.0393 |num_samples:1848.0000 |real_neg:993.0000 |pred_neg:1848.0000 |real_neu:330.0000 |pred_neu:0.0000 |real_pos:525.0000 |pred_pos:0.0000 |
2021-12-15 10:29:28,545 - /home/tongyuang/code/VER_Health_Monitoring/trains/trainer.py[line:139] - INFO: TRAINING: epoch:16, best epoch:7,loss: 0.7362
2021-12-15 10:29:28,607 - /home/tongyuang/code/VER_Health_Monitoring/trains/trainer.py[line:148] - INFO: acc_0.1:0.549518 |f1score_0.1:0.709276 |mae:0.730718 |corr:0.020275 |num_samples:9239.000000 |real_neg:5077.000000 |pred_neg:9239.000000 |real_neu:1574.000000 |pred_neu:0.000000 |real_pos:2588.000000 |pred_pos:0.000000 |
2021-12-15 10:29:29,025 - /home/tongyuang/code/VER_Health_Monitoring/trains/trainer.py[line:215] - INFO: EVALUATING: loss: 0.7421
2021-12-15 10:29:29,033 - /home/tongyuang/code/VER_Health_Monitoring/trains/trainer.py[line:225] - INFO: acc_0.1:0.5373 |f1score_0.1:0.6990 |mae:0.7467 |corr:0.0377 |num_samples:1848.0000 |real_neg:993.0000 |pred_neg:1848.0000 |real_neu:330.0000 |pred_neu:0.0000 |real_pos:525.0000 |pred_pos:0.0000 |
2021-12-15 10:29:30,178 - /home/tongyuang/code/VER_Health_Monitoring/trains/trainer.py[line:139] - INFO: TRAINING: epoch:17, best epoch:7,loss: 0.7328
2021-12-15 10:29:30,243 - /home/tongyuang/code/VER_Health_Monitoring/trains/trainer.py[line:148] - INFO: acc_0.1:0.549518 |f1score_0.1:0.709276 |mae:0.730708 |corr:0.020441 |num_samples:9239.000000 |real_neg:5077.000000 |pred_neg:9239.000000 |real_neu:1574.000000 |pred_neu:0.000000 |real_pos:2588.000000 |pred_pos:0.000000 |
2021-12-15 10:29:30,531 - /home/tongyuang/code/VER_Health_Monitoring/trains/trainer.py[line:215] - INFO: EVALUATING: loss: 0.7514
2021-12-15 10:29:30,544 - /home/tongyuang/code/VER_Health_Monitoring/trains/trainer.py[line:225] - INFO: acc_0.1:0.5373 |f1score_0.1:0.6990 |mae:0.7466 |corr:0.0351 |num_samples:1848.0000 |real_neg:993.0000 |pred_neg:1848.0000 |real_neu:330.0000 |pred_neu:0.0000 |real_pos:525.0000 |pred_pos:0.0000 |
2021-12-15 10:29:31,508 - /home/tongyuang/code/VER_Health_Monitoring/trains/trainer.py[line:139] - INFO: TRAINING: epoch:18, best epoch:7,loss: 0.7298
2021-12-15 10:29:31,551 - /home/tongyuang/code/VER_Health_Monitoring/trains/trainer.py[line:148] - INFO: acc_0.1:0.549518 |f1score_0.1:0.709249 |mae:0.730654 |corr:0.020856 |num_samples:9239.000000 |real_neg:5077.000000 |pred_neg:9238.000000 |real_neu:1574.000000 |pred_neu:1.000000 |real_pos:2588.000000 |pred_pos:0.000000 |
2021-12-15 10:29:31,928 - /home/tongyuang/code/VER_Health_Monitoring/trains/trainer.py[line:215] - INFO: EVALUATING: loss: 0.7461
2021-12-15 10:29:31,935 - /home/tongyuang/code/VER_Health_Monitoring/trains/trainer.py[line:225] - INFO: acc_0.1:0.5373 |f1score_0.1:0.6990 |mae:0.7466 |corr:0.0320 |num_samples:1848.0000 |real_neg:993.0000 |pred_neg:1848.0000 |real_neu:330.0000 |pred_neu:0.0000 |real_pos:525.0000 |pred_pos:0.0000 |
2021-12-15 10:29:32,891 - /home/tongyuang/code/VER_Health_Monitoring/trains/trainer.py[line:139] - INFO: TRAINING: epoch:19, best epoch:7,loss: 0.7321
2021-12-15 10:29:32,933 - /home/tongyuang/code/VER_Health_Monitoring/trains/trainer.py[line:148] - INFO: acc_0.1:0.549627 |f1score_0.1:0.709249 |mae:0.730512 |corr:0.018945 |num_samples:9239.000000 |real_neg:5077.000000 |pred_neg:9238.000000 |real_neu:1574.000000 |pred_neu:1.000000 |real_pos:2588.000000 |pred_pos:0.000000 |
2021-12-15 10:29:33,310 - /home/tongyuang/code/VER_Health_Monitoring/trains/trainer.py[line:215] - INFO: EVALUATING: loss: 0.7473
2021-12-15 10:29:33,318 - /home/tongyuang/code/VER_Health_Monitoring/trains/trainer.py[line:225] - INFO: acc_0.1:0.5373 |f1score_0.1:0.6990 |mae:0.7466 |corr:0.0331 |num_samples:1848.0000 |real_neg:993.0000 |pred_neg:1848.0000 |real_neu:330.0000 |pred_neu:0.0000 |real_pos:525.0000 |pred_pos:0.0000 |
2021-12-15 10:29:34,330 - /home/tongyuang/code/VER_Health_Monitoring/trains/trainer.py[line:139] - INFO: TRAINING: epoch:20, best epoch:7,loss: 0.7327
2021-12-15 10:29:34,362 - /home/tongyuang/code/VER_Health_Monitoring/trains/trainer.py[line:148] - INFO: acc_0.1:0.549410 |f1score_0.1:0.709109 |mae:0.730622 |corr:0.020264 |num_samples:9239.000000 |real_neg:5077.000000 |pred_neg:9238.000000 |real_neu:1574.000000 |pred_neu:0.000000 |real_pos:2588.000000 |pred_pos:1.000000 |
2021-12-15 10:29:34,752 - /home/tongyuang/code/VER_Health_Monitoring/trains/trainer.py[line:215] - INFO: EVALUATING: loss: 0.7526
2021-12-15 10:29:34,765 - /home/tongyuang/code/VER_Health_Monitoring/trains/trainer.py[line:225] - INFO: acc_0.1:0.5373 |f1score_0.1:0.6990 |mae:0.7464 |corr:0.0302 |num_samples:1848.0000 |real_neg:993.0000 |pred_neg:1848.0000 |real_neu:330.0000 |pred_neu:0.0000 |real_pos:525.0000 |pred_pos:0.0000 |
2021-12-15 10:29:35,799 - /home/tongyuang/code/VER_Health_Monitoring/trains/trainer.py[line:139] - INFO: TRAINING: epoch:21, best epoch:7,loss: 0.7284
2021-12-15 10:29:35,856 - /home/tongyuang/code/VER_Health_Monitoring/trains/trainer.py[line:148] - INFO: acc_0.1:0.549518 |f1score_0.1:0.708974 |mae:0.729591 |corr:0.034616 |num_samples:9239.000000 |real_neg:5077.000000 |pred_neg:9233.000000 |real_neu:1574.000000 |pred_neu:1.000000 |real_pos:2588.000000 |pred_pos:5.000000 |
2021-12-15 10:29:36,224 - /home/tongyuang/code/VER_Health_Monitoring/trains/trainer.py[line:215] - INFO: EVALUATING: loss: 0.7472
2021-12-15 10:29:36,231 - /home/tongyuang/code/VER_Health_Monitoring/trains/trainer.py[line:225] - INFO: acc_0.1:0.5379 |f1score_0.1:0.6989 |mae:0.7449 |corr:0.0363 |num_samples:1848.0000 |real_neg:993.0000 |pred_neg:1847.0000 |real_neu:330.0000 |pred_neu:1.0000 |real_pos:525.0000 |pred_pos:0.0000 |
2021-12-15 10:29:37,273 - /home/tongyuang/code/VER_Health_Monitoring/trains/trainer.py[line:139] - INFO: TRAINING: epoch:22, best epoch:7,loss: 0.7279
2021-12-15 10:29:37,307 - /home/tongyuang/code/VER_Health_Monitoring/trains/trainer.py[line:148] - INFO: acc_0.1:0.548544 |f1score_0.1:0.705639 |mae:0.730000 |corr:0.030259 |num_samples:9239.000000 |real_neg:5077.000000 |pred_neg:9197.000000 |real_neu:1574.000000 |pred_neu:15.000000 |real_pos:2588.000000 |pred_pos:27.000000 |
2021-12-15 10:29:37,685 - /home/tongyuang/code/VER_Health_Monitoring/trains/trainer.py[line:215] - INFO: EVALUATING: loss: 0.7446
2021-12-15 10:29:37,699 - /home/tongyuang/code/VER_Health_Monitoring/trains/trainer.py[line:225] - INFO: acc_0.1:0.5363 |f1score_0.1:0.6967 |mae:0.7433 |corr:0.0460 |num_samples:1848.0000 |real_neg:993.0000 |pred_neg:1841.0000 |real_neu:330.0000 |pred_neu:4.0000 |real_pos:525.0000 |pred_pos:3.0000 |
2021-12-15 10:29:38,764 - /home/tongyuang/code/VER_Health_Monitoring/trains/trainer.py[line:139] - INFO: TRAINING: epoch:23, best epoch:7,loss: 0.7254
2021-12-15 10:29:38,826 - /home/tongyuang/code/VER_Health_Monitoring/trains/trainer.py[line:148] - INFO: acc_0.1:0.549627 |f1score_0.1:0.707901 |mae:0.729126 |corr:0.033618 |num_samples:9239.000000 |real_neg:5077.000000 |pred_neg:9219.000000 |real_neu:1574.000000 |pred_neu:10.000000 |real_pos:2588.000000 |pred_pos:10.000000 |
2021-12-15 10:29:39,140 - /home/tongyuang/code/VER_Health_Monitoring/trains/trainer.py[line:215] - INFO: EVALUATING: loss: 0.7455
2021-12-15 10:29:39,147 - /home/tongyuang/code/VER_Health_Monitoring/trains/trainer.py[line:225] - INFO: acc_0.1:0.5379 |f1score_0.1:0.6965 |mae:0.7424 |corr:0.0509 |num_samples:1848.0000 |real_neg:993.0000 |pred_neg:1839.0000 |real_neu:330.0000 |pred_neu:4.0000 |real_pos:525.0000 |pred_pos:5.0000 |
2021-12-15 10:29:39,148 - /home/tongyuang/code/VER_Health_Monitoring/trains/trainer.py[line:171] - INFO: early stop triggered!
2021-12-15 10:29:39,148 - /home/tongyuang/code/VER_Health_Monitoring/trains/trainer.py[line:172] - INFO: Best Model are saved at /home/tongyuang/code/VER_Health_Monitoring/results/best_models/2021-12-15-10-29-04-ACN-best.pt
