2021-12-01 13:32:40,058 - /home/tongyuang/code/VER_Health_Monitoring/trains/ACN.py[line:109] - INFO: TRAINING: epoch:1, best epoch:0,loss: 0.5011
2021-12-01 13:32:40,193 - /home/tongyuang/code/VER_Health_Monitoring/trains/ACN.py[line:118] - INFO: acc_0.5:0.514883 |f1score_0.5:0.668462 |acc_0.33:0.432081 |f1score_0.33:0.575660 |acc_0.1:0.495616 |f1score_0.1:0.589852 |mae:0.502040 |corr:0.003305 |num_samples:9239.000000 |
2021-12-01 13:32:40,374 - /home/tongyuang/code/VER_Health_Monitoring/trains/ACN.py[line:174] - INFO: EVALUATING: loss: 0.4801
2021-12-01 13:32:40,410 - /home/tongyuang/code/VER_Health_Monitoring/trains/ACN.py[line:184] - INFO: acc_0.5:0.537879 |f1score_0.5:0.699507 |acc_0.33:0.452381 |f1score_0.33:0.622951 |acc_0.1:0.537338 |f1score_0.1:0.699050 |mae:0.480647 |corr:0.059358 |num_samples:1848.000000 |
2021-12-01 13:32:40,410 - /home/tongyuang/code/VER_Health_Monitoring/trains/ACN.py[line:124] - INFO: Best epoch:1, min val loss: 0.4801
2021-12-01 13:32:40,412 - /home/tongyuang/code/VER_Health_Monitoring/trains/ACN.py[line:127] - INFO: Best Model are saved at /home/tongyuang/code/VER_Health_Monitoring/results/best_models/2021-12-01-01-32-39-ACN-best.pt
2021-12-01 13:32:40,970 - /home/tongyuang/code/VER_Health_Monitoring/trains/ACN.py[line:109] - INFO: TRAINING: epoch:2, best epoch:1,loss: 0.4922
2021-12-01 13:32:41,096 - /home/tongyuang/code/VER_Health_Monitoring/trains/ACN.py[line:118] - INFO: acc_0.5:0.517805 |f1score_0.5:0.681180 |acc_0.33:0.437493 |f1score_0.33:0.601297 |acc_0.1:0.536205 |f1score_0.1:0.677083 |mae:0.492144 |corr:0.008247 |num_samples:9239.000000 |
2021-12-01 13:32:41,283 - /home/tongyuang/code/VER_Health_Monitoring/trains/ACN.py[line:174] - INFO: EVALUATING: loss: 0.4769
2021-12-01 13:32:41,314 - /home/tongyuang/code/VER_Health_Monitoring/trains/ACN.py[line:184] - INFO: acc_0.5:0.537879 |f1score_0.5:0.699507 |acc_0.33:0.452381 |f1score_0.33:0.622951 |acc_0.1:0.537338 |f1score_0.1:0.699050 |mae:0.479606 |corr:0.060709 |num_samples:1848.000000 |
2021-12-01 13:32:41,314 - /home/tongyuang/code/VER_Health_Monitoring/trains/ACN.py[line:124] - INFO: Best epoch:2, min val loss: 0.4769
2021-12-01 13:32:41,316 - /home/tongyuang/code/VER_Health_Monitoring/trains/ACN.py[line:127] - INFO: Best Model are saved at /home/tongyuang/code/VER_Health_Monitoring/results/best_models/2021-12-01-01-32-39-ACN-best.pt
2021-12-01 13:32:41,804 - /home/tongyuang/code/VER_Health_Monitoring/trains/ACN.py[line:109] - INFO: TRAINING: epoch:3, best epoch:2,loss: 0.4880
2021-12-01 13:32:41,928 - /home/tongyuang/code/VER_Health_Monitoring/trains/ACN.py[line:118] - INFO: acc_0.5:0.517697 |f1score_0.5:0.682214 |acc_0.33:0.436844 |f1score_0.33:0.608060 |acc_0.1:0.549518 |f1score_0.1:0.709276 |mae:0.489294 |corr:0.020533 |num_samples:9239.000000 |
2021-12-01 13:32:42,115 - /home/tongyuang/code/VER_Health_Monitoring/trains/ACN.py[line:174] - INFO: EVALUATING: loss: 0.4773
2021-12-01 13:32:42,142 - /home/tongyuang/code/VER_Health_Monitoring/trains/ACN.py[line:184] - INFO: acc_0.5:0.537879 |f1score_0.5:0.699507 |acc_0.33:0.452381 |f1score_0.33:0.622951 |acc_0.1:0.537338 |f1score_0.1:0.699050 |mae:0.479205 |corr:0.058590 |num_samples:1848.000000 |
2021-12-01 13:32:42,571 - /home/tongyuang/code/VER_Health_Monitoring/trains/ACN.py[line:109] - INFO: TRAINING: epoch:4, best epoch:2,loss: 0.4880
2021-12-01 13:32:42,716 - /home/tongyuang/code/VER_Health_Monitoring/trains/ACN.py[line:118] - INFO: acc_0.5:0.517697 |f1score_0.5:0.682214 |acc_0.33:0.436844 |f1score_0.33:0.608060 |acc_0.1:0.549518 |f1score_0.1:0.709276 |mae:0.488095 |corr:0.023498 |num_samples:9239.000000 |
2021-12-01 13:32:42,893 - /home/tongyuang/code/VER_Health_Monitoring/trains/ACN.py[line:174] - INFO: EVALUATING: loss: 0.4794
2021-12-01 13:32:42,927 - /home/tongyuang/code/VER_Health_Monitoring/trains/ACN.py[line:184] - INFO: acc_0.5:0.537879 |f1score_0.5:0.699507 |acc_0.33:0.452381 |f1score_0.33:0.622951 |acc_0.1:0.537338 |f1score_0.1:0.699050 |mae:0.479040 |corr:0.053898 |num_samples:1848.000000 |
2021-12-01 13:32:43,374 - /home/tongyuang/code/VER_Health_Monitoring/trains/ACN.py[line:109] - INFO: TRAINING: epoch:5, best epoch:2,loss: 0.4887
2021-12-01 13:32:43,502 - /home/tongyuang/code/VER_Health_Monitoring/trains/ACN.py[line:118] - INFO: acc_0.5:0.517697 |f1score_0.5:0.682214 |acc_0.33:0.436844 |f1score_0.33:0.608060 |acc_0.1:0.549518 |f1score_0.1:0.709276 |mae:0.487576 |corr:0.013063 |num_samples:9239.000000 |
2021-12-01 13:32:43,679 - /home/tongyuang/code/VER_Health_Monitoring/trains/ACN.py[line:174] - INFO: EVALUATING: loss: 0.4804
2021-12-01 13:32:43,729 - /home/tongyuang/code/VER_Health_Monitoring/trains/ACN.py[line:184] - INFO: acc_0.5:0.537879 |f1score_0.5:0.699507 |acc_0.33:0.452381 |f1score_0.33:0.622951 |acc_0.1:0.537338 |f1score_0.1:0.699050 |mae:0.478828 |corr:0.058934 |num_samples:1848.000000 |
2021-12-01 13:32:44,170 - /home/tongyuang/code/VER_Health_Monitoring/trains/ACN.py[line:109] - INFO: TRAINING: epoch:6, best epoch:2,loss: 0.4882
2021-12-01 13:32:44,297 - /home/tongyuang/code/VER_Health_Monitoring/trains/ACN.py[line:118] - INFO: acc_0.5:0.517697 |f1score_0.5:0.682214 |acc_0.33:0.436844 |f1score_0.33:0.608060 |acc_0.1:0.549518 |f1score_0.1:0.709276 |mae:0.487502 |corr:0.019624 |num_samples:9239.000000 |
2021-12-01 13:32:44,475 - /home/tongyuang/code/VER_Health_Monitoring/trains/ACN.py[line:174] - INFO: EVALUATING: loss: 0.4793
2021-12-01 13:32:44,509 - /home/tongyuang/code/VER_Health_Monitoring/trains/ACN.py[line:184] - INFO: acc_0.5:0.537879 |f1score_0.5:0.699507 |acc_0.33:0.452381 |f1score_0.33:0.622951 |acc_0.1:0.537338 |f1score_0.1:0.699050 |mae:0.479152 |corr:0.040270 |num_samples:1848.000000 |
2021-12-01 13:32:44,946 - /home/tongyuang/code/VER_Health_Monitoring/trains/ACN.py[line:109] - INFO: TRAINING: epoch:7, best epoch:2,loss: 0.4870
2021-12-01 13:32:45,073 - /home/tongyuang/code/VER_Health_Monitoring/trains/ACN.py[line:118] - INFO: acc_0.5:0.517697 |f1score_0.5:0.682214 |acc_0.33:0.436844 |f1score_0.33:0.608060 |acc_0.1:0.549518 |f1score_0.1:0.709276 |mae:0.487573 |corr:0.002213 |num_samples:9239.000000 |
2021-12-01 13:32:45,247 - /home/tongyuang/code/VER_Health_Monitoring/trains/ACN.py[line:174] - INFO: EVALUATING: loss: 0.4808
2021-12-01 13:32:45,273 - /home/tongyuang/code/VER_Health_Monitoring/trains/ACN.py[line:184] - INFO: acc_0.5:0.537879 |f1score_0.5:0.699507 |acc_0.33:0.452381 |f1score_0.33:0.622951 |acc_0.1:0.537338 |f1score_0.1:0.699050 |mae:0.478848 |corr:0.064361 |num_samples:1848.000000 |
2021-12-01 13:32:45,713 - /home/tongyuang/code/VER_Health_Monitoring/trains/ACN.py[line:109] - INFO: TRAINING: epoch:8, best epoch:2,loss: 0.4877
2021-12-01 13:32:45,842 - /home/tongyuang/code/VER_Health_Monitoring/trains/ACN.py[line:118] - INFO: acc_0.5:0.517697 |f1score_0.5:0.682214 |acc_0.33:0.436844 |f1score_0.33:0.608060 |acc_0.1:0.549518 |f1score_0.1:0.709276 |mae:0.487491 |corr:0.007985 |num_samples:9239.000000 |
2021-12-01 13:32:46,015 - /home/tongyuang/code/VER_Health_Monitoring/trains/ACN.py[line:174] - INFO: EVALUATING: loss: 0.4798
2021-12-01 13:32:46,068 - /home/tongyuang/code/VER_Health_Monitoring/trains/ACN.py[line:184] - INFO: acc_0.5:0.537879 |f1score_0.5:0.699507 |acc_0.33:0.452381 |f1score_0.33:0.622951 |acc_0.1:0.537338 |f1score_0.1:0.699050 |mae:0.478827 |corr:0.069168 |num_samples:1848.000000 |
2021-12-01 13:32:46,491 - /home/tongyuang/code/VER_Health_Monitoring/trains/ACN.py[line:109] - INFO: TRAINING: epoch:9, best epoch:2,loss: 0.4893
2021-12-01 13:32:46,618 - /home/tongyuang/code/VER_Health_Monitoring/trains/ACN.py[line:118] - INFO: acc_0.5:0.517697 |f1score_0.5:0.682214 |acc_0.33:0.436844 |f1score_0.33:0.608060 |acc_0.1:0.549518 |f1score_0.1:0.709276 |mae:0.487537 |corr:0.007514 |num_samples:9239.000000 |
2021-12-01 13:32:46,801 - /home/tongyuang/code/VER_Health_Monitoring/trains/ACN.py[line:174] - INFO: EVALUATING: loss: 0.4766
2021-12-01 13:32:46,829 - /home/tongyuang/code/VER_Health_Monitoring/trains/ACN.py[line:184] - INFO: acc_0.5:0.537879 |f1score_0.5:0.699507 |acc_0.33:0.452381 |f1score_0.33:0.622951 |acc_0.1:0.537338 |f1score_0.1:0.699050 |mae:0.478971 |corr:0.059918 |num_samples:1848.000000 |
2021-12-01 13:32:46,829 - /home/tongyuang/code/VER_Health_Monitoring/trains/ACN.py[line:124] - INFO: Best epoch:9, min val loss: 0.4766
2021-12-01 13:32:46,830 - /home/tongyuang/code/VER_Health_Monitoring/trains/ACN.py[line:127] - INFO: Best Model are saved at /home/tongyuang/code/VER_Health_Monitoring/results/best_models/2021-12-01-01-32-39-ACN-best.pt
2021-12-01 13:32:47,318 - /home/tongyuang/code/VER_Health_Monitoring/trains/ACN.py[line:109] - INFO: TRAINING: epoch:10, best epoch:9,loss: 0.4865
2021-12-01 13:32:47,444 - /home/tongyuang/code/VER_Health_Monitoring/trains/ACN.py[line:118] - INFO: acc_0.5:0.517697 |f1score_0.5:0.682214 |acc_0.33:0.436844 |f1score_0.33:0.608060 |acc_0.1:0.549518 |f1score_0.1:0.709276 |mae:0.487807 |corr:0.009401 |num_samples:9239.000000 |
2021-12-01 13:32:47,636 - /home/tongyuang/code/VER_Health_Monitoring/trains/ACN.py[line:174] - INFO: EVALUATING: loss: 0.4763
2021-12-01 13:32:47,663 - /home/tongyuang/code/VER_Health_Monitoring/trains/ACN.py[line:184] - INFO: acc_0.5:0.537879 |f1score_0.5:0.699507 |acc_0.33:0.452381 |f1score_0.33:0.622951 |acc_0.1:0.537338 |f1score_0.1:0.699050 |mae:0.478844 |corr:0.074306 |num_samples:1848.000000 |
2021-12-01 13:32:47,663 - /home/tongyuang/code/VER_Health_Monitoring/trains/ACN.py[line:124] - INFO: Best epoch:10, min val loss: 0.4763
2021-12-01 13:32:47,665 - /home/tongyuang/code/VER_Health_Monitoring/trains/ACN.py[line:127] - INFO: Best Model are saved at /home/tongyuang/code/VER_Health_Monitoring/results/best_models/2021-12-01-01-32-39-ACN-best.pt
2021-12-01 13:32:48,145 - /home/tongyuang/code/VER_Health_Monitoring/trains/ACN.py[line:109] - INFO: TRAINING: epoch:11, best epoch:10,loss: 0.4893
2021-12-01 13:32:48,281 - /home/tongyuang/code/VER_Health_Monitoring/trains/ACN.py[line:118] - INFO: acc_0.5:0.517697 |f1score_0.5:0.682214 |acc_0.33:0.436844 |f1score_0.33:0.608060 |acc_0.1:0.549518 |f1score_0.1:0.709276 |mae:0.487484 |corr:0.007012 |num_samples:9239.000000 |
2021-12-01 13:32:48,464 - /home/tongyuang/code/VER_Health_Monitoring/trains/ACN.py[line:174] - INFO: EVALUATING: loss: 0.4763
2021-12-01 13:32:48,491 - /home/tongyuang/code/VER_Health_Monitoring/trains/ACN.py[line:184] - INFO: acc_0.5:0.537879 |f1score_0.5:0.699507 |acc_0.33:0.452381 |f1score_0.33:0.622951 |acc_0.1:0.537338 |f1score_0.1:0.699050 |mae:0.478838 |corr:0.061206 |num_samples:1848.000000 |
2021-12-01 13:32:48,936 - /home/tongyuang/code/VER_Health_Monitoring/trains/ACN.py[line:109] - INFO: TRAINING: epoch:12, best epoch:10,loss: 0.4872
2021-12-01 13:32:49,061 - /home/tongyuang/code/VER_Health_Monitoring/trains/ACN.py[line:118] - INFO: acc_0.5:0.517697 |f1score_0.5:0.682214 |acc_0.33:0.436844 |f1score_0.33:0.608060 |acc_0.1:0.549518 |f1score_0.1:0.709276 |mae:0.487506 |corr:0.013988 |num_samples:9239.000000 |
2021-12-01 13:32:49,234 - /home/tongyuang/code/VER_Health_Monitoring/trains/ACN.py[line:174] - INFO: EVALUATING: loss: 0.4781
2021-12-01 13:32:49,261 - /home/tongyuang/code/VER_Health_Monitoring/trains/ACN.py[line:184] - INFO: acc_0.5:0.537879 |f1score_0.5:0.699507 |acc_0.33:0.452381 |f1score_0.33:0.622951 |acc_0.1:0.537338 |f1score_0.1:0.699050 |mae:0.479038 |corr:0.062286 |num_samples:1848.000000 |
2021-12-01 13:32:49,704 - /home/tongyuang/code/VER_Health_Monitoring/trains/ACN.py[line:109] - INFO: TRAINING: epoch:13, best epoch:10,loss: 0.4876
2021-12-01 13:32:49,830 - /home/tongyuang/code/VER_Health_Monitoring/trains/ACN.py[line:118] - INFO: acc_0.5:0.517697 |f1score_0.5:0.682214 |acc_0.33:0.436844 |f1score_0.33:0.608060 |acc_0.1:0.549518 |f1score_0.1:0.709276 |mae:0.487471 |corr:0.011729 |num_samples:9239.000000 |
2021-12-01 13:32:50,003 - /home/tongyuang/code/VER_Health_Monitoring/trains/ACN.py[line:174] - INFO: EVALUATING: loss: 0.4786
2021-12-01 13:32:50,037 - /home/tongyuang/code/VER_Health_Monitoring/trains/ACN.py[line:184] - INFO: acc_0.5:0.537879 |f1score_0.5:0.699507 |acc_0.33:0.452381 |f1score_0.33:0.622951 |acc_0.1:0.537338 |f1score_0.1:0.699050 |mae:0.478894 |corr:-0.038648 |num_samples:1848.000000 |
2021-12-01 13:32:50,440 - /home/tongyuang/code/VER_Health_Monitoring/trains/ACN.py[line:109] - INFO: TRAINING: epoch:14, best epoch:10,loss: 0.4862
2021-12-01 13:32:50,570 - /home/tongyuang/code/VER_Health_Monitoring/trains/ACN.py[line:118] - INFO: acc_0.5:0.517697 |f1score_0.5:0.682214 |acc_0.33:0.436844 |f1score_0.33:0.608060 |acc_0.1:0.549518 |f1score_0.1:0.709276 |mae:0.487460 |corr:0.017393 |num_samples:9239.000000 |
2021-12-01 13:32:50,753 - /home/tongyuang/code/VER_Health_Monitoring/trains/ACN.py[line:174] - INFO: EVALUATING: loss: 0.4753
2021-12-01 13:32:50,779 - /home/tongyuang/code/VER_Health_Monitoring/trains/ACN.py[line:184] - INFO: acc_0.5:0.537879 |f1score_0.5:0.699507 |acc_0.33:0.452381 |f1score_0.33:0.622951 |acc_0.1:0.537338 |f1score_0.1:0.699050 |mae:0.479059 |corr:0.069273 |num_samples:1848.000000 |
2021-12-01 13:32:50,779 - /home/tongyuang/code/VER_Health_Monitoring/trains/ACN.py[line:124] - INFO: Best epoch:14, min val loss: 0.4753
2021-12-01 13:32:50,781 - /home/tongyuang/code/VER_Health_Monitoring/trains/ACN.py[line:127] - INFO: Best Model are saved at /home/tongyuang/code/VER_Health_Monitoring/results/best_models/2021-12-01-01-32-39-ACN-best.pt
2021-12-01 13:32:51,267 - /home/tongyuang/code/VER_Health_Monitoring/trains/ACN.py[line:109] - INFO: TRAINING: epoch:15, best epoch:14,loss: 0.4886
2021-12-01 13:32:51,395 - /home/tongyuang/code/VER_Health_Monitoring/trains/ACN.py[line:118] - INFO: acc_0.5:0.517697 |f1score_0.5:0.682214 |acc_0.33:0.436844 |f1score_0.33:0.608060 |acc_0.1:0.549518 |f1score_0.1:0.709276 |mae:0.487621 |corr:0.021864 |num_samples:9239.000000 |
2021-12-01 13:32:51,630 - /home/tongyuang/code/VER_Health_Monitoring/trains/ACN.py[line:174] - INFO: EVALUATING: loss: 0.4823
2021-12-01 13:32:51,672 - /home/tongyuang/code/VER_Health_Monitoring/trains/ACN.py[line:184] - INFO: acc_0.5:0.537879 |f1score_0.5:0.699507 |acc_0.33:0.452381 |f1score_0.33:0.622951 |acc_0.1:0.537338 |f1score_0.1:0.699050 |mae:0.479103 |corr:0.055366 |num_samples:1848.000000 |
2021-12-01 13:32:52,118 - /home/tongyuang/code/VER_Health_Monitoring/trains/ACN.py[line:109] - INFO: TRAINING: epoch:16, best epoch:14,loss: 0.4878
2021-12-01 13:32:52,241 - /home/tongyuang/code/VER_Health_Monitoring/trains/ACN.py[line:118] - INFO: acc_0.5:0.517697 |f1score_0.5:0.682214 |acc_0.33:0.436736 |f1score_0.33:0.607890 |acc_0.1:0.549518 |f1score_0.1:0.709276 |mae:0.487560 |corr:0.018423 |num_samples:9239.000000 |
2021-12-01 13:32:52,416 - /home/tongyuang/code/VER_Health_Monitoring/trains/ACN.py[line:174] - INFO: EVALUATING: loss: 0.4786
2021-12-01 13:32:52,454 - /home/tongyuang/code/VER_Health_Monitoring/trains/ACN.py[line:184] - INFO: acc_0.5:0.537879 |f1score_0.5:0.699507 |acc_0.33:0.452381 |f1score_0.33:0.622951 |acc_0.1:0.537338 |f1score_0.1:0.699050 |mae:0.478835 |corr:0.069318 |num_samples:1848.000000 |
2021-12-01 13:32:52,895 - /home/tongyuang/code/VER_Health_Monitoring/trains/ACN.py[line:109] - INFO: TRAINING: epoch:17, best epoch:14,loss: 0.4875
2021-12-01 13:32:53,016 - /home/tongyuang/code/VER_Health_Monitoring/trains/ACN.py[line:118] - INFO: acc_0.5:0.517697 |f1score_0.5:0.682214 |acc_0.33:0.436844 |f1score_0.33:0.608060 |acc_0.1:0.549518 |f1score_0.1:0.709276 |mae:0.487586 |corr:-0.007850 |num_samples:9239.000000 |
2021-12-01 13:32:53,209 - /home/tongyuang/code/VER_Health_Monitoring/trains/ACN.py[line:174] - INFO: EVALUATING: loss: 0.4770
2021-12-01 13:32:53,235 - /home/tongyuang/code/VER_Health_Monitoring/trains/ACN.py[line:184] - INFO: acc_0.5:0.537879 |f1score_0.5:0.699507 |acc_0.33:0.452381 |f1score_0.33:0.622951 |acc_0.1:0.537338 |f1score_0.1:0.699050 |mae:0.478850 |corr:0.063569 |num_samples:1848.000000 |
2021-12-01 13:32:53,726 - /home/tongyuang/code/VER_Health_Monitoring/trains/ACN.py[line:109] - INFO: TRAINING: epoch:18, best epoch:14,loss: 0.4891
2021-12-01 13:32:53,853 - /home/tongyuang/code/VER_Health_Monitoring/trains/ACN.py[line:118] - INFO: acc_0.5:0.517697 |f1score_0.5:0.682214 |acc_0.33:0.436844 |f1score_0.33:0.608060 |acc_0.1:0.549518 |f1score_0.1:0.709276 |mae:0.487587 |corr:0.013366 |num_samples:9239.000000 |
2021-12-01 13:32:54,045 - /home/tongyuang/code/VER_Health_Monitoring/trains/ACN.py[line:174] - INFO: EVALUATING: loss: 0.4777
2021-12-01 13:32:54,072 - /home/tongyuang/code/VER_Health_Monitoring/trains/ACN.py[line:184] - INFO: acc_0.5:0.537879 |f1score_0.5:0.699507 |acc_0.33:0.452381 |f1score_0.33:0.622951 |acc_0.1:0.537338 |f1score_0.1:0.699050 |mae:0.478857 |corr:0.070722 |num_samples:1848.000000 |
2021-12-01 13:32:54,490 - /home/tongyuang/code/VER_Health_Monitoring/trains/ACN.py[line:109] - INFO: TRAINING: epoch:19, best epoch:14,loss: 0.4885
2021-12-01 13:32:54,616 - /home/tongyuang/code/VER_Health_Monitoring/trains/ACN.py[line:118] - INFO: acc_0.5:0.517697 |f1score_0.5:0.682214 |acc_0.33:0.436844 |f1score_0.33:0.608060 |acc_0.1:0.549518 |f1score_0.1:0.709276 |mae:0.487551 |corr:0.004378 |num_samples:9239.000000 |
2021-12-01 13:32:54,790 - /home/tongyuang/code/VER_Health_Monitoring/trains/ACN.py[line:174] - INFO: EVALUATING: loss: 0.4807
2021-12-01 13:32:54,822 - /home/tongyuang/code/VER_Health_Monitoring/trains/ACN.py[line:184] - INFO: acc_0.5:0.537879 |f1score_0.5:0.699507 |acc_0.33:0.452381 |f1score_0.33:0.622951 |acc_0.1:0.537338 |f1score_0.1:0.699050 |mae:0.478936 |corr:0.066799 |num_samples:1848.000000 |
2021-12-01 13:32:55,243 - /home/tongyuang/code/VER_Health_Monitoring/trains/ACN.py[line:109] - INFO: TRAINING: epoch:20, best epoch:14,loss: 0.4891
2021-12-01 13:32:55,379 - /home/tongyuang/code/VER_Health_Monitoring/trains/ACN.py[line:118] - INFO: acc_0.5:0.517697 |f1score_0.5:0.682214 |acc_0.33:0.436844 |f1score_0.33:0.608060 |acc_0.1:0.549518 |f1score_0.1:0.709276 |mae:0.487485 |corr:0.018605 |num_samples:9239.000000 |
2021-12-01 13:32:55,573 - /home/tongyuang/code/VER_Health_Monitoring/trains/ACN.py[line:174] - INFO: EVALUATING: loss: 0.4802
2021-12-01 13:32:55,600 - /home/tongyuang/code/VER_Health_Monitoring/trains/ACN.py[line:184] - INFO: acc_0.5:0.537879 |f1score_0.5:0.699507 |acc_0.33:0.452381 |f1score_0.33:0.622951 |acc_0.1:0.537338 |f1score_0.1:0.699050 |mae:0.479166 |corr:0.070045 |num_samples:1848.000000 |
2021-12-01 13:32:56,051 - /home/tongyuang/code/VER_Health_Monitoring/trains/ACN.py[line:109] - INFO: TRAINING: epoch:21, best epoch:14,loss: 0.4882
2021-12-01 13:32:56,178 - /home/tongyuang/code/VER_Health_Monitoring/trains/ACN.py[line:118] - INFO: acc_0.5:0.517697 |f1score_0.5:0.682214 |acc_0.33:0.436844 |f1score_0.33:0.608060 |acc_0.1:0.548436 |f1score_0.1:0.706681 |mae:0.487792 |corr:-0.003279 |num_samples:9239.000000 |
2021-12-01 13:32:56,367 - /home/tongyuang/code/VER_Health_Monitoring/trains/ACN.py[line:174] - INFO: EVALUATING: loss: 0.4768
2021-12-01 13:32:56,392 - /home/tongyuang/code/VER_Health_Monitoring/trains/ACN.py[line:184] - INFO: acc_0.5:0.537879 |f1score_0.5:0.699507 |acc_0.33:0.452381 |f1score_0.33:0.622951 |acc_0.1:0.537338 |f1score_0.1:0.699050 |mae:0.478822 |corr:0.068368 |num_samples:1848.000000 |
2021-12-01 13:32:56,822 - /home/tongyuang/code/VER_Health_Monitoring/trains/ACN.py[line:109] - INFO: TRAINING: epoch:22, best epoch:14,loss: 0.4878
2021-12-01 13:32:56,965 - /home/tongyuang/code/VER_Health_Monitoring/trains/ACN.py[line:118] - INFO: acc_0.5:0.517697 |f1score_0.5:0.682214 |acc_0.33:0.436844 |f1score_0.33:0.608060 |acc_0.1:0.549518 |f1score_0.1:0.709276 |mae:0.487706 |corr:-0.000234 |num_samples:9239.000000 |
2021-12-01 13:32:57,128 - /home/tongyuang/code/VER_Health_Monitoring/trains/ACN.py[line:174] - INFO: EVALUATING: loss: 0.4770
2021-12-01 13:32:57,159 - /home/tongyuang/code/VER_Health_Monitoring/trains/ACN.py[line:184] - INFO: acc_0.5:0.537879 |f1score_0.5:0.699507 |acc_0.33:0.452381 |f1score_0.33:0.622951 |acc_0.1:0.537338 |f1score_0.1:0.699050 |mae:0.478957 |corr:0.068132 |num_samples:1848.000000 |
2021-12-01 13:32:57,160 - /home/tongyuang/code/VER_Health_Monitoring/trains/ACN.py[line:141] - INFO: early stop triggered!
2021-12-01 13:32:57,160 - /home/tongyuang/code/VER_Health_Monitoring/trains/ACN.py[line:142] - INFO: Best Model are saved at /home/tongyuang/code/VER_Health_Monitoring/results/best_models/2021-12-01-01-32-39-ACN-best.pt
